Sep 25, 2013 12:09:38 AM org.apache.catalina.core.AprLifecycleListener init
INFO: The APR based Apache Tomcat Native library which allows optimal performance in production environments was not found on the java.library.path: /usr/lib/jvm/java-1.6.0-openjdk-1.6.0.0.x86_64/jre/lib/amd64/server:/usr/lib/jvm/java-1.6.0-openjdk-1.6.0.0.x86_64/jre/lib/amd64:/usr/lib/jvm/java-1.6.0-openjdk-1.6.0.0.x86_64/jre/../lib/amd64:/usr/java/packages/lib/amd64:/usr/lib64:/lib64:/lib:/usr/lib
Sep 25, 2013 12:09:38 AM org.apache.coyote.AbstractProtocol init
INFO: Initializing ProtocolHandler ["http-bio-9999"]
Sep 25, 2013 12:09:38 AM org.apache.coyote.AbstractProtocol init
INFO: Initializing ProtocolHandler ["ajp-bio-8009"]
Sep 25, 2013 12:09:38 AM org.apache.catalina.startup.Catalina load
INFO: Initialization processed in 1365 ms
Sep 25, 2013 12:09:38 AM org.apache.catalina.core.StandardService startInternal
INFO: Starting service Catalina
Sep 25, 2013 12:09:38 AM org.apache.catalina.core.StandardEngine startInternal
INFO: Starting Servlet Engine: Apache Tomcat/7.0.40
Sep 25, 2013 12:09:38 AM org.apache.catalina.startup.HostConfig deployDirectory
INFO: Deploying web application directory /home/yanghua/apache-tomcat-7.0.40/webapps/examples
Sep 25, 2013 12:09:39 AM org.apache.catalina.startup.HostConfig deployDirectory
INFO: Deploying web application directory /home/yanghua/apache-tomcat-7.0.40/webapps/host-manager
Sep 25, 2013 12:09:39 AM org.apache.catalina.startup.HostConfig deployDirectory
INFO: Deploying web application directory /home/yanghua/apache-tomcat-7.0.40/webapps/manager
Sep 25, 2013 12:09:39 AM org.apache.catalina.startup.HostConfig deployDirectory
INFO: Deploying web application directory /home/yanghua/apache-tomcat-7.0.40/webapps/ROOT
Sep 25, 2013 12:09:39 AM org.apache.catalina.startup.HostConfig deployDirectory
INFO: Deploying web application directory /home/yanghua/apache-tomcat-7.0.40/webapps/docs
Sep 25, 2013 12:09:39 AM org.apache.coyote.AbstractProtocol start
INFO: Starting ProtocolHandler ["http-bio-9999"]
Sep 25, 2013 12:09:39 AM org.apache.coyote.AbstractProtocol start
INFO: Starting ProtocolHandler ["ajp-bio-8009"]
Sep 25, 2013 12:09:39 AM org.apache.catalina.startup.Catalina start
INFO: Server startup in 1084 ms
Sep 25, 2013 12:21:19 AM org.apache.catalina.core.StandardServer await
INFO: A valid shutdown command was received via the shutdown port. Stopping the Server instance.
Sep 25, 2013 12:21:19 AM org.apache.coyote.AbstractProtocol pause
INFO: Pausing ProtocolHandler ["http-bio-9999"]
Sep 25, 2013 12:21:19 AM org.apache.coyote.AbstractProtocol pause
INFO: Pausing ProtocolHandler ["ajp-bio-8009"]
Sep 25, 2013 12:21:19 AM org.apache.catalina.core.StandardService stopInternal
INFO: Stopping service Catalina
Sep 25, 2013 12:21:20 AM org.apache.coyote.AbstractProtocol stop
INFO: Stopping ProtocolHandler ["http-bio-9999"]
Sep 25, 2013 12:21:20 AM org.apache.coyote.AbstractProtocol stop
INFO: Stopping ProtocolHandler ["ajp-bio-8009"]
Sep 25, 2013 12:21:20 AM org.apache.coyote.AbstractProtocol destroy
INFO: Destroying ProtocolHandler ["http-bio-9999"]
Sep 25, 2013 12:21:20 AM org.apache.coyote.AbstractProtocol destroy
INFO: Destroying ProtocolHandler ["ajp-bio-8009"]
Sep 25, 2013 1:05:36 AM org.apache.catalina.core.AprLifecycleListener init
INFO: The APR based Apache Tomcat Native library which allows optimal performance in production environments was not found on the java.library.path: /usr/lib/jvm/java-1.6.0-openjdk-1.6.0.0.x86_64/jre/lib/amd64/server:/usr/lib/jvm/java-1.6.0-openjdk-1.6.0.0.x86_64/jre/lib/amd64:/usr/lib/jvm/java-1.6.0-openjdk-1.6.0.0.x86_64/jre/../lib/amd64:/usr/java/packages/lib/amd64:/usr/lib64:/lib64:/lib:/usr/lib
Sep 25, 2013 1:05:36 AM org.apache.coyote.AbstractProtocol init
INFO: Initializing ProtocolHandler ["http-bio-9999"]
Sep 25, 2013 1:05:36 AM org.apache.coyote.AbstractProtocol init
INFO: Initializing ProtocolHandler ["ajp-bio-8009"]
Sep 25, 2013 1:05:36 AM org.apache.catalina.startup.Catalina load
INFO: Initialization processed in 563 ms
Sep 25, 2013 1:05:36 AM org.apache.catalina.core.StandardService startInternal
INFO: Starting service Catalina
Sep 25, 2013 1:05:36 AM org.apache.catalina.core.StandardEngine startInternal
INFO: Starting Servlet Engine: Apache Tomcat/7.0.40
Sep 25, 2013 1:05:36 AM org.apache.catalina.startup.HostConfig deployDirectory
INFO: Deploying web application directory /home/yanghua/apache-tomcat-7.0.40/webapps/examples
Sep 25, 2013 1:05:36 AM org.apache.catalina.startup.HostConfig deployDirectory
INFO: Deploying web application directory /home/yanghua/apache-tomcat-7.0.40/webapps/host-manager
Sep 25, 2013 1:05:36 AM org.apache.catalina.startup.HostConfig deployDirectory
INFO: Deploying web application directory /home/yanghua/apache-tomcat-7.0.40/webapps/manager
Sep 25, 2013 1:05:36 AM org.apache.catalina.startup.HostConfig deployDirectory
INFO: Deploying web application directory /home/yanghua/apache-tomcat-7.0.40/webapps/ROOT
Sep 25, 2013 1:05:36 AM org.apache.catalina.startup.HostConfig deployDirectory
INFO: Deploying web application directory /home/yanghua/apache-tomcat-7.0.40/webapps/docs
Sep 25, 2013 1:05:37 AM org.apache.catalina.startup.HostConfig deployDirectory
INFO: Deploying web application directory /home/yanghua/apache-tomcat-7.0.40/webapps/demo
Sep 25, 2013 1:05:37 AM org.apache.coyote.AbstractProtocol start
INFO: Starting ProtocolHandler ["http-bio-9999"]
Sep 25, 2013 1:05:37 AM org.apache.coyote.AbstractProtocol start
INFO: Starting ProtocolHandler ["ajp-bio-8009"]
Sep 25, 2013 1:05:37 AM org.apache.catalina.startup.Catalina start
INFO: Server startup in 832 ms
Sep 25, 2013 1:06:09 AM org.apache.catalina.core.StandardServer await
INFO: A valid shutdown command was received via the shutdown port. Stopping the Server instance.
Sep 25, 2013 1:06:09 AM org.apache.coyote.AbstractProtocol pause
INFO: Pausing ProtocolHandler ["http-bio-9999"]
Sep 25, 2013 1:06:09 AM org.apache.coyote.AbstractProtocol pause
INFO: Pausing ProtocolHandler ["ajp-bio-8009"]
Sep 25, 2013 1:06:09 AM org.apache.catalina.core.StandardService stopInternal
INFO: Stopping service Catalina
Sep 25, 2013 1:06:09 AM org.apache.coyote.AbstractProtocol stop
INFO: Stopping ProtocolHandler ["http-bio-9999"]
Sep 25, 2013 1:06:09 AM org.apache.coyote.AbstractProtocol stop
INFO: Stopping ProtocolHandler ["ajp-bio-8009"]
Sep 25, 2013 1:06:09 AM org.apache.coyote.AbstractProtocol destroy
INFO: Destroying ProtocolHandler ["http-bio-9999"]
Sep 25, 2013 1:06:09 AM org.apache.coyote.AbstractProtocol destroy
INFO: Destroying ProtocolHandler ["ajp-bio-8009"]
Sep 25, 2013 1:06:17 AM org.apache.catalina.core.AprLifecycleListener init
INFO: The APR based Apache Tomcat Native library which allows optimal performance in production environments was not found on the java.library.path: /usr/lib/jvm/java-1.6.0-openjdk-1.6.0.0.x86_64/jre/lib/amd64/server:/usr/lib/jvm/java-1.6.0-openjdk-1.6.0.0.x86_64/jre/lib/amd64:/usr/lib/jvm/java-1.6.0-openjdk-1.6.0.0.x86_64/jre/../lib/amd64:/usr/java/packages/lib/amd64:/usr/lib64:/lib64:/lib:/usr/lib
Sep 25, 2013 1:06:17 AM org.apache.coyote.AbstractProtocol init
INFO: Initializing ProtocolHandler ["http-bio-9999"]
Sep 25, 2013 1:06:17 AM org.apache.coyote.AbstractProtocol init
INFO: Initializing ProtocolHandler ["ajp-bio-8009"]
Sep 25, 2013 1:06:17 AM org.apache.catalina.startup.Catalina load
INFO: Initialization processed in 578 ms
Sep 25, 2013 1:06:17 AM org.apache.catalina.core.StandardService startInternal
INFO: Starting service Catalina
Sep 25, 2013 1:06:17 AM org.apache.catalina.core.StandardEngine startInternal
INFO: Starting Servlet Engine: Apache Tomcat/7.0.40
Sep 25, 2013 1:06:17 AM org.apache.catalina.startup.HostConfig deployDirectory
INFO: Deploying web application directory /home/yanghua/apache-tomcat-7.0.40/webapps/examples
Sep 25, 2013 1:06:17 AM org.apache.catalina.startup.HostConfig deployDirectory
INFO: Deploying web application directory /home/yanghua/apache-tomcat-7.0.40/webapps/host-manager
Sep 25, 2013 1:06:18 AM org.apache.catalina.startup.HostConfig deployDirectory
INFO: Deploying web application directory /home/yanghua/apache-tomcat-7.0.40/webapps/manager
Sep 25, 2013 1:06:18 AM org.apache.catalina.startup.HostConfig deployDirectory
INFO: Deploying web application directory /home/yanghua/apache-tomcat-7.0.40/webapps/ROOT
Sep 25, 2013 1:06:18 AM org.apache.catalina.startup.HostConfig deployDirectory
INFO: Deploying web application directory /home/yanghua/apache-tomcat-7.0.40/webapps/docs
Sep 25, 2013 1:06:18 AM org.apache.catalina.startup.HostConfig deployDirectory
INFO: Deploying web application directory /home/yanghua/apache-tomcat-7.0.40/webapps/demo
Sep 25, 2013 1:06:18 AM org.apache.coyote.AbstractProtocol start
INFO: Starting ProtocolHandler ["http-bio-9999"]
Sep 25, 2013 1:06:18 AM org.apache.coyote.AbstractProtocol start
INFO: Starting ProtocolHandler ["ajp-bio-8009"]
Sep 25, 2013 1:06:18 AM org.apache.catalina.startup.Catalina start
INFO: Server startup in 847 ms
