Nov 8, 2013 7:00:58 PM org.apache.catalina.startup.Catalina initDirs
SEVERE: Cannot find specified temporary folder at /home/yanghua/workspace/insurance/solr/search-cluster/temp
Nov 8, 2013 7:00:59 PM org.apache.tomcat.util.digester.Digester fatalError
SEVERE: Parse Fatal Error at line 1 column 1: Content is not allowed in prolog.
org.xml.sax.SAXParseException: Content is not allowed in prolog.
	at com.sun.org.apache.xerces.internal.util.ErrorHandlerWrapper.createSAXParseException(Unknown Source)
	at com.sun.org.apache.xerces.internal.util.ErrorHandlerWrapper.fatalError(Unknown Source)
	at com.sun.org.apache.xerces.internal.impl.XMLErrorReporter.reportError(Unknown Source)
	at com.sun.org.apache.xerces.internal.impl.XMLScanner.reportFatalError(Unknown Source)
	at com.sun.org.apache.xerces.internal.impl.XMLDocumentScannerImpl$PrologDriver.next(Unknown Source)
	at com.sun.org.apache.xerces.internal.impl.XMLDocumentScannerImpl.next(Unknown Source)
	at com.sun.org.apache.xerces.internal.impl.XMLDocumentFragmentScannerImpl.scanDocument(Unknown Source)
	at com.sun.org.apache.xerces.internal.parsers.XML11Configuration.parse(Unknown Source)
	at com.sun.org.apache.xerces.internal.parsers.XML11Configuration.parse(Unknown Source)
	at com.sun.org.apache.xerces.internal.parsers.XMLParser.parse(Unknown Source)
	at com.sun.org.apache.xerces.internal.parsers.AbstractSAXParser.parse(Unknown Source)
	at com.sun.org.apache.xerces.internal.jaxp.SAXParserImpl$JAXPSAXParser.parse(Unknown Source)
	at org.apache.tomcat.util.digester.Digester.parse(Digester.java:1537)
	at org.apache.catalina.startup.Catalina.load(Catalina.java:610)
	at org.apache.catalina.startup.Catalina.load(Catalina.java:658)
	at sun.reflect.NativeMethodAccessorImpl.invoke0(Native Method)
	at sun.reflect.NativeMethodAccessorImpl.invoke(NativeMethodAccessorImpl.java:57)
	at sun.reflect.DelegatingMethodAccessorImpl.invoke(DelegatingMethodAccessorImpl.java:43)
	at java.lang.reflect.Method.invoke(Method.java:616)
	at org.apache.catalina.startup.Bootstrap.load(Bootstrap.java:281)
	at org.apache.catalina.startup.Bootstrap.main(Bootstrap.java:455)
Nov 8, 2013 7:00:59 PM org.apache.catalina.startup.Catalina load
WARNING: Catalina.start using conf/server.xml: Content is not allowed in prolog.
Nov 8, 2013 7:00:59 PM org.apache.catalina.startup.Catalina initDirs
SEVERE: Cannot find specified temporary folder at /home/yanghua/workspace/insurance/solr/search-cluster/temp
Nov 8, 2013 7:00:59 PM org.apache.tomcat.util.digester.Digester fatalError
SEVERE: Parse Fatal Error at line 1 column 1: Content is not allowed in prolog.
org.xml.sax.SAXParseException: Content is not allowed in prolog.
	at com.sun.org.apache.xerces.internal.util.ErrorHandlerWrapper.createSAXParseException(Unknown Source)
	at com.sun.org.apache.xerces.internal.util.ErrorHandlerWrapper.fatalError(Unknown Source)
	at com.sun.org.apache.xerces.internal.impl.XMLErrorReporter.reportError(Unknown Source)
	at com.sun.org.apache.xerces.internal.impl.XMLScanner.reportFatalError(Unknown Source)
	at com.sun.org.apache.xerces.internal.impl.XMLDocumentScannerImpl$PrologDriver.next(Unknown Source)
	at com.sun.org.apache.xerces.internal.impl.XMLDocumentScannerImpl.next(Unknown Source)
	at com.sun.org.apache.xerces.internal.impl.XMLDocumentFragmentScannerImpl.scanDocument(Unknown Source)
	at com.sun.org.apache.xerces.internal.parsers.XML11Configuration.parse(Unknown Source)
	at com.sun.org.apache.xerces.internal.parsers.XML11Configuration.parse(Unknown Source)
	at com.sun.org.apache.xerces.internal.parsers.XMLParser.parse(Unknown Source)
	at com.sun.org.apache.xerces.internal.parsers.AbstractSAXParser.parse(Unknown Source)
	at com.sun.org.apache.xerces.internal.jaxp.SAXParserImpl$JAXPSAXParser.parse(Unknown Source)
	at org.apache.tomcat.util.digester.Digester.parse(Digester.java:1537)
	at org.apache.catalina.startup.Catalina.load(Catalina.java:610)
	at org.apache.catalina.startup.Catalina.start(Catalina.java:672)
	at sun.reflect.NativeMethodAccessorImpl.invoke0(Native Method)
	at sun.reflect.NativeMethodAccessorImpl.invoke(NativeMethodAccessorImpl.java:57)
	at sun.reflect.DelegatingMethodAccessorImpl.invoke(DelegatingMethodAccessorImpl.java:43)
	at java.lang.reflect.Method.invoke(Method.java:616)
	at org.apache.catalina.startup.Bootstrap.start(Bootstrap.java:322)
	at org.apache.catalina.startup.Bootstrap.main(Bootstrap.java:456)
Nov 8, 2013 7:00:59 PM org.apache.catalina.startup.Catalina load
WARNING: Catalina.start using conf/server.xml: Content is not allowed in prolog.
Nov 8, 2013 7:00:59 PM org.apache.catalina.startup.Catalina start
SEVERE: Cannot start server. Server instance is not configured.
Nov 8, 2013 7:01:35 PM org.apache.tomcat.util.digester.Digester fatalError
SEVERE: Parse Fatal Error at line 1 column 1: Content is not allowed in prolog.
org.xml.sax.SAXParseException: Content is not allowed in prolog.
	at com.sun.org.apache.xerces.internal.util.ErrorHandlerWrapper.createSAXParseException(Unknown Source)
	at com.sun.org.apache.xerces.internal.util.ErrorHandlerWrapper.fatalError(Unknown Source)
	at com.sun.org.apache.xerces.internal.impl.XMLErrorReporter.reportError(Unknown Source)
	at com.sun.org.apache.xerces.internal.impl.XMLScanner.reportFatalError(Unknown Source)
	at com.sun.org.apache.xerces.internal.impl.XMLDocumentScannerImpl$PrologDriver.next(Unknown Source)
	at com.sun.org.apache.xerces.internal.impl.XMLDocumentScannerImpl.next(Unknown Source)
	at com.sun.org.apache.xerces.internal.impl.XMLDocumentFragmentScannerImpl.scanDocument(Unknown Source)
	at com.sun.org.apache.xerces.internal.parsers.XML11Configuration.parse(Unknown Source)
	at com.sun.org.apache.xerces.internal.parsers.XML11Configuration.parse(Unknown Source)
	at com.sun.org.apache.xerces.internal.parsers.XMLParser.parse(Unknown Source)
	at com.sun.org.apache.xerces.internal.parsers.AbstractSAXParser.parse(Unknown Source)
	at com.sun.org.apache.xerces.internal.jaxp.SAXParserImpl$JAXPSAXParser.parse(Unknown Source)
	at org.apache.tomcat.util.digester.Digester.parse(Digester.java:1537)
	at org.apache.catalina.startup.Catalina.load(Catalina.java:610)
	at org.apache.catalina.startup.Catalina.load(Catalina.java:658)
	at sun.reflect.NativeMethodAccessorImpl.invoke0(Native Method)
	at sun.reflect.NativeMethodAccessorImpl.invoke(NativeMethodAccessorImpl.java:57)
	at sun.reflect.DelegatingMethodAccessorImpl.invoke(DelegatingMethodAccessorImpl.java:43)
	at java.lang.reflect.Method.invoke(Method.java:616)
	at org.apache.catalina.startup.Bootstrap.load(Bootstrap.java:281)
	at org.apache.catalina.startup.Bootstrap.main(Bootstrap.java:455)
Nov 8, 2013 7:01:36 PM org.apache.catalina.startup.Catalina load
WARNING: Catalina.start using conf/server.xml: Content is not allowed in prolog.
Nov 8, 2013 7:01:36 PM org.apache.tomcat.util.digester.Digester fatalError
SEVERE: Parse Fatal Error at line 1 column 1: Content is not allowed in prolog.
org.xml.sax.SAXParseException: Content is not allowed in prolog.
	at com.sun.org.apache.xerces.internal.util.ErrorHandlerWrapper.createSAXParseException(Unknown Source)
	at com.sun.org.apache.xerces.internal.util.ErrorHandlerWrapper.fatalError(Unknown Source)
	at com.sun.org.apache.xerces.internal.impl.XMLErrorReporter.reportError(Unknown Source)
	at com.sun.org.apache.xerces.internal.impl.XMLScanner.reportFatalError(Unknown Source)
	at com.sun.org.apache.xerces.internal.impl.XMLDocumentScannerImpl$PrologDriver.next(Unknown Source)
	at com.sun.org.apache.xerces.internal.impl.XMLDocumentScannerImpl.next(Unknown Source)
	at com.sun.org.apache.xerces.internal.impl.XMLDocumentFragmentScannerImpl.scanDocument(Unknown Source)
	at com.sun.org.apache.xerces.internal.parsers.XML11Configuration.parse(Unknown Source)
	at com.sun.org.apache.xerces.internal.parsers.XML11Configuration.parse(Unknown Source)
	at com.sun.org.apache.xerces.internal.parsers.XMLParser.parse(Unknown Source)
	at com.sun.org.apache.xerces.internal.parsers.AbstractSAXParser.parse(Unknown Source)
	at com.sun.org.apache.xerces.internal.jaxp.SAXParserImpl$JAXPSAXParser.parse(Unknown Source)
	at org.apache.tomcat.util.digester.Digester.parse(Digester.java:1537)
	at org.apache.catalina.startup.Catalina.load(Catalina.java:610)
	at org.apache.catalina.startup.Catalina.start(Catalina.java:672)
	at sun.reflect.NativeMethodAccessorImpl.invoke0(Native Method)
	at sun.reflect.NativeMethodAccessorImpl.invoke(NativeMethodAccessorImpl.java:57)
	at sun.reflect.DelegatingMethodAccessorImpl.invoke(DelegatingMethodAccessorImpl.java:43)
	at java.lang.reflect.Method.invoke(Method.java:616)
	at org.apache.catalina.startup.Bootstrap.start(Bootstrap.java:322)
	at org.apache.catalina.startup.Bootstrap.main(Bootstrap.java:456)
Nov 8, 2013 7:01:36 PM org.apache.catalina.startup.Catalina load
WARNING: Catalina.start using conf/server.xml: Content is not allowed in prolog.
Nov 8, 2013 7:01:36 PM org.apache.catalina.startup.Catalina start
SEVERE: Cannot start server. Server instance is not configured.
Nov 8, 2013 7:02:53 PM org.apache.tomcat.util.digester.Digester fatalError
SEVERE: Parse Fatal Error at line 1 column 1: Content is not allowed in prolog.
org.xml.sax.SAXParseException: Content is not allowed in prolog.
	at com.sun.org.apache.xerces.internal.util.ErrorHandlerWrapper.createSAXParseException(Unknown Source)
	at com.sun.org.apache.xerces.internal.util.ErrorHandlerWrapper.fatalError(Unknown Source)
	at com.sun.org.apache.xerces.internal.impl.XMLErrorReporter.reportError(Unknown Source)
	at com.sun.org.apache.xerces.internal.impl.XMLScanner.reportFatalError(Unknown Source)
	at com.sun.org.apache.xerces.internal.impl.XMLDocumentScannerImpl$PrologDriver.next(Unknown Source)
	at com.sun.org.apache.xerces.internal.impl.XMLDocumentScannerImpl.next(Unknown Source)
	at com.sun.org.apache.xerces.internal.impl.XMLDocumentFragmentScannerImpl.scanDocument(Unknown Source)
	at com.sun.org.apache.xerces.internal.parsers.XML11Configuration.parse(Unknown Source)
	at com.sun.org.apache.xerces.internal.parsers.XML11Configuration.parse(Unknown Source)
	at com.sun.org.apache.xerces.internal.parsers.XMLParser.parse(Unknown Source)
	at com.sun.org.apache.xerces.internal.parsers.AbstractSAXParser.parse(Unknown Source)
	at com.sun.org.apache.xerces.internal.jaxp.SAXParserImpl$JAXPSAXParser.parse(Unknown Source)
	at org.apache.tomcat.util.digester.Digester.parse(Digester.java:1537)
	at org.apache.catalina.startup.Catalina.load(Catalina.java:610)
	at org.apache.catalina.startup.Catalina.load(Catalina.java:658)
	at sun.reflect.NativeMethodAccessorImpl.invoke0(Native Method)
	at sun.reflect.NativeMethodAccessorImpl.invoke(NativeMethodAccessorImpl.java:57)
	at sun.reflect.DelegatingMethodAccessorImpl.invoke(DelegatingMethodAccessorImpl.java:43)
	at java.lang.reflect.Method.invoke(Method.java:616)
	at org.apache.catalina.startup.Bootstrap.load(Bootstrap.java:281)
	at org.apache.catalina.startup.Bootstrap.main(Bootstrap.java:455)
Nov 8, 2013 7:02:53 PM org.apache.catalina.startup.Catalina load
WARNING: Catalina.start using conf/server.xml: Content is not allowed in prolog.
Nov 8, 2013 7:02:54 PM org.apache.tomcat.util.digester.Digester fatalError
SEVERE: Parse Fatal Error at line 1 column 1: Content is not allowed in prolog.
org.xml.sax.SAXParseException: Content is not allowed in prolog.
	at com.sun.org.apache.xerces.internal.util.ErrorHandlerWrapper.createSAXParseException(Unknown Source)
	at com.sun.org.apache.xerces.internal.util.ErrorHandlerWrapper.fatalError(Unknown Source)
	at com.sun.org.apache.xerces.internal.impl.XMLErrorReporter.reportError(Unknown Source)
	at com.sun.org.apache.xerces.internal.impl.XMLScanner.reportFatalError(Unknown Source)
	at com.sun.org.apache.xerces.internal.impl.XMLDocumentScannerImpl$PrologDriver.next(Unknown Source)
	at com.sun.org.apache.xerces.internal.impl.XMLDocumentScannerImpl.next(Unknown Source)
	at com.sun.org.apache.xerces.internal.impl.XMLDocumentFragmentScannerImpl.scanDocument(Unknown Source)
	at com.sun.org.apache.xerces.internal.parsers.XML11Configuration.parse(Unknown Source)
	at com.sun.org.apache.xerces.internal.parsers.XML11Configuration.parse(Unknown Source)
	at com.sun.org.apache.xerces.internal.parsers.XMLParser.parse(Unknown Source)
	at com.sun.org.apache.xerces.internal.parsers.AbstractSAXParser.parse(Unknown Source)
	at com.sun.org.apache.xerces.internal.jaxp.SAXParserImpl$JAXPSAXParser.parse(Unknown Source)
	at org.apache.tomcat.util.digester.Digester.parse(Digester.java:1537)
	at org.apache.catalina.startup.Catalina.load(Catalina.java:610)
	at org.apache.catalina.startup.Catalina.start(Catalina.java:672)
	at sun.reflect.NativeMethodAccessorImpl.invoke0(Native Method)
	at sun.reflect.NativeMethodAccessorImpl.invoke(NativeMethodAccessorImpl.java:57)
	at sun.reflect.DelegatingMethodAccessorImpl.invoke(DelegatingMethodAccessorImpl.java:43)
	at java.lang.reflect.Method.invoke(Method.java:616)
	at org.apache.catalina.startup.Bootstrap.start(Bootstrap.java:322)
	at org.apache.catalina.startup.Bootstrap.main(Bootstrap.java:456)
Nov 8, 2013 7:02:54 PM org.apache.catalina.startup.Catalina load
WARNING: Catalina.start using conf/server.xml: Content is not allowed in prolog.
Nov 8, 2013 7:02:54 PM org.apache.catalina.startup.Catalina start
SEVERE: Cannot start server. Server instance is not configured.
Nov 8, 2013 7:05:38 PM org.apache.tomcat.util.digester.Digester fatalError
SEVERE: Parse Fatal Error at line 1 column 1: Content is not allowed in prolog.
org.xml.sax.SAXParseException: Content is not allowed in prolog.
	at com.sun.org.apache.xerces.internal.util.ErrorHandlerWrapper.createSAXParseException(Unknown Source)
	at com.sun.org.apache.xerces.internal.util.ErrorHandlerWrapper.fatalError(Unknown Source)
	at com.sun.org.apache.xerces.internal.impl.XMLErrorReporter.reportError(Unknown Source)
	at com.sun.org.apache.xerces.internal.impl.XMLScanner.reportFatalError(Unknown Source)
	at com.sun.org.apache.xerces.internal.impl.XMLDocumentScannerImpl$PrologDriver.next(Unknown Source)
	at com.sun.org.apache.xerces.internal.impl.XMLDocumentScannerImpl.next(Unknown Source)
	at com.sun.org.apache.xerces.internal.impl.XMLDocumentFragmentScannerImpl.scanDocument(Unknown Source)
	at com.sun.org.apache.xerces.internal.parsers.XML11Configuration.parse(Unknown Source)
	at com.sun.org.apache.xerces.internal.parsers.XML11Configuration.parse(Unknown Source)
	at com.sun.org.apache.xerces.internal.parsers.XMLParser.parse(Unknown Source)
	at com.sun.org.apache.xerces.internal.parsers.AbstractSAXParser.parse(Unknown Source)
	at com.sun.org.apache.xerces.internal.jaxp.SAXParserImpl$JAXPSAXParser.parse(Unknown Source)
	at org.apache.tomcat.util.digester.Digester.parse(Digester.java:1537)
	at org.apache.catalina.startup.Catalina.load(Catalina.java:610)
	at org.apache.catalina.startup.Catalina.load(Catalina.java:658)
	at sun.reflect.NativeMethodAccessorImpl.invoke0(Native Method)
	at sun.reflect.NativeMethodAccessorImpl.invoke(NativeMethodAccessorImpl.java:57)
	at sun.reflect.DelegatingMethodAccessorImpl.invoke(DelegatingMethodAccessorImpl.java:43)
	at java.lang.reflect.Method.invoke(Method.java:616)
	at org.apache.catalina.startup.Bootstrap.load(Bootstrap.java:281)
	at org.apache.catalina.startup.Bootstrap.main(Bootstrap.java:455)
Nov 8, 2013 7:05:38 PM org.apache.catalina.startup.Catalina load
WARNING: Catalina.start using conf/server.xml: Content is not allowed in prolog.
Nov 8, 2013 7:05:38 PM org.apache.tomcat.util.digester.Digester fatalError
SEVERE: Parse Fatal Error at line 1 column 1: Content is not allowed in prolog.
org.xml.sax.SAXParseException: Content is not allowed in prolog.
	at com.sun.org.apache.xerces.internal.util.ErrorHandlerWrapper.createSAXParseException(Unknown Source)
	at com.sun.org.apache.xerces.internal.util.ErrorHandlerWrapper.fatalError(Unknown Source)
	at com.sun.org.apache.xerces.internal.impl.XMLErrorReporter.reportError(Unknown Source)
	at com.sun.org.apache.xerces.internal.impl.XMLScanner.reportFatalError(Unknown Source)
	at com.sun.org.apache.xerces.internal.impl.XMLDocumentScannerImpl$PrologDriver.next(Unknown Source)
	at com.sun.org.apache.xerces.internal.impl.XMLDocumentScannerImpl.next(Unknown Source)
	at com.sun.org.apache.xerces.internal.impl.XMLDocumentFragmentScannerImpl.scanDocument(Unknown Source)
	at com.sun.org.apache.xerces.internal.parsers.XML11Configuration.parse(Unknown Source)
	at com.sun.org.apache.xerces.internal.parsers.XML11Configuration.parse(Unknown Source)
	at com.sun.org.apache.xerces.internal.parsers.XMLParser.parse(Unknown Source)
	at com.sun.org.apache.xerces.internal.parsers.AbstractSAXParser.parse(Unknown Source)
	at com.sun.org.apache.xerces.internal.jaxp.SAXParserImpl$JAXPSAXParser.parse(Unknown Source)
	at org.apache.tomcat.util.digester.Digester.parse(Digester.java:1537)
	at org.apache.catalina.startup.Catalina.load(Catalina.java:610)
	at org.apache.catalina.startup.Catalina.start(Catalina.java:672)
	at sun.reflect.NativeMethodAccessorImpl.invoke0(Native Method)
	at sun.reflect.NativeMethodAccessorImpl.invoke(NativeMethodAccessorImpl.java:57)
	at sun.reflect.DelegatingMethodAccessorImpl.invoke(DelegatingMethodAccessorImpl.java:43)
	at java.lang.reflect.Method.invoke(Method.java:616)
	at org.apache.catalina.startup.Bootstrap.start(Bootstrap.java:322)
	at org.apache.catalina.startup.Bootstrap.main(Bootstrap.java:456)
Nov 8, 2013 7:05:38 PM org.apache.catalina.startup.Catalina load
WARNING: Catalina.start using conf/server.xml: Content is not allowed in prolog.
Nov 8, 2013 7:05:38 PM org.apache.catalina.startup.Catalina start
SEVERE: Cannot start server. Server instance is not configured.
Nov 8, 2013 7:07:46 PM org.apache.tomcat.util.digester.Digester fatalError
SEVERE: Parse Fatal Error at line 1 column 1: Content is not allowed in prolog.
org.xml.sax.SAXParseException: Content is not allowed in prolog.
	at com.sun.org.apache.xerces.internal.util.ErrorHandlerWrapper.createSAXParseException(Unknown Source)
	at com.sun.org.apache.xerces.internal.util.ErrorHandlerWrapper.fatalError(Unknown Source)
	at com.sun.org.apache.xerces.internal.impl.XMLErrorReporter.reportError(Unknown Source)
	at com.sun.org.apache.xerces.internal.impl.XMLScanner.reportFatalError(Unknown Source)
	at com.sun.org.apache.xerces.internal.impl.XMLDocumentScannerImpl$PrologDriver.next(Unknown Source)
	at com.sun.org.apache.xerces.internal.impl.XMLDocumentScannerImpl.next(Unknown Source)
	at com.sun.org.apache.xerces.internal.impl.XMLDocumentFragmentScannerImpl.scanDocument(Unknown Source)
	at com.sun.org.apache.xerces.internal.parsers.XML11Configuration.parse(Unknown Source)
	at com.sun.org.apache.xerces.internal.parsers.XML11Configuration.parse(Unknown Source)
	at com.sun.org.apache.xerces.internal.parsers.XMLParser.parse(Unknown Source)
	at com.sun.org.apache.xerces.internal.parsers.AbstractSAXParser.parse(Unknown Source)
	at com.sun.org.apache.xerces.internal.jaxp.SAXParserImpl$JAXPSAXParser.parse(Unknown Source)
	at org.apache.tomcat.util.digester.Digester.parse(Digester.java:1537)
	at org.apache.catalina.startup.Catalina.load(Catalina.java:610)
	at org.apache.catalina.startup.Catalina.load(Catalina.java:658)
	at sun.reflect.NativeMethodAccessorImpl.invoke0(Native Method)
	at sun.reflect.NativeMethodAccessorImpl.invoke(NativeMethodAccessorImpl.java:57)
	at sun.reflect.DelegatingMethodAccessorImpl.invoke(DelegatingMethodAccessorImpl.java:43)
	at java.lang.reflect.Method.invoke(Method.java:616)
	at org.apache.catalina.startup.Bootstrap.load(Bootstrap.java:281)
	at org.apache.catalina.startup.Bootstrap.main(Bootstrap.java:455)
Nov 8, 2013 7:07:46 PM org.apache.catalina.startup.Catalina load
WARNING: Catalina.start using conf/server.xml: Content is not allowed in prolog.
Nov 8, 2013 7:07:46 PM org.apache.tomcat.util.digester.Digester fatalError
SEVERE: Parse Fatal Error at line 1 column 1: Content is not allowed in prolog.
org.xml.sax.SAXParseException: Content is not allowed in prolog.
	at com.sun.org.apache.xerces.internal.util.ErrorHandlerWrapper.createSAXParseException(Unknown Source)
	at com.sun.org.apache.xerces.internal.util.ErrorHandlerWrapper.fatalError(Unknown Source)
	at com.sun.org.apache.xerces.internal.impl.XMLErrorReporter.reportError(Unknown Source)
	at com.sun.org.apache.xerces.internal.impl.XMLScanner.reportFatalError(Unknown Source)
	at com.sun.org.apache.xerces.internal.impl.XMLDocumentScannerImpl$PrologDriver.next(Unknown Source)
	at com.sun.org.apache.xerces.internal.impl.XMLDocumentScannerImpl.next(Unknown Source)
	at com.sun.org.apache.xerces.internal.impl.XMLDocumentFragmentScannerImpl.scanDocument(Unknown Source)
	at com.sun.org.apache.xerces.internal.parsers.XML11Configuration.parse(Unknown Source)
	at com.sun.org.apache.xerces.internal.parsers.XML11Configuration.parse(Unknown Source)
	at com.sun.org.apache.xerces.internal.parsers.XMLParser.parse(Unknown Source)
	at com.sun.org.apache.xerces.internal.parsers.AbstractSAXParser.parse(Unknown Source)
	at com.sun.org.apache.xerces.internal.jaxp.SAXParserImpl$JAXPSAXParser.parse(Unknown Source)
	at org.apache.tomcat.util.digester.Digester.parse(Digester.java:1537)
	at org.apache.catalina.startup.Catalina.load(Catalina.java:610)
	at org.apache.catalina.startup.Catalina.start(Catalina.java:672)
	at sun.reflect.NativeMethodAccessorImpl.invoke0(Native Method)
	at sun.reflect.NativeMethodAccessorImpl.invoke(NativeMethodAccessorImpl.java:57)
	at sun.reflect.DelegatingMethodAccessorImpl.invoke(DelegatingMethodAccessorImpl.java:43)
	at java.lang.reflect.Method.invoke(Method.java:616)
	at org.apache.catalina.startup.Bootstrap.start(Bootstrap.java:322)
	at org.apache.catalina.startup.Bootstrap.main(Bootstrap.java:456)
Nov 8, 2013 7:07:47 PM org.apache.catalina.startup.Catalina load
WARNING: Catalina.start using conf/server.xml: Content is not allowed in prolog.
Nov 8, 2013 7:07:47 PM org.apache.catalina.startup.Catalina start
SEVERE: Cannot start server. Server instance is not configured.
Nov 8, 2013 7:08:53 PM org.apache.catalina.core.AprLifecycleListener init
INFO: The APR based Apache Tomcat Native library which allows optimal performance in production environments was not found on the java.library.path: /usr/lib/jvm/java-1.6.0-openjdk-1.6.0.0.x86_64/jre/lib/amd64/server:/usr/lib/jvm/java-1.6.0-openjdk-1.6.0.0.x86_64/jre/lib/amd64:/usr/lib/jvm/java-1.6.0-openjdk-1.6.0.0.x86_64/jre/../lib/amd64:/usr/java/packages/lib/amd64:/usr/lib64:/lib64:/lib:/usr/lib
Nov 8, 2013 7:08:54 PM org.apache.coyote.AbstractProtocol init
INFO: Initializing ProtocolHandler ["http-bio-9990"]
Nov 8, 2013 7:08:54 PM org.apache.coyote.AbstractProtocol init
INFO: Initializing ProtocolHandler ["ajp-bio-8009"]
Nov 8, 2013 7:08:54 PM org.apache.coyote.AbstractProtocol init
SEVERE: Failed to initialize end point associated with ProtocolHandler ["ajp-bio-8009"]
java.net.BindException: Address already in use <null>:8009
	at org.apache.tomcat.util.net.JIoEndpoint.bind(JIoEndpoint.java:406)
	at org.apache.tomcat.util.net.AbstractEndpoint.init(AbstractEndpoint.java:610)
	at org.apache.coyote.AbstractProtocol.init(AbstractProtocol.java:429)
	at org.apache.catalina.connector.Connector.initInternal(Connector.java:981)
	at org.apache.catalina.util.LifecycleBase.init(LifecycleBase.java:102)
	at org.apache.catalina.core.StandardService.initInternal(StandardService.java:559)
	at org.apache.catalina.util.LifecycleBase.init(LifecycleBase.java:102)
	at org.apache.catalina.core.StandardServer.initInternal(StandardServer.java:814)
	at org.apache.catalina.util.LifecycleBase.init(LifecycleBase.java:102)
	at org.apache.catalina.startup.Catalina.load(Catalina.java:633)
	at org.apache.catalina.startup.Catalina.load(Catalina.java:658)
	at sun.reflect.NativeMethodAccessorImpl.invoke0(Native Method)
	at sun.reflect.NativeMethodAccessorImpl.invoke(NativeMethodAccessorImpl.java:57)
	at sun.reflect.DelegatingMethodAccessorImpl.invoke(DelegatingMethodAccessorImpl.java:43)
	at java.lang.reflect.Method.invoke(Method.java:616)
	at org.apache.catalina.startup.Bootstrap.load(Bootstrap.java:281)
	at org.apache.catalina.startup.Bootstrap.main(Bootstrap.java:455)
Caused by: java.net.BindException: Address already in use
	at java.net.PlainSocketImpl.socketBind(Native Method)
	at java.net.AbstractPlainSocketImpl.bind(AbstractPlainSocketImpl.java:336)
	at java.net.ServerSocket.bind(ServerSocket.java:336)
	at java.net.ServerSocket.<init>(ServerSocket.java:202)
	at java.net.ServerSocket.<init>(ServerSocket.java:158)
	at org.apache.tomcat.util.net.DefaultServerSocketFactory.createSocket(DefaultServerSocketFactory.java:49)
	at org.apache.tomcat.util.net.JIoEndpoint.bind(JIoEndpoint.java:393)
	... 16 more
Nov 8, 2013 7:08:54 PM org.apache.catalina.core.StandardService initInternal
SEVERE: Failed to initialize connector [Connector[AJP/1.3-8009]]
org.apache.catalina.LifecycleException: Failed to initialize component [Connector[AJP/1.3-8009]]
	at org.apache.catalina.util.LifecycleBase.init(LifecycleBase.java:106)
	at org.apache.catalina.core.StandardService.initInternal(StandardService.java:559)
	at org.apache.catalina.util.LifecycleBase.init(LifecycleBase.java:102)
	at org.apache.catalina.core.StandardServer.initInternal(StandardServer.java:814)
	at org.apache.catalina.util.LifecycleBase.init(LifecycleBase.java:102)
	at org.apache.catalina.startup.Catalina.load(Catalina.java:633)
	at org.apache.catalina.startup.Catalina.load(Catalina.java:658)
	at sun.reflect.NativeMethodAccessorImpl.invoke0(Native Method)
	at sun.reflect.NativeMethodAccessorImpl.invoke(NativeMethodAccessorImpl.java:57)
	at sun.reflect.DelegatingMethodAccessorImpl.invoke(DelegatingMethodAccessorImpl.java:43)
	at java.lang.reflect.Method.invoke(Method.java:616)
	at org.apache.catalina.startup.Bootstrap.load(Bootstrap.java:281)
	at org.apache.catalina.startup.Bootstrap.main(Bootstrap.java:455)
Caused by: org.apache.catalina.LifecycleException: Protocol handler initialization failed
	at org.apache.catalina.connector.Connector.initInternal(Connector.java:983)
	at org.apache.catalina.util.LifecycleBase.init(LifecycleBase.java:102)
	... 12 more
Caused by: java.net.BindException: Address already in use <null>:8009
	at org.apache.tomcat.util.net.JIoEndpoint.bind(JIoEndpoint.java:406)
	at org.apache.tomcat.util.net.AbstractEndpoint.init(AbstractEndpoint.java:610)
	at org.apache.coyote.AbstractProtocol.init(AbstractProtocol.java:429)
	at org.apache.catalina.connector.Connector.initInternal(Connector.java:981)
	... 13 more
Caused by: java.net.BindException: Address already in use
	at java.net.PlainSocketImpl.socketBind(Native Method)
	at java.net.AbstractPlainSocketImpl.bind(AbstractPlainSocketImpl.java:336)
	at java.net.ServerSocket.bind(ServerSocket.java:336)
	at java.net.ServerSocket.<init>(ServerSocket.java:202)
	at java.net.ServerSocket.<init>(ServerSocket.java:158)
	at org.apache.tomcat.util.net.DefaultServerSocketFactory.createSocket(DefaultServerSocketFactory.java:49)
	at org.apache.tomcat.util.net.JIoEndpoint.bind(JIoEndpoint.java:393)
	... 16 more
Nov 8, 2013 7:08:54 PM org.apache.catalina.startup.Catalina load
INFO: Initialization processed in 2756 ms
Nov 8, 2013 7:08:54 PM org.apache.catalina.core.StandardService startInternal
INFO: Starting service Catalina
Nov 8, 2013 7:08:54 PM org.apache.catalina.core.StandardEngine startInternal
INFO: Starting Servlet Engine: Apache Tomcat/7.0.40
Nov 8, 2013 7:08:54 PM org.apache.catalina.startup.HostConfig deployWAR
INFO: Deploying web application archive /home/yanghua/workspace/insurance/solr/search-cluster/webapps/solr.war
Nov 8, 2013 7:08:57 PM org.apache.catalina.util.SessionIdGenerator createSecureRandom
INFO: Creation of SecureRandom instance for session ID generation using [SHA1PRNG] took [354] milliseconds.
Nov 8, 2013 7:09:00 PM org.apache.coyote.AbstractProtocol start
INFO: Starting ProtocolHandler ["http-bio-9990"]
Nov 8, 2013 7:09:00 PM org.apache.catalina.startup.Catalina start
INFO: Server startup in 6139 ms
Nov 8, 2013 7:09:00 PM org.apache.catalina.core.StandardServer await
SEVERE: StandardServer.await: create[localhost:8005]: 
java.net.BindException: Address already in use
	at java.net.PlainSocketImpl.socketBind(Native Method)
	at java.net.AbstractPlainSocketImpl.bind(AbstractPlainSocketImpl.java:336)
	at java.net.ServerSocket.bind(ServerSocket.java:336)
	at java.net.ServerSocket.<init>(ServerSocket.java:202)
	at org.apache.catalina.core.StandardServer.await(StandardServer.java:427)
	at org.apache.catalina.startup.Catalina.await(Catalina.java:766)
	at org.apache.catalina.startup.Catalina.start(Catalina.java:712)
	at sun.reflect.NativeMethodAccessorImpl.invoke0(Native Method)
	at sun.reflect.NativeMethodAccessorImpl.invoke(NativeMethodAccessorImpl.java:57)
	at sun.reflect.DelegatingMethodAccessorImpl.invoke(DelegatingMethodAccessorImpl.java:43)
	at java.lang.reflect.Method.invoke(Method.java:616)
	at org.apache.catalina.startup.Bootstrap.start(Bootstrap.java:322)
	at org.apache.catalina.startup.Bootstrap.main(Bootstrap.java:456)
Nov 8, 2013 7:09:00 PM org.apache.coyote.AbstractProtocol pause
INFO: Pausing ProtocolHandler ["http-bio-9990"]
Nov 8, 2013 7:09:00 PM org.apache.coyote.AbstractProtocol pause
INFO: Pausing ProtocolHandler ["ajp-bio-8009"]
Nov 8, 2013 7:09:00 PM org.apache.catalina.core.StandardService stopInternal
INFO: Stopping service Catalina
Nov 8, 2013 7:09:00 PM org.apache.coyote.AbstractProtocol stop
INFO: Stopping ProtocolHandler ["http-bio-9990"]
Nov 8, 2013 7:09:00 PM org.apache.coyote.AbstractProtocol destroy
INFO: Destroying ProtocolHandler ["http-bio-9990"]
Nov 8, 2013 7:09:00 PM org.apache.coyote.AbstractProtocol stop
INFO: Stopping ProtocolHandler ["ajp-bio-8009"]
Nov 8, 2013 7:09:00 PM org.apache.coyote.AbstractProtocol destroy
INFO: Destroying ProtocolHandler ["ajp-bio-8009"]
Nov 8, 2013 7:09:31 PM org.apache.catalina.core.AprLifecycleListener init
INFO: The APR based Apache Tomcat Native library which allows optimal performance in production environments was not found on the java.library.path: /usr/lib/jvm/java-1.6.0-openjdk-1.6.0.0.x86_64/jre/lib/amd64/server:/usr/lib/jvm/java-1.6.0-openjdk-1.6.0.0.x86_64/jre/lib/amd64:/usr/lib/jvm/java-1.6.0-openjdk-1.6.0.0.x86_64/jre/../lib/amd64:/usr/java/packages/lib/amd64:/usr/lib64:/lib64:/lib:/usr/lib
Nov 8, 2013 7:09:33 PM org.apache.coyote.AbstractProtocol init
INFO: Initializing ProtocolHandler ["http-bio-9990"]
Nov 8, 2013 7:09:33 PM org.apache.coyote.AbstractProtocol init
INFO: Initializing ProtocolHandler ["ajp-bio-8009"]
Nov 8, 2013 7:09:33 PM org.apache.catalina.startup.Catalina load
INFO: Initialization processed in 3601 ms
Nov 8, 2013 7:09:33 PM org.apache.catalina.core.StandardService startInternal
INFO: Starting service Catalina
Nov 8, 2013 7:09:33 PM org.apache.catalina.core.StandardEngine startInternal
INFO: Starting Servlet Engine: Apache Tomcat/7.0.40
Nov 8, 2013 7:09:33 PM org.apache.catalina.startup.HostConfig deployWAR
INFO: Deploying web application archive /home/yanghua/workspace/insurance/solr/search-cluster/webapps/solr.war
Nov 8, 2013 7:09:35 PM org.apache.coyote.AbstractProtocol start
INFO: Starting ProtocolHandler ["http-bio-9990"]
Nov 8, 2013 7:09:36 PM org.apache.coyote.AbstractProtocol start
INFO: Starting ProtocolHandler ["ajp-bio-8009"]
Nov 8, 2013 7:09:36 PM org.apache.catalina.startup.Catalina start
INFO: Server startup in 3201 ms
Nov 8, 2013 7:09:49 PM org.apache.coyote.AbstractProtocol pause
INFO: Pausing ProtocolHandler ["http-bio-9990"]
Nov 8, 2013 7:09:50 PM org.apache.coyote.AbstractProtocol pause
INFO: Pausing ProtocolHandler ["ajp-bio-8009"]
Nov 8, 2013 7:09:50 PM org.apache.catalina.core.StandardService stopInternal
INFO: Stopping service Catalina
Nov 8, 2013 7:09:50 PM org.apache.coyote.AbstractProtocol stop
INFO: Stopping ProtocolHandler ["http-bio-9990"]
Nov 8, 2013 7:09:50 PM org.apache.coyote.AbstractProtocol stop
INFO: Stopping ProtocolHandler ["ajp-bio-8009"]
Nov 8, 2013 7:09:50 PM org.apache.coyote.AbstractProtocol destroy
INFO: Destroying ProtocolHandler ["http-bio-9990"]
Nov 8, 2013 7:09:50 PM org.apache.coyote.AbstractProtocol destroy
INFO: Destroying ProtocolHandler ["ajp-bio-8009"]
Nov 8, 2013 7:11:28 PM org.apache.catalina.core.AprLifecycleListener init
INFO: The APR based Apache Tomcat Native library which allows optimal performance in production environments was not found on the java.library.path: /usr/lib/jvm/java-1.6.0-openjdk-1.6.0.0.x86_64/jre/lib/amd64/server:/usr/lib/jvm/java-1.6.0-openjdk-1.6.0.0.x86_64/jre/lib/amd64:/usr/lib/jvm/java-1.6.0-openjdk-1.6.0.0.x86_64/jre/../lib/amd64:/usr/java/packages/lib/amd64:/usr/lib64:/lib64:/lib:/usr/lib
Nov 8, 2013 7:11:28 PM org.apache.coyote.AbstractProtocol init
INFO: Initializing ProtocolHandler ["http-bio-9990"]
Nov 8, 2013 7:11:28 PM org.apache.coyote.AbstractProtocol init
INFO: Initializing ProtocolHandler ["ajp-bio-8009"]
Nov 8, 2013 7:11:28 PM org.apache.catalina.startup.Catalina load
INFO: Initialization processed in 2472 ms
Nov 8, 2013 7:11:28 PM org.apache.catalina.core.StandardService startInternal
INFO: Starting service Catalina
Nov 8, 2013 7:11:28 PM org.apache.catalina.core.StandardEngine startInternal
INFO: Starting Servlet Engine: Apache Tomcat/7.0.40
Nov 8, 2013 7:11:29 PM org.apache.catalina.startup.HostConfig deployWAR
INFO: Deploying web application archive /home/yanghua/workspace/insurance/solr/search-cluster/webapps/solr.war
Nov 8, 2013 7:11:32 PM org.apache.catalina.util.SessionIdGenerator createSecureRandom
INFO: Creation of SecureRandom instance for session ID generation using [SHA1PRNG] took [354] milliseconds.
Nov 8, 2013 7:11:35 PM org.apache.coyote.AbstractProtocol start
INFO: Starting ProtocolHandler ["http-bio-9990"]
Nov 8, 2013 7:11:35 PM org.apache.coyote.AbstractProtocol start
INFO: Starting ProtocolHandler ["ajp-bio-8009"]
Nov 8, 2013 7:11:35 PM org.apache.catalina.startup.Catalina start
INFO: Server startup in 6391 ms
Nov 8, 2013 7:12:31 PM org.apache.coyote.AbstractProtocol pause
INFO: Pausing ProtocolHandler ["http-bio-9990"]
Nov 8, 2013 7:12:31 PM org.apache.coyote.AbstractProtocol pause
INFO: Pausing ProtocolHandler ["ajp-bio-8009"]
Nov 8, 2013 7:12:31 PM org.apache.catalina.core.StandardService stopInternal
INFO: Stopping service Catalina
Nov 8, 2013 7:12:32 PM org.apache.coyote.AbstractProtocol stop
INFO: Stopping ProtocolHandler ["http-bio-9990"]
Nov 8, 2013 7:12:32 PM org.apache.coyote.AbstractProtocol stop
INFO: Stopping ProtocolHandler ["ajp-bio-8009"]
Nov 8, 2013 7:12:32 PM org.apache.coyote.AbstractProtocol destroy
INFO: Destroying ProtocolHandler ["http-bio-9990"]
Nov 8, 2013 7:12:32 PM org.apache.coyote.AbstractProtocol destroy
INFO: Destroying ProtocolHandler ["ajp-bio-8009"]
Nov 8, 2013 7:12:46 PM org.apache.catalina.core.AprLifecycleListener init
INFO: The APR based Apache Tomcat Native library which allows optimal performance in production environments was not found on the java.library.path: /usr/lib/jvm/java-1.6.0-openjdk-1.6.0.0.x86_64/jre/lib/amd64/server:/usr/lib/jvm/java-1.6.0-openjdk-1.6.0.0.x86_64/jre/lib/amd64:/usr/lib/jvm/java-1.6.0-openjdk-1.6.0.0.x86_64/jre/../lib/amd64:/usr/java/packages/lib/amd64:/usr/lib64:/lib64:/lib:/usr/lib
Nov 8, 2013 7:12:47 PM org.apache.coyote.AbstractProtocol init
INFO: Initializing ProtocolHandler ["http-bio-9990"]
Nov 8, 2013 7:12:47 PM org.apache.coyote.AbstractProtocol init
INFO: Initializing ProtocolHandler ["ajp-bio-8009"]
Nov 8, 2013 7:12:47 PM org.apache.catalina.startup.Catalina load
INFO: Initialization processed in 2885 ms
Nov 8, 2013 7:12:48 PM org.apache.catalina.core.StandardService startInternal
INFO: Starting service Catalina
Nov 8, 2013 7:12:48 PM org.apache.catalina.core.StandardEngine startInternal
INFO: Starting Servlet Engine: Apache Tomcat/7.0.40
Nov 8, 2013 7:12:48 PM org.apache.catalina.startup.HostConfig deployWAR
INFO: Deploying web application archive /home/yanghua/workspace/insurance/solr/search-cluster/webapps/solr.war
Nov 8, 2013 7:12:56 PM org.apache.coyote.AbstractProtocol start
INFO: Starting ProtocolHandler ["http-bio-9990"]
Nov 8, 2013 7:12:56 PM org.apache.coyote.AbstractProtocol start
INFO: Starting ProtocolHandler ["ajp-bio-8009"]
Nov 8, 2013 7:12:56 PM org.apache.catalina.startup.Catalina start
INFO: Server startup in 8909 ms
Nov 8, 2013 7:13:08 PM org.apache.coyote.AbstractProtocol pause
INFO: Pausing ProtocolHandler ["http-bio-9990"]
Nov 8, 2013 7:13:08 PM org.apache.coyote.AbstractProtocol pause
INFO: Pausing ProtocolHandler ["ajp-bio-8009"]
Nov 8, 2013 7:13:08 PM org.apache.catalina.core.StandardService stopInternal
INFO: Stopping service Catalina
Nov 8, 2013 7:13:08 PM org.apache.coyote.AbstractProtocol stop
INFO: Stopping ProtocolHandler ["http-bio-9990"]
Nov 8, 2013 7:13:08 PM org.apache.coyote.AbstractProtocol stop
INFO: Stopping ProtocolHandler ["ajp-bio-8009"]
Nov 8, 2013 7:13:08 PM org.apache.coyote.AbstractProtocol destroy
INFO: Destroying ProtocolHandler ["http-bio-9990"]
Nov 8, 2013 7:13:08 PM org.apache.coyote.AbstractProtocol destroy
INFO: Destroying ProtocolHandler ["ajp-bio-8009"]
Nov 8, 2013 7:14:51 PM org.apache.catalina.core.AprLifecycleListener init
INFO: The APR based Apache Tomcat Native library which allows optimal performance in production environments was not found on the java.library.path: /usr/lib/jvm/java-1.6.0-openjdk-1.6.0.0.x86_64/jre/lib/amd64/server:/usr/lib/jvm/java-1.6.0-openjdk-1.6.0.0.x86_64/jre/lib/amd64:/usr/lib/jvm/java-1.6.0-openjdk-1.6.0.0.x86_64/jre/../lib/amd64:/usr/java/packages/lib/amd64:/usr/lib64:/lib64:/lib:/usr/lib
Nov 8, 2013 7:14:51 PM org.apache.coyote.AbstractProtocol init
INFO: Initializing ProtocolHandler ["http-bio-9990"]
Nov 8, 2013 7:14:51 PM org.apache.coyote.AbstractProtocol init
INFO: Initializing ProtocolHandler ["ajp-bio-8009"]
Nov 8, 2013 7:14:51 PM org.apache.catalina.startup.Catalina load
INFO: Initialization processed in 2517 ms
Nov 8, 2013 7:14:51 PM org.apache.catalina.core.StandardService startInternal
INFO: Starting service Catalina
Nov 8, 2013 7:14:51 PM org.apache.catalina.core.StandardEngine startInternal
INFO: Starting Servlet Engine: Apache Tomcat/7.0.40
Nov 8, 2013 7:14:52 PM org.apache.catalina.startup.HostConfig deployWAR
INFO: Deploying web application archive /home/yanghua/workspace/insurance/solr/search-cluster/webapps/solr.war
Nov 8, 2013 7:14:55 PM org.apache.catalina.util.SessionIdGenerator createSecureRandom
INFO: Creation of SecureRandom instance for session ID generation using [SHA1PRNG] took [357] milliseconds.
Nov 8, 2013 7:15:02 PM com.chenlb.mmseg4j.Dictionary getInstance
INFO: try to load dir=/home/yanghua/workspace/insurance/solr/search-cluster/conf/insurance-search/insurance/dic
Nov 8, 2013 7:15:03 PM com.chenlb.mmseg4j.Dictionary loadDic
INFO: chars loaded time=656ms, line=12638, on file=file:/home/yanghua/workspace/insurance/solr/search-cluster/webapps/solr/WEB-INF/lib/mmseg4j-core-1.9.1.jar!/data/chars.dic
Nov 8, 2013 7:15:04 PM com.chenlb.mmseg4j.Dictionary loadWord
INFO: words loaded time=1090ms, line=149853, on file=file:/home/yanghua/workspace/insurance/solr/search-cluster/webapps/solr/WEB-INF/lib/mmseg4j-core-1.9.1.jar!/data/words.dic
Nov 8, 2013 7:15:04 PM com.chenlb.mmseg4j.Dictionary loadDic
INFO: load all dic use time=1748ms
Nov 8, 2013 7:15:04 PM com.chenlb.mmseg4j.Dictionary loadUnit
INFO: unit loaded time=0ms, line=22, on file=file:/home/yanghua/workspace/insurance/solr/search-cluster/webapps/solr/WEB-INF/lib/mmseg4j-core-1.9.1.jar!/data/units.dic
Nov 8, 2013 7:15:04 PM com.chenlb.mmseg4j.solr.MMSegTokenizerFactory inform
INFO: dic load... in=file:/home/yanghua/workspace/insurance/solr/search-cluster/conf/insurance-search/insurance/dic
Nov 8, 2013 7:15:04 PM com.chenlb.mmseg4j.Dictionary getInstance
INFO: try to load dir=/home/yanghua/workspace/insurance/solr/search-cluster/conf/insurance-search/insurance/dic
Nov 8, 2013 7:15:04 PM com.chenlb.mmseg4j.solr.MMSegTokenizerFactory inform
INFO: dic load... in=file:/home/yanghua/workspace/insurance/solr/search-cluster/conf/insurance-search/insurance/dic
Nov 8, 2013 7:15:04 PM com.chenlb.mmseg4j.Dictionary getInstance
INFO: try to load dir=/home/yanghua/workspace/insurance/solr/search-cluster/conf/insurance-search/insurance/words.dic
Nov 8, 2013 7:15:05 PM com.chenlb.mmseg4j.Dictionary loadDic
INFO: chars loaded time=321ms, line=12638, on file=file:/home/yanghua/workspace/insurance/solr/search-cluster/webapps/solr/WEB-INF/lib/mmseg4j-core-1.9.1.jar!/data/chars.dic
Nov 8, 2013 7:15:05 PM com.chenlb.mmseg4j.Dictionary loadWord
INFO: words loaded time=913ms, line=149853, on file=file:/home/yanghua/workspace/insurance/solr/search-cluster/webapps/solr/WEB-INF/lib/mmseg4j-core-1.9.1.jar!/data/words.dic
Nov 8, 2013 7:15:05 PM com.chenlb.mmseg4j.Dictionary loadDic
INFO: load all dic use time=1236ms
Nov 8, 2013 7:15:05 PM com.chenlb.mmseg4j.Dictionary loadUnit
INFO: unit loaded time=0ms, line=22, on file=file:/home/yanghua/workspace/insurance/solr/search-cluster/webapps/solr/WEB-INF/lib/mmseg4j-core-1.9.1.jar!/data/units.dic
Nov 8, 2013 7:15:05 PM com.chenlb.mmseg4j.solr.MMSegTokenizerFactory inform
INFO: dic load... in=file:/home/yanghua/workspace/insurance/solr/search-cluster/conf/insurance-search/insurance/words.dic
Nov 8, 2013 7:15:09 PM com.chenlb.mmseg4j.solr.MMSegTokenizerFactory newSeg
INFO: create new Seg ...
Nov 8, 2013 7:15:09 PM com.chenlb.mmseg4j.solr.MMSegTokenizerFactory newSeg
INFO: use max-word mode
Nov 8, 2013 7:15:09 PM org.apache.coyote.AbstractProtocol start
INFO: Starting ProtocolHandler ["http-bio-9990"]
Nov 8, 2013 7:15:09 PM org.apache.coyote.AbstractProtocol start
INFO: Starting ProtocolHandler ["ajp-bio-8009"]
Nov 8, 2013 7:15:09 PM org.apache.catalina.startup.Catalina start
INFO: Server startup in 18076 ms
Nov 8, 2013 7:16:13 PM com.chenlb.mmseg4j.solr.MMSegTokenizerFactory newSeg
INFO: create new Seg ...
Nov 8, 2013 7:16:13 PM com.chenlb.mmseg4j.solr.MMSegTokenizerFactory newSeg
INFO: use complex mode
Nov 8, 2013 7:16:40 PM com.chenlb.mmseg4j.solr.MMSegTokenizerFactory newSeg
INFO: create new Seg ...
Nov 8, 2013 7:16:40 PM com.chenlb.mmseg4j.solr.MMSegTokenizerFactory newSeg
INFO: use complex mode
Nov 8, 2013 7:18:35 PM org.apache.coyote.AbstractProtocol pause
INFO: Pausing ProtocolHandler ["http-bio-9990"]
Nov 8, 2013 7:18:35 PM org.apache.coyote.AbstractProtocol pause
INFO: Pausing ProtocolHandler ["ajp-bio-8009"]
Nov 8, 2013 7:18:35 PM org.apache.catalina.core.StandardService stopInternal
INFO: Stopping service Catalina
Nov 8, 2013 7:18:35 PM org.apache.catalina.loader.WebappClassLoader checkThreadLocalMapForLeaks
SEVERE: The web application [/solr] created a ThreadLocal with key of type [org.apache.solr.schema.DateField.ThreadLocalDateFormat] (value [org.apache.solr.schema.DateField$ThreadLocalDateFormat@397b6074]) and a value of type [org.apache.solr.schema.DateField.ISO8601CanonicalDateFormat] (value [org.apache.solr.schema.DateField$ISO8601CanonicalDateFormat@6b2ed43a]) but failed to remove it when the web application was stopped. Threads are going to be renewed over time to try and avoid a probable memory leak.
Nov 8, 2013 7:18:35 PM org.apache.catalina.loader.WebappClassLoader checkThreadLocalMapForLeaks
SEVERE: The web application [/solr] created a ThreadLocal with key of type [org.apache.solr.schema.DateField.ThreadLocalDateFormat] (value [org.apache.solr.schema.DateField$ThreadLocalDateFormat@397b6074]) and a value of type [org.apache.solr.schema.DateField.ISO8601CanonicalDateFormat] (value [org.apache.solr.schema.DateField$ISO8601CanonicalDateFormat@6b2ed43a]) but failed to remove it when the web application was stopped. Threads are going to be renewed over time to try and avoid a probable memory leak.
Nov 8, 2013 7:18:35 PM org.apache.catalina.loader.WebappClassLoader checkThreadLocalMapForLeaks
SEVERE: The web application [/solr] created a ThreadLocal with key of type [org.apache.solr.schema.DateField.ThreadLocalDateFormat] (value [org.apache.solr.schema.DateField$ThreadLocalDateFormat@397b6074]) and a value of type [org.apache.solr.schema.DateField.ISO8601CanonicalDateFormat] (value [org.apache.solr.schema.DateField$ISO8601CanonicalDateFormat@6b2ed43a]) but failed to remove it when the web application was stopped. Threads are going to be renewed over time to try and avoid a probable memory leak.
Nov 8, 2013 7:18:35 PM org.apache.catalina.loader.WebappClassLoader checkThreadLocalMapForLeaks
SEVERE: The web application [/solr] created a ThreadLocal with key of type [java.lang.ThreadLocal] (value [java.lang.ThreadLocal@3cbdb6ae]) and a value of type [com.chenlb.mmseg4j.analysis.MMSegTokenizer] (value [com.chenlb.mmseg4j.analysis.MMSegTokenizer@1c86a552]) but failed to remove it when the web application was stopped. Threads are going to be renewed over time to try and avoid a probable memory leak.
Nov 8, 2013 7:18:35 PM org.apache.catalina.loader.WebappClassLoader checkThreadLocalMapForLeaks
SEVERE: The web application [/solr] created a ThreadLocal with key of type [org.apache.solr.schema.DateField.ThreadLocalDateFormat] (value [org.apache.solr.schema.DateField$ThreadLocalDateFormat@397b6074]) and a value of type [org.apache.solr.schema.DateField.ISO8601CanonicalDateFormat] (value [org.apache.solr.schema.DateField$ISO8601CanonicalDateFormat@6b2ed43a]) but failed to remove it when the web application was stopped. Threads are going to be renewed over time to try and avoid a probable memory leak.
Nov 8, 2013 7:18:35 PM org.apache.catalina.loader.WebappClassLoader checkThreadLocalMapForLeaks
SEVERE: The web application [/solr] created a ThreadLocal with key of type [java.lang.ThreadLocal] (value [java.lang.ThreadLocal@3cbdb6ae]) and a value of type [com.chenlb.mmseg4j.analysis.MMSegTokenizer] (value [com.chenlb.mmseg4j.analysis.MMSegTokenizer@18cff272]) but failed to remove it when the web application was stopped. Threads are going to be renewed over time to try and avoid a probable memory leak.
Nov 8, 2013 7:18:35 PM org.apache.catalina.loader.WebappClassLoader checkThreadLocalMapForLeaks
SEVERE: The web application [/solr] created a ThreadLocal with key of type [org.apache.solr.schema.DateField.ThreadLocalDateFormat] (value [org.apache.solr.schema.DateField$ThreadLocalDateFormat@397b6074]) and a value of type [org.apache.solr.schema.DateField.ISO8601CanonicalDateFormat] (value [org.apache.solr.schema.DateField$ISO8601CanonicalDateFormat@6b2ed43a]) but failed to remove it when the web application was stopped. Threads are going to be renewed over time to try and avoid a probable memory leak.
Nov 8, 2013 7:18:35 PM org.apache.coyote.AbstractProtocol stop
INFO: Stopping ProtocolHandler ["http-bio-9990"]
Nov 8, 2013 7:18:35 PM org.apache.coyote.AbstractProtocol stop
INFO: Stopping ProtocolHandler ["ajp-bio-8009"]
Nov 8, 2013 7:18:35 PM org.apache.coyote.AbstractProtocol destroy
INFO: Destroying ProtocolHandler ["http-bio-9990"]
Nov 8, 2013 7:18:36 PM org.apache.coyote.AbstractProtocol destroy
INFO: Destroying ProtocolHandler ["ajp-bio-8009"]
Nov 8, 2013 7:21:15 PM org.apache.catalina.core.AprLifecycleListener init
INFO: The APR based Apache Tomcat Native library which allows optimal performance in production environments was not found on the java.library.path: /usr/lib/jvm/java-1.6.0-openjdk-1.6.0.0.x86_64/jre/lib/amd64/server:/usr/lib/jvm/java-1.6.0-openjdk-1.6.0.0.x86_64/jre/lib/amd64:/usr/lib/jvm/java-1.6.0-openjdk-1.6.0.0.x86_64/jre/../lib/amd64:/usr/java/packages/lib/amd64:/usr/lib64:/lib64:/lib:/usr/lib
Nov 8, 2013 7:21:16 PM org.apache.coyote.AbstractProtocol init
INFO: Initializing ProtocolHandler ["http-bio-9990"]
Nov 8, 2013 7:21:16 PM org.apache.coyote.AbstractProtocol init
INFO: Initializing ProtocolHandler ["ajp-bio-8009"]
Nov 8, 2013 7:21:16 PM org.apache.catalina.startup.Catalina load
INFO: Initialization processed in 3131 ms
Nov 8, 2013 7:21:16 PM org.apache.catalina.core.StandardService startInternal
INFO: Starting service Catalina
Nov 8, 2013 7:21:16 PM org.apache.catalina.core.StandardEngine startInternal
INFO: Starting Servlet Engine: Apache Tomcat/7.0.40
Nov 8, 2013 7:21:16 PM org.apache.catalina.startup.HostConfig deployWAR
INFO: Deploying web application archive /home/yanghua/workspace/insurance/solr/search-cluster/webapps/solr.war
Nov 8, 2013 7:21:25 PM com.chenlb.mmseg4j.Dictionary getInstance
INFO: try to load dir=/home/yanghua/workspace/insurance/solr/search-cluster/conf/insurance-search/insurance/dic
Nov 8, 2013 7:21:26 PM com.chenlb.mmseg4j.Dictionary loadDic
INFO: chars loaded time=965ms, line=12638, on file=file:/home/yanghua/workspace/insurance/solr/search-cluster/webapps/solr/WEB-INF/lib/mmseg4j-core-1.9.1.jar!/data/chars.dic
Nov 8, 2013 7:21:27 PM com.chenlb.mmseg4j.Dictionary loadWord
INFO: words loaded time=1104ms, line=149853, on file=file:/home/yanghua/workspace/insurance/solr/search-cluster/webapps/solr/WEB-INF/lib/mmseg4j-core-1.9.1.jar!/data/words.dic
Nov 8, 2013 7:21:27 PM com.chenlb.mmseg4j.Dictionary loadDic
INFO: load all dic use time=2193ms
Nov 8, 2013 7:21:27 PM com.chenlb.mmseg4j.Dictionary loadUnit
INFO: unit loaded time=0ms, line=22, on file=file:/home/yanghua/workspace/insurance/solr/search-cluster/webapps/solr/WEB-INF/lib/mmseg4j-core-1.9.1.jar!/data/units.dic
Nov 8, 2013 7:21:27 PM com.chenlb.mmseg4j.solr.MMSegTokenizerFactory inform
INFO: dic load... in=file:/home/yanghua/workspace/insurance/solr/search-cluster/conf/insurance-search/insurance/dic
Nov 8, 2013 7:21:27 PM com.chenlb.mmseg4j.Dictionary getInstance
INFO: try to load dir=/home/yanghua/workspace/insurance/solr/search-cluster/conf/insurance-search/insurance/dic
Nov 8, 2013 7:21:27 PM com.chenlb.mmseg4j.solr.MMSegTokenizerFactory inform
INFO: dic load... in=file:/home/yanghua/workspace/insurance/solr/search-cluster/conf/insurance-search/insurance/dic
Nov 8, 2013 7:21:27 PM com.chenlb.mmseg4j.Dictionary getInstance
INFO: try to load dir=/home/yanghua/workspace/insurance/solr/search-cluster/conf/insurance-search/insurance/words.dic
Nov 8, 2013 7:21:27 PM com.chenlb.mmseg4j.Dictionary loadDic
INFO: chars loaded time=16ms, line=12638, on file=file:/home/yanghua/workspace/insurance/solr/search-cluster/webapps/solr/WEB-INF/lib/mmseg4j-core-1.9.1.jar!/data/chars.dic
Nov 8, 2013 7:21:28 PM com.chenlb.mmseg4j.Dictionary loadWord
INFO: words loaded time=635ms, line=149853, on file=file:/home/yanghua/workspace/insurance/solr/search-cluster/webapps/solr/WEB-INF/lib/mmseg4j-core-1.9.1.jar!/data/words.dic
Nov 8, 2013 7:21:28 PM com.chenlb.mmseg4j.Dictionary loadDic
INFO: load all dic use time=653ms
Nov 8, 2013 7:21:28 PM com.chenlb.mmseg4j.Dictionary loadUnit
INFO: unit loaded time=0ms, line=22, on file=file:/home/yanghua/workspace/insurance/solr/search-cluster/webapps/solr/WEB-INF/lib/mmseg4j-core-1.9.1.jar!/data/units.dic
Nov 8, 2013 7:21:28 PM com.chenlb.mmseg4j.solr.MMSegTokenizerFactory inform
INFO: dic load... in=file:/home/yanghua/workspace/insurance/solr/search-cluster/conf/insurance-search/insurance/words.dic
Nov 8, 2013 7:21:30 PM com.chenlb.mmseg4j.solr.MMSegTokenizerFactory newSeg
INFO: create new Seg ...
Nov 8, 2013 7:21:30 PM com.chenlb.mmseg4j.solr.MMSegTokenizerFactory newSeg
INFO: use max-word mode
Nov 8, 2013 7:21:31 PM org.apache.coyote.AbstractProtocol start
INFO: Starting ProtocolHandler ["http-bio-9990"]
Nov 8, 2013 7:21:31 PM org.apache.coyote.AbstractProtocol start
INFO: Starting ProtocolHandler ["ajp-bio-8009"]
Nov 8, 2013 7:21:31 PM org.apache.catalina.startup.Catalina start
INFO: Server startup in 15033 ms
Nov 8, 2013 7:22:07 PM com.chenlb.mmseg4j.solr.MMSegTokenizerFactory newSeg
INFO: create new Seg ...
Nov 8, 2013 7:22:07 PM com.chenlb.mmseg4j.solr.MMSegTokenizerFactory newSeg
INFO: use complex mode
Nov 8, 2013 7:22:19 PM com.chenlb.mmseg4j.solr.MMSegTokenizerFactory newSeg
INFO: create new Seg ...
Nov 8, 2013 7:22:19 PM com.chenlb.mmseg4j.solr.MMSegTokenizerFactory newSeg
INFO: use complex mode
Nov 8, 2013 7:22:28 PM com.chenlb.mmseg4j.solr.MMSegTokenizerFactory newSeg
INFO: create new Seg ...
Nov 8, 2013 7:22:28 PM com.chenlb.mmseg4j.solr.MMSegTokenizerFactory newSeg
INFO: use simple mode
