Nov 4, 2013 12:06:01 AM org.apache.catalina.core.AprLifecycleListener init
INFO: The APR based Apache Tomcat Native library which allows optimal performance in production environments was not found on the java.library.path: /usr/lib/jvm/java-1.6.0-openjdk-1.6.0.0.x86_64/jre/lib/amd64/server:/usr/lib/jvm/java-1.6.0-openjdk-1.6.0.0.x86_64/jre/lib/amd64:/usr/lib/jvm/java-1.6.0-openjdk-1.6.0.0.x86_64/jre/../lib/amd64:/usr/java/packages/lib/amd64:/usr/lib64:/lib64:/lib:/usr/lib
Nov 4, 2013 12:06:02 AM org.apache.coyote.AbstractProtocol init
INFO: Initializing ProtocolHandler ["http-bio-9999"]
Nov 4, 2013 12:06:02 AM org.apache.coyote.AbstractProtocol init
INFO: Initializing ProtocolHandler ["ajp-bio-8009"]
Nov 4, 2013 12:06:02 AM org.apache.catalina.startup.Catalina load
INFO: Initialization processed in 2270 ms
Nov 4, 2013 12:06:02 AM org.apache.catalina.core.StandardService startInternal
INFO: Starting service Catalina
Nov 4, 2013 12:06:02 AM org.apache.catalina.core.StandardEngine startInternal
INFO: Starting Servlet Engine: Apache Tomcat/7.0.40
Nov 4, 2013 12:06:02 AM org.apache.catalina.startup.HostConfig deployWAR
INFO: Deploying web application archive /home/yanghua/apache-tomcat-7.0.40/webapps/solr.war
Nov 4, 2013 12:06:04 AM org.apache.catalina.util.SessionIdGenerator createSecureRandom
INFO: Creation of SecureRandom instance for session ID generation using [SHA1PRNG] took [225] milliseconds.
Nov 4, 2013 12:06:11 AM org.apache.coyote.AbstractProtocol start
INFO: Starting ProtocolHandler ["http-bio-9999"]
Nov 4, 2013 12:06:11 AM org.apache.coyote.AbstractProtocol start
INFO: Starting ProtocolHandler ["ajp-bio-8009"]
Nov 4, 2013 12:06:11 AM org.apache.catalina.startup.Catalina start
INFO: Server startup in 8922 ms
Nov 4, 2013 12:07:27 AM org.apache.coyote.AbstractProtocol pause
INFO: Pausing ProtocolHandler ["http-bio-9999"]
Nov 4, 2013 12:07:27 AM org.apache.coyote.AbstractProtocol pause
INFO: Pausing ProtocolHandler ["ajp-bio-8009"]
Nov 4, 2013 12:07:27 AM org.apache.catalina.core.StandardService stopInternal
INFO: Stopping service Catalina
Nov 4, 2013 12:07:28 AM org.apache.coyote.AbstractProtocol stop
INFO: Stopping ProtocolHandler ["http-bio-9999"]
Nov 4, 2013 12:07:28 AM org.apache.coyote.AbstractProtocol stop
INFO: Stopping ProtocolHandler ["ajp-bio-8009"]
Nov 4, 2013 12:07:28 AM org.apache.coyote.AbstractProtocol destroy
INFO: Destroying ProtocolHandler ["http-bio-9999"]
Nov 4, 2013 12:07:28 AM org.apache.coyote.AbstractProtocol destroy
INFO: Destroying ProtocolHandler ["ajp-bio-8009"]
Nov 4, 2013 12:09:01 AM org.apache.catalina.core.AprLifecycleListener init
INFO: The APR based Apache Tomcat Native library which allows optimal performance in production environments was not found on the java.library.path: /usr/lib/jvm/java-1.6.0-openjdk-1.6.0.0.x86_64/jre/lib/amd64/server:/usr/lib/jvm/java-1.6.0-openjdk-1.6.0.0.x86_64/jre/lib/amd64:/usr/lib/jvm/java-1.6.0-openjdk-1.6.0.0.x86_64/jre/../lib/amd64:/usr/java/packages/lib/amd64:/usr/lib64:/lib64:/lib:/usr/lib
Nov 4, 2013 12:09:02 AM org.apache.coyote.AbstractProtocol init
INFO: Initializing ProtocolHandler ["http-bio-9999"]
Nov 4, 2013 12:09:02 AM org.apache.coyote.AbstractProtocol init
INFO: Initializing ProtocolHandler ["ajp-bio-8009"]
Nov 4, 2013 12:09:02 AM org.apache.catalina.startup.Catalina load
INFO: Initialization processed in 1453 ms
Nov 4, 2013 12:09:02 AM org.apache.catalina.core.StandardService startInternal
INFO: Starting service Catalina
Nov 4, 2013 12:09:02 AM org.apache.catalina.core.StandardEngine startInternal
INFO: Starting Servlet Engine: Apache Tomcat/7.0.40
Nov 4, 2013 12:09:02 AM org.apache.catalina.startup.HostConfig deployWAR
INFO: Deploying web application archive /home/yanghua/apache-tomcat-7.0.40/webapps/solr.war
Nov 4, 2013 12:09:03 AM org.apache.catalina.util.SessionIdGenerator createSecureRandom
INFO: Creation of SecureRandom instance for session ID generation using [SHA1PRNG] took [255] milliseconds.
Nov 4, 2013 12:09:05 AM org.apache.coyote.AbstractProtocol start
INFO: Starting ProtocolHandler ["http-bio-9999"]
Nov 4, 2013 12:09:05 AM org.apache.coyote.AbstractProtocol start
INFO: Starting ProtocolHandler ["ajp-bio-8009"]
Nov 4, 2013 12:09:05 AM org.apache.catalina.startup.Catalina start
INFO: Server startup in 3322 ms
Nov 4, 2013 12:10:12 AM org.apache.coyote.AbstractProtocol pause
INFO: Pausing ProtocolHandler ["http-bio-9999"]
Nov 4, 2013 12:10:12 AM org.apache.coyote.AbstractProtocol pause
INFO: Pausing ProtocolHandler ["ajp-bio-8009"]
Nov 4, 2013 12:10:12 AM org.apache.catalina.core.StandardService stopInternal
INFO: Stopping service Catalina
Nov 4, 2013 12:10:13 AM org.apache.coyote.AbstractProtocol stop
INFO: Stopping ProtocolHandler ["http-bio-9999"]
Nov 4, 2013 12:10:13 AM org.apache.coyote.AbstractProtocol stop
INFO: Stopping ProtocolHandler ["ajp-bio-8009"]
Nov 4, 2013 12:10:13 AM org.apache.coyote.AbstractProtocol destroy
INFO: Destroying ProtocolHandler ["http-bio-9999"]
Nov 4, 2013 12:10:13 AM org.apache.coyote.AbstractProtocol destroy
INFO: Destroying ProtocolHandler ["ajp-bio-8009"]
Nov 4, 2013 12:10:17 AM org.apache.catalina.core.AprLifecycleListener init
INFO: The APR based Apache Tomcat Native library which allows optimal performance in production environments was not found on the java.library.path: /usr/lib/jvm/java-1.6.0-openjdk-1.6.0.0.x86_64/jre/lib/amd64/server:/usr/lib/jvm/java-1.6.0-openjdk-1.6.0.0.x86_64/jre/lib/amd64:/usr/lib/jvm/java-1.6.0-openjdk-1.6.0.0.x86_64/jre/../lib/amd64:/usr/java/packages/lib/amd64:/usr/lib64:/lib64:/lib:/usr/lib
Nov 4, 2013 12:10:18 AM org.apache.coyote.AbstractProtocol init
INFO: Initializing ProtocolHandler ["http-bio-9999"]
Nov 4, 2013 12:10:18 AM org.apache.coyote.AbstractProtocol init
INFO: Initializing ProtocolHandler ["ajp-bio-8009"]
Nov 4, 2013 12:10:18 AM org.apache.catalina.startup.Catalina load
INFO: Initialization processed in 1973 ms
Nov 4, 2013 12:10:18 AM org.apache.catalina.core.StandardService startInternal
INFO: Starting service Catalina
Nov 4, 2013 12:10:18 AM org.apache.catalina.core.StandardEngine startInternal
INFO: Starting Servlet Engine: Apache Tomcat/7.0.40
Nov 4, 2013 12:10:18 AM org.apache.catalina.startup.HostConfig deployWAR
INFO: Deploying web application archive /home/yanghua/apache-tomcat-7.0.40/webapps/solr.war
Nov 4, 2013 12:10:20 AM org.apache.catalina.util.SessionIdGenerator createSecureRandom
INFO: Creation of SecureRandom instance for session ID generation using [SHA1PRNG] took [280] milliseconds.
Nov 4, 2013 12:10:23 AM org.apache.coyote.AbstractProtocol start
INFO: Starting ProtocolHandler ["http-bio-9999"]
Nov 4, 2013 12:10:23 AM org.apache.coyote.AbstractProtocol start
INFO: Starting ProtocolHandler ["ajp-bio-8009"]
Nov 4, 2013 12:10:23 AM org.apache.catalina.startup.Catalina start
INFO: Server startup in 5541 ms
Nov 4, 2013 12:11:00 AM org.apache.coyote.AbstractProtocol pause
INFO: Pausing ProtocolHandler ["http-bio-9999"]
Nov 4, 2013 12:11:00 AM org.apache.coyote.AbstractProtocol pause
INFO: Pausing ProtocolHandler ["ajp-bio-8009"]
Nov 4, 2013 12:11:00 AM org.apache.catalina.core.StandardService stopInternal
INFO: Stopping service Catalina
Nov 4, 2013 12:11:00 AM org.apache.coyote.AbstractProtocol stop
INFO: Stopping ProtocolHandler ["http-bio-9999"]
Nov 4, 2013 12:11:00 AM org.apache.coyote.AbstractProtocol stop
INFO: Stopping ProtocolHandler ["ajp-bio-8009"]
Nov 4, 2013 12:11:00 AM org.apache.coyote.AbstractProtocol destroy
INFO: Destroying ProtocolHandler ["http-bio-9999"]
Nov 4, 2013 12:11:00 AM org.apache.coyote.AbstractProtocol destroy
INFO: Destroying ProtocolHandler ["ajp-bio-8009"]
Nov 4, 2013 12:13:02 AM org.apache.catalina.core.AprLifecycleListener init
INFO: The APR based Apache Tomcat Native library which allows optimal performance in production environments was not found on the java.library.path: /usr/lib/jvm/java-1.6.0-openjdk-1.6.0.0.x86_64/jre/lib/amd64/server:/usr/lib/jvm/java-1.6.0-openjdk-1.6.0.0.x86_64/jre/lib/amd64:/usr/lib/jvm/java-1.6.0-openjdk-1.6.0.0.x86_64/jre/../lib/amd64:/usr/java/packages/lib/amd64:/usr/lib64:/lib64:/lib:/usr/lib
Nov 4, 2013 12:13:03 AM org.apache.coyote.AbstractProtocol init
INFO: Initializing ProtocolHandler ["http-bio-9999"]
Nov 4, 2013 12:13:03 AM org.apache.coyote.AbstractProtocol init
INFO: Initializing ProtocolHandler ["ajp-bio-8009"]
Nov 4, 2013 12:13:03 AM org.apache.catalina.startup.Catalina load
INFO: Initialization processed in 1644 ms
Nov 4, 2013 12:13:03 AM org.apache.catalina.core.StandardService startInternal
INFO: Starting service Catalina
Nov 4, 2013 12:13:03 AM org.apache.catalina.core.StandardEngine startInternal
INFO: Starting Servlet Engine: Apache Tomcat/7.0.40
Nov 4, 2013 12:13:03 AM org.apache.catalina.startup.HostConfig deployWAR
INFO: Deploying web application archive /home/yanghua/apache-tomcat-8.0.0-RC1/webapps/solr.war
Nov 4, 2013 12:13:05 AM org.apache.catalina.util.SessionIdGenerator createSecureRandom
INFO: Creation of SecureRandom instance for session ID generation using [SHA1PRNG] took [252] milliseconds.
Nov 4, 2013 12:13:06 AM org.apache.coyote.AbstractProtocol start
INFO: Starting ProtocolHandler ["http-bio-9999"]
Nov 4, 2013 12:13:06 AM org.apache.coyote.AbstractProtocol start
INFO: Starting ProtocolHandler ["ajp-bio-8009"]
Nov 4, 2013 12:13:06 AM org.apache.catalina.startup.Catalina start
INFO: Server startup in 3451 ms
Nov 4, 2013 12:13:47 AM org.apache.coyote.AbstractProtocol pause
INFO: Pausing ProtocolHandler ["http-bio-9999"]
Nov 4, 2013 12:13:47 AM org.apache.coyote.AbstractProtocol pause
INFO: Pausing ProtocolHandler ["ajp-bio-8009"]
Nov 4, 2013 12:13:47 AM org.apache.catalina.core.StandardService stopInternal
INFO: Stopping service Catalina
Nov 4, 2013 12:13:47 AM org.apache.coyote.AbstractProtocol stop
INFO: Stopping ProtocolHandler ["http-bio-9999"]
Nov 4, 2013 12:13:47 AM org.apache.coyote.AbstractProtocol stop
INFO: Stopping ProtocolHandler ["ajp-bio-8009"]
Nov 4, 2013 12:13:47 AM org.apache.coyote.AbstractProtocol destroy
INFO: Destroying ProtocolHandler ["http-bio-9999"]
Nov 4, 2013 12:13:47 AM org.apache.coyote.AbstractProtocol destroy
INFO: Destroying ProtocolHandler ["ajp-bio-8009"]
Nov 4, 2013 12:15:00 AM org.apache.catalina.core.AprLifecycleListener init
INFO: The APR based Apache Tomcat Native library which allows optimal performance in production environments was not found on the java.library.path: /usr/lib/jvm/java-1.6.0-openjdk-1.6.0.0.x86_64/jre/lib/amd64/server:/usr/lib/jvm/java-1.6.0-openjdk-1.6.0.0.x86_64/jre/lib/amd64:/usr/lib/jvm/java-1.6.0-openjdk-1.6.0.0.x86_64/jre/../lib/amd64:/usr/java/packages/lib/amd64:/usr/lib64:/lib64:/lib:/usr/lib
Nov 4, 2013 12:15:01 AM org.apache.coyote.AbstractProtocol init
INFO: Initializing ProtocolHandler ["http-bio-9999"]
Nov 4, 2013 12:15:01 AM org.apache.coyote.AbstractProtocol init
INFO: Initializing ProtocolHandler ["ajp-bio-8009"]
Nov 4, 2013 12:15:01 AM org.apache.catalina.startup.Catalina load
INFO: Initialization processed in 2166 ms
Nov 4, 2013 12:15:01 AM org.apache.catalina.core.StandardService startInternal
INFO: Starting service Catalina
Nov 4, 2013 12:15:01 AM org.apache.catalina.core.StandardEngine startInternal
INFO: Starting Servlet Engine: Apache Tomcat/7.0.40
Nov 4, 2013 12:15:01 AM org.apache.catalina.startup.HostConfig deployWAR
INFO: Deploying web application archive /home/yanghua/apache-tomcat-8.0.0-RC1/webapps/solr.war
Nov 4, 2013 12:15:03 AM org.apache.catalina.util.SessionIdGenerator createSecureRandom
INFO: Creation of SecureRandom instance for session ID generation using [SHA1PRNG] took [163] milliseconds.
Nov 4, 2013 12:15:05 AM org.apache.coyote.AbstractProtocol start
INFO: Starting ProtocolHandler ["http-bio-9999"]
Nov 4, 2013 12:15:05 AM org.apache.coyote.AbstractProtocol start
INFO: Starting ProtocolHandler ["ajp-bio-8009"]
Nov 4, 2013 12:15:05 AM org.apache.catalina.startup.Catalina start
INFO: Server startup in 3837 ms
Nov 4, 2013 12:22:41 AM org.apache.coyote.AbstractProtocol pause
INFO: Pausing ProtocolHandler ["http-bio-9999"]
Nov 4, 2013 12:22:41 AM org.apache.coyote.AbstractProtocol pause
INFO: Pausing ProtocolHandler ["ajp-bio-8009"]
Nov 4, 2013 12:22:41 AM org.apache.catalina.core.StandardService stopInternal
INFO: Stopping service Catalina
Nov 4, 2013 12:22:42 AM org.apache.coyote.AbstractProtocol stop
INFO: Stopping ProtocolHandler ["http-bio-9999"]
Nov 4, 2013 12:22:42 AM org.apache.coyote.AbstractProtocol stop
INFO: Stopping ProtocolHandler ["ajp-bio-8009"]
Nov 4, 2013 12:22:42 AM org.apache.coyote.AbstractProtocol destroy
INFO: Destroying ProtocolHandler ["http-bio-9999"]
Nov 4, 2013 12:22:42 AM org.apache.coyote.AbstractProtocol destroy
INFO: Destroying ProtocolHandler ["ajp-bio-8009"]
Nov 4, 2013 12:30:19 AM org.apache.catalina.core.AprLifecycleListener init
INFO: The APR based Apache Tomcat Native library which allows optimal performance in production environments was not found on the java.library.path: /usr/lib/jvm/java-1.6.0-openjdk-1.6.0.0.x86_64/jre/lib/amd64/server:/usr/lib/jvm/java-1.6.0-openjdk-1.6.0.0.x86_64/jre/lib/amd64:/usr/lib/jvm/java-1.6.0-openjdk-1.6.0.0.x86_64/jre/../lib/amd64:/usr/java/packages/lib/amd64:/usr/lib64:/lib64:/lib:/usr/lib
Nov 4, 2013 12:30:20 AM org.apache.coyote.AbstractProtocol init
INFO: Initializing ProtocolHandler ["http-bio-9999"]
Nov 4, 2013 12:30:20 AM org.apache.coyote.AbstractProtocol init
INFO: Initializing ProtocolHandler ["ajp-bio-8009"]
Nov 4, 2013 12:30:20 AM org.apache.catalina.startup.Catalina load
INFO: Initialization processed in 1945 ms
Nov 4, 2013 12:30:20 AM org.apache.catalina.core.StandardService startInternal
INFO: Starting service Catalina
Nov 4, 2013 12:30:20 AM org.apache.catalina.core.StandardEngine startInternal
INFO: Starting Servlet Engine: Apache Tomcat/7.0.40
Nov 4, 2013 12:30:20 AM org.apache.catalina.startup.HostConfig deployWAR
INFO: Deploying web application archive /home/yanghua/apache-tomcat-8.0.0-RC1/webapps/solr.war
Nov 4, 2013 12:30:22 AM org.apache.catalina.util.SessionIdGenerator createSecureRandom
INFO: Creation of SecureRandom instance for session ID generation using [SHA1PRNG] took [255] milliseconds.
Nov 4, 2013 12:30:24 AM org.apache.coyote.AbstractProtocol start
INFO: Starting ProtocolHandler ["http-bio-9999"]
Nov 4, 2013 12:30:24 AM org.apache.coyote.AbstractProtocol start
INFO: Starting ProtocolHandler ["ajp-bio-8009"]
Nov 4, 2013 12:30:24 AM org.apache.catalina.startup.Catalina start
INFO: Server startup in 4712 ms
Nov 4, 2013 12:30:40 AM org.apache.coyote.AbstractProtocol pause
INFO: Pausing ProtocolHandler ["http-bio-9999"]
Nov 4, 2013 12:30:40 AM org.apache.coyote.AbstractProtocol pause
INFO: Pausing ProtocolHandler ["ajp-bio-8009"]
Nov 4, 2013 12:30:40 AM org.apache.catalina.core.StandardService stopInternal
INFO: Stopping service Catalina
Nov 4, 2013 12:30:40 AM org.apache.coyote.AbstractProtocol stop
INFO: Stopping ProtocolHandler ["http-bio-9999"]
Nov 4, 2013 12:30:40 AM org.apache.coyote.AbstractProtocol stop
INFO: Stopping ProtocolHandler ["ajp-bio-8009"]
Nov 4, 2013 12:30:40 AM org.apache.coyote.AbstractProtocol destroy
INFO: Destroying ProtocolHandler ["http-bio-9999"]
Nov 4, 2013 12:30:40 AM org.apache.coyote.AbstractProtocol destroy
INFO: Destroying ProtocolHandler ["ajp-bio-8009"]
Nov 4, 2013 12:31:25 AM org.apache.catalina.core.AprLifecycleListener init
INFO: The APR based Apache Tomcat Native library which allows optimal performance in production environments was not found on the java.library.path: /usr/lib/jvm/java-1.6.0-openjdk-1.6.0.0.x86_64/jre/lib/amd64/server:/usr/lib/jvm/java-1.6.0-openjdk-1.6.0.0.x86_64/jre/lib/amd64:/usr/lib/jvm/java-1.6.0-openjdk-1.6.0.0.x86_64/jre/../lib/amd64:/usr/java/packages/lib/amd64:/usr/lib64:/lib64:/lib:/usr/lib
Nov 4, 2013 12:31:26 AM org.apache.coyote.AbstractProtocol init
INFO: Initializing ProtocolHandler ["http-bio-9999"]
Nov 4, 2013 12:31:26 AM org.apache.coyote.AbstractProtocol init
INFO: Initializing ProtocolHandler ["ajp-bio-8009"]
Nov 4, 2013 12:31:26 AM org.apache.catalina.startup.Catalina load
INFO: Initialization processed in 2104 ms
Nov 4, 2013 12:31:26 AM org.apache.catalina.core.StandardService startInternal
INFO: Starting service Catalina
Nov 4, 2013 12:31:26 AM org.apache.catalina.core.StandardEngine startInternal
INFO: Starting Servlet Engine: Apache Tomcat/7.0.40
Nov 4, 2013 12:31:26 AM org.apache.catalina.startup.HostConfig deployWAR
INFO: Deploying web application archive /home/yanghua/apache-tomcat-8.0.0-RC1/webapps/solr.war
Nov 4, 2013 12:31:28 AM org.apache.catalina.util.SessionIdGenerator createSecureRandom
INFO: Creation of SecureRandom instance for session ID generation using [SHA1PRNG] took [258] milliseconds.
Nov 4, 2013 12:31:40 AM com.chenlb.mmseg4j.Dictionary getInstance
INFO: try to load dir=/home/yanghua/apache-tomcat-8.0.0-RC1/conf/solr-tomcat/solr/collection1/dic
Nov 4, 2013 12:31:40 AM com.chenlb.mmseg4j.Dictionary loadDic
INFO: chars loaded time=368ms, line=12638, on file=file:/home/yanghua/apache-tomcat-8.0.0-RC1/webapps/solr/WEB-INF/lib/mmseg4j-core-1.9.1.jar!/data/chars.dic
Nov 4, 2013 12:31:41 AM com.chenlb.mmseg4j.Dictionary loadWord
INFO: words loaded time=735ms, line=149853, on file=file:/home/yanghua/apache-tomcat-8.0.0-RC1/webapps/solr/WEB-INF/lib/mmseg4j-core-1.9.1.jar!/data/words.dic
Nov 4, 2013 12:31:41 AM com.chenlb.mmseg4j.Dictionary loadDic
INFO: load all dic use time=1105ms
Nov 4, 2013 12:31:41 AM com.chenlb.mmseg4j.Dictionary loadUnit
INFO: unit loaded time=1ms, line=22, on file=file:/home/yanghua/apache-tomcat-8.0.0-RC1/webapps/solr/WEB-INF/lib/mmseg4j-core-1.9.1.jar!/data/units.dic
Nov 4, 2013 12:31:41 AM com.chenlb.mmseg4j.solr.MMSegTokenizerFactory inform
INFO: dic load... in=file:/home/yanghua/apache-tomcat-8.0.0-RC1/conf/solr-tomcat/solr/collection1/dic
Nov 4, 2013 12:31:41 AM com.chenlb.mmseg4j.Dictionary getInstance
INFO: try to load dir=/home/yanghua/apache-tomcat-8.0.0-RC1/conf/solr-tomcat/solr/collection1/dic
Nov 4, 2013 12:31:41 AM com.chenlb.mmseg4j.solr.MMSegTokenizerFactory inform
INFO: dic load... in=file:/home/yanghua/apache-tomcat-8.0.0-RC1/conf/solr-tomcat/solr/collection1/dic
Nov 4, 2013 12:31:41 AM com.chenlb.mmseg4j.Dictionary getInstance
INFO: try to load dir=/home/yanghua/apache-tomcat-8.0.0-RC1/conf/solr-tomcat/solr/data/words.dic
Nov 4, 2013 12:31:41 AM com.chenlb.mmseg4j.Dictionary loadDic
INFO: chars loaded time=144ms, line=12638, on file=file:/home/yanghua/apache-tomcat-8.0.0-RC1/webapps/solr/WEB-INF/lib/mmseg4j-core-1.9.1.jar!/data/chars.dic
Nov 4, 2013 12:31:41 AM com.chenlb.mmseg4j.Dictionary loadWord
INFO: words loaded time=465ms, line=149853, on file=file:/home/yanghua/apache-tomcat-8.0.0-RC1/webapps/solr/WEB-INF/lib/mmseg4j-core-1.9.1.jar!/data/words.dic
Nov 4, 2013 12:31:41 AM com.chenlb.mmseg4j.Dictionary loadDic
INFO: load all dic use time=611ms
Nov 4, 2013 12:31:41 AM com.chenlb.mmseg4j.Dictionary loadUnit
INFO: unit loaded time=0ms, line=22, on file=file:/home/yanghua/apache-tomcat-8.0.0-RC1/webapps/solr/WEB-INF/lib/mmseg4j-core-1.9.1.jar!/data/units.dic
Nov 4, 2013 12:31:41 AM com.chenlb.mmseg4j.solr.MMSegTokenizerFactory inform
INFO: dic load... in=file:/home/yanghua/apache-tomcat-8.0.0-RC1/conf/solr-tomcat/solr/data/words.dic
Nov 4, 2013 12:31:43 AM org.apache.coyote.AbstractProtocol start
INFO: Starting ProtocolHandler ["http-bio-9999"]
Nov 4, 2013 12:31:44 AM org.apache.coyote.AbstractProtocol start
INFO: Starting ProtocolHandler ["ajp-bio-8009"]
Nov 4, 2013 12:31:44 AM org.apache.catalina.startup.Catalina start
INFO: Server startup in 18116 ms
Nov 4, 2013 12:32:04 AM org.apache.coyote.AbstractProtocol pause
INFO: Pausing ProtocolHandler ["http-bio-9999"]
Nov 4, 2013 12:32:04 AM org.apache.coyote.AbstractProtocol pause
INFO: Pausing ProtocolHandler ["ajp-bio-8009"]
Nov 4, 2013 12:32:04 AM org.apache.catalina.core.StandardService stopInternal
INFO: Stopping service Catalina
Nov 4, 2013 12:32:04 AM org.apache.coyote.AbstractProtocol stop
INFO: Stopping ProtocolHandler ["http-bio-9999"]
Nov 4, 2013 12:32:04 AM org.apache.coyote.AbstractProtocol stop
INFO: Stopping ProtocolHandler ["ajp-bio-8009"]
Nov 4, 2013 12:32:04 AM org.apache.coyote.AbstractProtocol destroy
INFO: Destroying ProtocolHandler ["http-bio-9999"]
Nov 4, 2013 12:32:04 AM org.apache.coyote.AbstractProtocol destroy
INFO: Destroying ProtocolHandler ["ajp-bio-8009"]
Nov 4, 2013 12:32:24 AM org.apache.catalina.core.AprLifecycleListener init
INFO: The APR based Apache Tomcat Native library which allows optimal performance in production environments was not found on the java.library.path: /usr/lib/jvm/java-1.6.0-openjdk-1.6.0.0.x86_64/jre/lib/amd64/server:/usr/lib/jvm/java-1.6.0-openjdk-1.6.0.0.x86_64/jre/lib/amd64:/usr/lib/jvm/java-1.6.0-openjdk-1.6.0.0.x86_64/jre/../lib/amd64:/usr/java/packages/lib/amd64:/usr/lib64:/lib64:/lib:/usr/lib
Nov 4, 2013 12:32:25 AM org.apache.coyote.AbstractProtocol init
INFO: Initializing ProtocolHandler ["http-bio-9999"]
Nov 4, 2013 12:32:25 AM org.apache.coyote.AbstractProtocol init
INFO: Initializing ProtocolHandler ["ajp-bio-8009"]
Nov 4, 2013 12:32:25 AM org.apache.catalina.startup.Catalina load
INFO: Initialization processed in 2144 ms
Nov 4, 2013 12:32:25 AM org.apache.catalina.core.StandardService startInternal
INFO: Starting service Catalina
Nov 4, 2013 12:32:25 AM org.apache.catalina.core.StandardEngine startInternal
INFO: Starting Servlet Engine: Apache Tomcat/7.0.40
Nov 4, 2013 12:32:25 AM org.apache.catalina.startup.HostConfig deployWAR
INFO: Deploying web application archive /home/yanghua/apache-tomcat-8.0.0-RC1/webapps/solr.war
Nov 4, 2013 12:32:27 AM org.apache.catalina.util.SessionIdGenerator createSecureRandom
INFO: Creation of SecureRandom instance for session ID generation using [SHA1PRNG] took [258] milliseconds.
Nov 4, 2013 12:32:32 AM org.apache.coyote.AbstractProtocol start
INFO: Starting ProtocolHandler ["http-bio-9999"]
Nov 4, 2013 12:32:32 AM org.apache.coyote.AbstractProtocol start
INFO: Starting ProtocolHandler ["ajp-bio-8009"]
Nov 4, 2013 12:32:32 AM org.apache.catalina.startup.Catalina start
INFO: Server startup in 7238 ms
Nov 4, 2013 12:32:57 AM org.apache.coyote.AbstractProtocol pause
INFO: Pausing ProtocolHandler ["http-bio-9999"]
Nov 4, 2013 12:32:57 AM org.apache.coyote.AbstractProtocol pause
INFO: Pausing ProtocolHandler ["ajp-bio-8009"]
Nov 4, 2013 12:32:57 AM org.apache.catalina.core.StandardService stopInternal
INFO: Stopping service Catalina
Nov 4, 2013 12:32:58 AM org.apache.coyote.AbstractProtocol stop
INFO: Stopping ProtocolHandler ["http-bio-9999"]
Nov 4, 2013 12:32:58 AM org.apache.coyote.AbstractProtocol stop
INFO: Stopping ProtocolHandler ["ajp-bio-8009"]
Nov 4, 2013 12:32:58 AM org.apache.coyote.AbstractProtocol destroy
INFO: Destroying ProtocolHandler ["http-bio-9999"]
Nov 4, 2013 12:32:58 AM org.apache.coyote.AbstractProtocol destroy
INFO: Destroying ProtocolHandler ["ajp-bio-8009"]
Nov 4, 2013 12:34:31 AM org.apache.catalina.core.AprLifecycleListener init
INFO: The APR based Apache Tomcat Native library which allows optimal performance in production environments was not found on the java.library.path: /usr/lib/jvm/java-1.6.0-openjdk-1.6.0.0.x86_64/jre/lib/amd64/server:/usr/lib/jvm/java-1.6.0-openjdk-1.6.0.0.x86_64/jre/lib/amd64:/usr/lib/jvm/java-1.6.0-openjdk-1.6.0.0.x86_64/jre/../lib/amd64:/usr/java/packages/lib/amd64:/usr/lib64:/lib64:/lib:/usr/lib
Nov 4, 2013 12:34:31 AM org.apache.coyote.AbstractProtocol init
INFO: Initializing ProtocolHandler ["http-bio-9999"]
Nov 4, 2013 12:34:31 AM org.apache.coyote.AbstractProtocol init
INFO: Initializing ProtocolHandler ["ajp-bio-8009"]
Nov 4, 2013 12:34:31 AM org.apache.catalina.startup.Catalina load
INFO: Initialization processed in 2143 ms
Nov 4, 2013 12:34:31 AM org.apache.catalina.core.StandardService startInternal
INFO: Starting service Catalina
Nov 4, 2013 12:34:31 AM org.apache.catalina.core.StandardEngine startInternal
INFO: Starting Servlet Engine: Apache Tomcat/7.0.40
Nov 4, 2013 12:34:32 AM org.apache.catalina.startup.HostConfig deployWAR
INFO: Deploying web application archive /home/yanghua/apache-tomcat-8.0.0-RC1/webapps/solr.war
Nov 4, 2013 12:34:34 AM org.apache.catalina.util.SessionIdGenerator createSecureRandom
INFO: Creation of SecureRandom instance for session ID generation using [SHA1PRNG] took [257] milliseconds.
Nov 4, 2013 12:34:38 AM org.apache.coyote.AbstractProtocol start
INFO: Starting ProtocolHandler ["http-bio-9999"]
Nov 4, 2013 12:34:38 AM org.apache.coyote.AbstractProtocol start
INFO: Starting ProtocolHandler ["ajp-bio-8009"]
Nov 4, 2013 12:34:38 AM org.apache.catalina.startup.Catalina start
INFO: Server startup in 6427 ms
Nov 4, 2013 12:34:57 AM org.apache.coyote.AbstractProtocol pause
INFO: Pausing ProtocolHandler ["http-bio-9999"]
Nov 4, 2013 12:34:57 AM org.apache.coyote.AbstractProtocol pause
INFO: Pausing ProtocolHandler ["ajp-bio-8009"]
Nov 4, 2013 12:34:57 AM org.apache.catalina.core.StandardService stopInternal
INFO: Stopping service Catalina
Nov 4, 2013 12:34:57 AM org.apache.coyote.AbstractProtocol stop
INFO: Stopping ProtocolHandler ["http-bio-9999"]
Nov 4, 2013 12:34:57 AM org.apache.coyote.AbstractProtocol stop
INFO: Stopping ProtocolHandler ["ajp-bio-8009"]
Nov 4, 2013 12:34:57 AM org.apache.coyote.AbstractProtocol destroy
INFO: Destroying ProtocolHandler ["http-bio-9999"]
Nov 4, 2013 12:34:57 AM org.apache.coyote.AbstractProtocol destroy
INFO: Destroying ProtocolHandler ["ajp-bio-8009"]
Nov 4, 2013 12:36:42 AM org.apache.catalina.core.AprLifecycleListener init
INFO: The APR based Apache Tomcat Native library which allows optimal performance in production environments was not found on the java.library.path: /usr/lib/jvm/java-1.6.0-openjdk-1.6.0.0.x86_64/jre/lib/amd64/server:/usr/lib/jvm/java-1.6.0-openjdk-1.6.0.0.x86_64/jre/lib/amd64:/usr/lib/jvm/java-1.6.0-openjdk-1.6.0.0.x86_64/jre/../lib/amd64:/usr/java/packages/lib/amd64:/usr/lib64:/lib64:/lib:/usr/lib
Nov 4, 2013 12:36:42 AM org.apache.coyote.AbstractProtocol init
INFO: Initializing ProtocolHandler ["http-bio-9999"]
Nov 4, 2013 12:36:43 AM org.apache.coyote.AbstractProtocol init
INFO: Initializing ProtocolHandler ["ajp-bio-8009"]
Nov 4, 2013 12:36:43 AM org.apache.catalina.startup.Catalina load
INFO: Initialization processed in 2117 ms
Nov 4, 2013 12:36:43 AM org.apache.catalina.core.StandardService startInternal
INFO: Starting service Catalina
Nov 4, 2013 12:36:43 AM org.apache.catalina.core.StandardEngine startInternal
INFO: Starting Servlet Engine: Apache Tomcat/7.0.40
Nov 4, 2013 12:36:43 AM org.apache.catalina.startup.HostConfig deployWAR
INFO: Deploying web application archive /home/yanghua/apache-tomcat-8.0.0-RC1/webapps/solr.war
Nov 4, 2013 12:36:45 AM org.apache.catalina.util.SessionIdGenerator createSecureRandom
INFO: Creation of SecureRandom instance for session ID generation using [SHA1PRNG] took [256] milliseconds.
Nov 4, 2013 12:36:50 AM com.chenlb.mmseg4j.Dictionary getInstance
INFO: try to load dir=/home/yanghua/apache-tomcat-8.0.0-RC1/conf/solr-tomcat/solr/collection1/dic
Nov 4, 2013 12:36:51 AM com.chenlb.mmseg4j.Dictionary loadDic
INFO: chars loaded time=555ms, line=12638, on file=file:/home/yanghua/apache-tomcat-8.0.0-RC1/webapps/solr/WEB-INF/lib/mmseg4j-core-1.9.1.jar!/data/chars.dic
Nov 4, 2013 12:36:52 AM com.chenlb.mmseg4j.Dictionary loadWord
INFO: words loaded time=900ms, line=149853, on file=file:/home/yanghua/apache-tomcat-8.0.0-RC1/webapps/solr/WEB-INF/lib/mmseg4j-core-1.9.1.jar!/data/words.dic
Nov 4, 2013 12:36:52 AM com.chenlb.mmseg4j.Dictionary loadDic
INFO: load all dic use time=1457ms
Nov 4, 2013 12:36:52 AM com.chenlb.mmseg4j.Dictionary loadUnit
INFO: unit loaded time=1ms, line=22, on file=file:/home/yanghua/apache-tomcat-8.0.0-RC1/webapps/solr/WEB-INF/lib/mmseg4j-core-1.9.1.jar!/data/units.dic
Nov 4, 2013 12:36:52 AM com.chenlb.mmseg4j.solr.MMSegTokenizerFactory inform
INFO: dic load... in=file:/home/yanghua/apache-tomcat-8.0.0-RC1/conf/solr-tomcat/solr/collection1/dic
Nov 4, 2013 12:36:52 AM com.chenlb.mmseg4j.Dictionary getInstance
INFO: try to load dir=/home/yanghua/apache-tomcat-8.0.0-RC1/conf/solr-tomcat/solr/collection1/dic
Nov 4, 2013 12:36:52 AM com.chenlb.mmseg4j.solr.MMSegTokenizerFactory inform
INFO: dic load... in=file:/home/yanghua/apache-tomcat-8.0.0-RC1/conf/solr-tomcat/solr/collection1/dic
Nov 4, 2013 12:36:52 AM com.chenlb.mmseg4j.Dictionary getInstance
INFO: try to load dir=/home/yanghua/apache-tomcat-8.0.0-RC1/conf/solr-tomcat/solr/data/words.dic
Nov 4, 2013 12:36:52 AM com.chenlb.mmseg4j.Dictionary loadDic
INFO: chars loaded time=346ms, line=12638, on file=file:/home/yanghua/apache-tomcat-8.0.0-RC1/webapps/solr/WEB-INF/lib/mmseg4j-core-1.9.1.jar!/data/chars.dic
Nov 4, 2013 12:36:53 AM com.chenlb.mmseg4j.Dictionary loadWord
INFO: words loaded time=846ms, line=149853, on file=file:/home/yanghua/apache-tomcat-8.0.0-RC1/webapps/solr/WEB-INF/lib/mmseg4j-core-1.9.1.jar!/data/words.dic
Nov 4, 2013 12:36:53 AM com.chenlb.mmseg4j.Dictionary loadDic
INFO: load all dic use time=1193ms
Nov 4, 2013 12:36:53 AM com.chenlb.mmseg4j.Dictionary loadUnit
INFO: unit loaded time=1ms, line=22, on file=file:/home/yanghua/apache-tomcat-8.0.0-RC1/webapps/solr/WEB-INF/lib/mmseg4j-core-1.9.1.jar!/data/units.dic
Nov 4, 2013 12:36:53 AM com.chenlb.mmseg4j.solr.MMSegTokenizerFactory inform
INFO: dic load... in=file:/home/yanghua/apache-tomcat-8.0.0-RC1/conf/solr-tomcat/solr/data/words.dic
Nov 4, 2013 12:36:55 AM org.apache.coyote.AbstractProtocol start
INFO: Starting ProtocolHandler ["http-bio-9999"]
Nov 4, 2013 12:36:55 AM org.apache.coyote.AbstractProtocol start
INFO: Starting ProtocolHandler ["ajp-bio-8009"]
Nov 4, 2013 12:36:55 AM org.apache.catalina.startup.Catalina start
INFO: Server startup in 12693 ms
Nov 4, 2013 12:37:54 AM org.apache.coyote.AbstractProtocol pause
INFO: Pausing ProtocolHandler ["http-bio-9999"]
Nov 4, 2013 12:37:54 AM org.apache.coyote.AbstractProtocol pause
INFO: Pausing ProtocolHandler ["ajp-bio-8009"]
Nov 4, 2013 12:37:54 AM org.apache.catalina.core.StandardService stopInternal
INFO: Stopping service Catalina
Nov 4, 2013 12:37:54 AM org.apache.coyote.AbstractProtocol stop
INFO: Stopping ProtocolHandler ["http-bio-9999"]
Nov 4, 2013 12:37:54 AM org.apache.coyote.AbstractProtocol stop
INFO: Stopping ProtocolHandler ["ajp-bio-8009"]
Nov 4, 2013 12:37:54 AM org.apache.coyote.AbstractProtocol destroy
INFO: Destroying ProtocolHandler ["http-bio-9999"]
Nov 4, 2013 12:37:54 AM org.apache.coyote.AbstractProtocol destroy
INFO: Destroying ProtocolHandler ["ajp-bio-8009"]
Nov 4, 2013 12:39:44 AM org.apache.catalina.core.AprLifecycleListener init
INFO: The APR based Apache Tomcat Native library which allows optimal performance in production environments was not found on the java.library.path: /usr/lib/jvm/java-1.6.0-openjdk-1.6.0.0.x86_64/jre/lib/amd64/server:/usr/lib/jvm/java-1.6.0-openjdk-1.6.0.0.x86_64/jre/lib/amd64:/usr/lib/jvm/java-1.6.0-openjdk-1.6.0.0.x86_64/jre/../lib/amd64:/usr/java/packages/lib/amd64:/usr/lib64:/lib64:/lib:/usr/lib
Nov 4, 2013 12:39:44 AM org.apache.coyote.AbstractProtocol init
INFO: Initializing ProtocolHandler ["http-bio-9999"]
Nov 4, 2013 12:39:44 AM org.apache.coyote.AbstractProtocol init
INFO: Initializing ProtocolHandler ["ajp-bio-8009"]
Nov 4, 2013 12:39:44 AM org.apache.catalina.startup.Catalina load
INFO: Initialization processed in 1147 ms
Nov 4, 2013 12:39:44 AM org.apache.catalina.core.StandardService startInternal
INFO: Starting service Catalina
Nov 4, 2013 12:39:44 AM org.apache.catalina.core.StandardEngine startInternal
INFO: Starting Servlet Engine: Apache Tomcat/7.0.40
Nov 4, 2013 12:39:44 AM org.apache.catalina.startup.HostConfig deployWAR
INFO: Deploying web application archive /home/yanghua/apache-tomcat-8.0.0-RC1/webapps/solr.war
Nov 4, 2013 12:39:51 AM com.chenlb.mmseg4j.Dictionary getInstance
INFO: try to load dir=/home/yanghua/apache-tomcat-8.0.0-RC1/conf/solr-tomcat/solr/collection1/dic
Nov 4, 2013 12:39:51 AM com.chenlb.mmseg4j.Dictionary loadDic
INFO: chars loaded time=461ms, line=12638, on file=file:/home/yanghua/apache-tomcat-8.0.0-RC1/webapps/solr/WEB-INF/lib/mmseg4j-core-1.9.1.jar!/data/chars.dic
Nov 4, 2013 12:39:52 AM com.chenlb.mmseg4j.Dictionary loadWord
INFO: words loaded time=717ms, line=149853, on file=file:/home/yanghua/apache-tomcat-8.0.0-RC1/webapps/solr/WEB-INF/lib/mmseg4j-core-1.9.1.jar!/data/words.dic
Nov 4, 2013 12:39:52 AM com.chenlb.mmseg4j.Dictionary loadDic
INFO: load all dic use time=1180ms
Nov 4, 2013 12:39:52 AM com.chenlb.mmseg4j.Dictionary loadUnit
INFO: unit loaded time=0ms, line=22, on file=file:/home/yanghua/apache-tomcat-8.0.0-RC1/webapps/solr/WEB-INF/lib/mmseg4j-core-1.9.1.jar!/data/units.dic
Nov 4, 2013 12:39:52 AM com.chenlb.mmseg4j.solr.MMSegTokenizerFactory inform
INFO: dic load... in=file:/home/yanghua/apache-tomcat-8.0.0-RC1/conf/solr-tomcat/solr/collection1/dic
Nov 4, 2013 12:39:52 AM com.chenlb.mmseg4j.Dictionary getInstance
INFO: try to load dir=/home/yanghua/apache-tomcat-8.0.0-RC1/conf/solr-tomcat/solr/collection1/dic
Nov 4, 2013 12:39:52 AM com.chenlb.mmseg4j.solr.MMSegTokenizerFactory inform
INFO: dic load... in=file:/home/yanghua/apache-tomcat-8.0.0-RC1/conf/solr-tomcat/solr/collection1/dic
Nov 4, 2013 12:39:52 AM com.chenlb.mmseg4j.Dictionary getInstance
INFO: try to load dir=/home/yanghua/apache-tomcat-8.0.0-RC1/conf/solr-tomcat/solr/data/words.dic
Nov 4, 2013 12:39:52 AM com.chenlb.mmseg4j.Dictionary loadDic
INFO: chars loaded time=144ms, line=12638, on file=file:/home/yanghua/apache-tomcat-8.0.0-RC1/webapps/solr/WEB-INF/lib/mmseg4j-core-1.9.1.jar!/data/chars.dic
Nov 4, 2013 12:39:53 AM com.chenlb.mmseg4j.Dictionary loadWord
INFO: words loaded time=641ms, line=149853, on file=file:/home/yanghua/apache-tomcat-8.0.0-RC1/webapps/solr/WEB-INF/lib/mmseg4j-core-1.9.1.jar!/data/words.dic
Nov 4, 2013 12:39:53 AM com.chenlb.mmseg4j.Dictionary loadDic
INFO: load all dic use time=786ms
Nov 4, 2013 12:39:53 AM com.chenlb.mmseg4j.Dictionary loadUnit
INFO: unit loaded time=0ms, line=22, on file=file:/home/yanghua/apache-tomcat-8.0.0-RC1/webapps/solr/WEB-INF/lib/mmseg4j-core-1.9.1.jar!/data/units.dic
Nov 4, 2013 12:39:53 AM com.chenlb.mmseg4j.solr.MMSegTokenizerFactory inform
INFO: dic load... in=file:/home/yanghua/apache-tomcat-8.0.0-RC1/conf/solr-tomcat/solr/data/words.dic
Nov 4, 2013 12:39:54 AM com.chenlb.mmseg4j.solr.MMSegTokenizerFactory newSeg
INFO: create new Seg ...
Nov 4, 2013 12:39:54 AM com.chenlb.mmseg4j.solr.MMSegTokenizerFactory newSeg
INFO: use max-word mode
Nov 4, 2013 12:39:54 AM org.apache.coyote.AbstractProtocol start
INFO: Starting ProtocolHandler ["http-bio-9999"]
Nov 4, 2013 12:39:54 AM org.apache.coyote.AbstractProtocol start
INFO: Starting ProtocolHandler ["ajp-bio-8009"]
Nov 4, 2013 12:39:54 AM org.apache.catalina.startup.Catalina start
INFO: Server startup in 10088 ms
Nov 4, 2013 12:40:44 AM org.apache.coyote.AbstractProtocol pause
INFO: Pausing ProtocolHandler ["http-bio-9999"]
Nov 4, 2013 12:40:44 AM org.apache.coyote.AbstractProtocol pause
INFO: Pausing ProtocolHandler ["ajp-bio-8009"]
Nov 4, 2013 12:40:44 AM org.apache.catalina.core.StandardService stopInternal
INFO: Stopping service Catalina
Nov 4, 2013 12:40:44 AM org.apache.catalina.loader.WebappClassLoader checkThreadLocalMapForLeaks
SEVERE: The web application [/solr] created a ThreadLocal with key of type [org.apache.solr.schema.DateField.ThreadLocalDateFormat] (value [org.apache.solr.schema.DateField$ThreadLocalDateFormat@5852f73e]) and a value of type [org.apache.solr.schema.DateField.ISO8601CanonicalDateFormat] (value [org.apache.solr.schema.DateField$ISO8601CanonicalDateFormat@6b2ed43a]) but failed to remove it when the web application was stopped. Threads are going to be renewed over time to try and avoid a probable memory leak.
Nov 4, 2013 12:40:44 AM org.apache.catalina.loader.WebappClassLoader checkThreadLocalMapForLeaks
SEVERE: The web application [/solr] created a ThreadLocal with key of type [org.apache.solr.schema.DateField.ThreadLocalDateFormat] (value [org.apache.solr.schema.DateField$ThreadLocalDateFormat@5852f73e]) and a value of type [org.apache.solr.schema.DateField.ISO8601CanonicalDateFormat] (value [org.apache.solr.schema.DateField$ISO8601CanonicalDateFormat@6b2ed43a]) but failed to remove it when the web application was stopped. Threads are going to be renewed over time to try and avoid a probable memory leak.
Nov 4, 2013 12:40:44 AM org.apache.catalina.loader.WebappClassLoader checkThreadLocalMapForLeaks
SEVERE: The web application [/solr] created a ThreadLocal with key of type [org.apache.solr.schema.DateField.ThreadLocalDateFormat] (value [org.apache.solr.schema.DateField$ThreadLocalDateFormat@5852f73e]) and a value of type [org.apache.solr.schema.DateField.ISO8601CanonicalDateFormat] (value [org.apache.solr.schema.DateField$ISO8601CanonicalDateFormat@6b2ed43a]) but failed to remove it when the web application was stopped. Threads are going to be renewed over time to try and avoid a probable memory leak.
Nov 4, 2013 12:40:44 AM org.apache.coyote.AbstractProtocol stop
INFO: Stopping ProtocolHandler ["http-bio-9999"]
Nov 4, 2013 12:40:44 AM org.apache.coyote.AbstractProtocol stop
INFO: Stopping ProtocolHandler ["ajp-bio-8009"]
Nov 4, 2013 12:40:44 AM org.apache.coyote.AbstractProtocol destroy
INFO: Destroying ProtocolHandler ["http-bio-9999"]
Nov 4, 2013 12:40:44 AM org.apache.coyote.AbstractProtocol destroy
INFO: Destroying ProtocolHandler ["ajp-bio-8009"]
Nov 4, 2013 12:44:44 AM org.apache.catalina.core.AprLifecycleListener init
INFO: The APR based Apache Tomcat Native library which allows optimal performance in production environments was not found on the java.library.path: /usr/lib/jvm/java-1.6.0-openjdk-1.6.0.0.x86_64/jre/lib/amd64/server:/usr/lib/jvm/java-1.6.0-openjdk-1.6.0.0.x86_64/jre/lib/amd64:/usr/lib/jvm/java-1.6.0-openjdk-1.6.0.0.x86_64/jre/../lib/amd64:/usr/java/packages/lib/amd64:/usr/lib64:/lib64:/lib:/usr/lib
Nov 4, 2013 12:44:44 AM org.apache.coyote.AbstractProtocol init
INFO: Initializing ProtocolHandler ["http-bio-9999"]
Nov 4, 2013 12:44:44 AM org.apache.coyote.AbstractProtocol init
INFO: Initializing ProtocolHandler ["ajp-bio-8009"]
Nov 4, 2013 12:44:44 AM org.apache.catalina.startup.Catalina load
INFO: Initialization processed in 1503 ms
Nov 4, 2013 12:44:44 AM org.apache.catalina.core.StandardService startInternal
INFO: Starting service Catalina
Nov 4, 2013 12:44:44 AM org.apache.catalina.core.StandardEngine startInternal
INFO: Starting Servlet Engine: Apache Tomcat/7.0.40
Nov 4, 2013 12:44:44 AM org.apache.catalina.startup.HostConfig deployWAR
INFO: Deploying web application archive /home/yanghua/apache-tomcat-8.0.0-RC1/webapps/solr.war
Nov 4, 2013 12:44:46 AM org.apache.catalina.util.SessionIdGenerator createSecureRandom
INFO: Creation of SecureRandom instance for session ID generation using [SHA1PRNG] took [253] milliseconds.
Nov 4, 2013 12:44:49 AM org.apache.coyote.AbstractProtocol start
INFO: Starting ProtocolHandler ["http-bio-9999"]
Nov 4, 2013 12:44:49 AM org.apache.coyote.AbstractProtocol start
INFO: Starting ProtocolHandler ["ajp-bio-8009"]
Nov 4, 2013 12:44:49 AM org.apache.catalina.startup.Catalina start
INFO: Server startup in 4589 ms
Nov 4, 2013 12:45:04 AM org.apache.coyote.AbstractProtocol pause
INFO: Pausing ProtocolHandler ["http-bio-9999"]
Nov 4, 2013 12:45:04 AM org.apache.coyote.AbstractProtocol pause
INFO: Pausing ProtocolHandler ["ajp-bio-8009"]
Nov 4, 2013 12:45:04 AM org.apache.catalina.core.StandardService stopInternal
INFO: Stopping service Catalina
Nov 4, 2013 12:45:04 AM org.apache.coyote.AbstractProtocol stop
INFO: Stopping ProtocolHandler ["http-bio-9999"]
Nov 4, 2013 12:45:04 AM org.apache.coyote.AbstractProtocol stop
INFO: Stopping ProtocolHandler ["ajp-bio-8009"]
Nov 4, 2013 12:45:04 AM org.apache.coyote.AbstractProtocol destroy
INFO: Destroying ProtocolHandler ["http-bio-9999"]
Nov 4, 2013 12:45:04 AM org.apache.coyote.AbstractProtocol destroy
INFO: Destroying ProtocolHandler ["ajp-bio-8009"]
Nov 4, 2013 12:49:09 AM org.apache.catalina.core.AprLifecycleListener init
INFO: The APR based Apache Tomcat Native library which allows optimal performance in production environments was not found on the java.library.path: /usr/lib/jvm/java-1.6.0-openjdk-1.6.0.0.x86_64/jre/lib/amd64/server:/usr/lib/jvm/java-1.6.0-openjdk-1.6.0.0.x86_64/jre/lib/amd64:/usr/lib/jvm/java-1.6.0-openjdk-1.6.0.0.x86_64/jre/../lib/amd64:/usr/java/packages/lib/amd64:/usr/lib64:/lib64:/lib:/usr/lib
Nov 4, 2013 12:49:09 AM org.apache.coyote.AbstractProtocol init
INFO: Initializing ProtocolHandler ["http-bio-9999"]
Nov 4, 2013 12:49:09 AM org.apache.coyote.AbstractProtocol init
INFO: Initializing ProtocolHandler ["ajp-bio-8009"]
Nov 4, 2013 12:49:09 AM org.apache.catalina.startup.Catalina load
INFO: Initialization processed in 1539 ms
Nov 4, 2013 12:49:09 AM org.apache.catalina.core.StandardService startInternal
INFO: Starting service Catalina
Nov 4, 2013 12:49:09 AM org.apache.catalina.core.StandardEngine startInternal
INFO: Starting Servlet Engine: Apache Tomcat/7.0.40
Nov 4, 2013 12:49:09 AM org.apache.catalina.startup.HostConfig deployWAR
INFO: Deploying web application archive /home/yanghua/apache-tomcat-8.0.0-RC1/webapps/solr.war
Nov 4, 2013 12:49:11 AM org.apache.catalina.util.SessionIdGenerator createSecureRandom
INFO: Creation of SecureRandom instance for session ID generation using [SHA1PRNG] took [254] milliseconds.
Nov 4, 2013 12:49:15 AM com.chenlb.mmseg4j.Dictionary getInstance
INFO: try to load dir=/home/yanghua/apache-tomcat-8.0.0-RC1/conf/solr-tomcat/solr/collection1/dic
Nov 4, 2013 12:49:16 AM com.chenlb.mmseg4j.Dictionary loadDic
INFO: chars loaded time=463ms, line=12638, on file=file:/home/yanghua/apache-tomcat-8.0.0-RC1/webapps/solr/WEB-INF/lib/mmseg4j-core-1.9.1.jar!/data/chars.dic
Nov 4, 2013 12:49:17 AM com.chenlb.mmseg4j.Dictionary loadWord
INFO: words loaded time=1024ms, line=149853, on file=file:/home/yanghua/apache-tomcat-8.0.0-RC1/webapps/solr/WEB-INF/lib/mmseg4j-core-1.9.1.jar!/data/words.dic
Nov 4, 2013 12:49:17 AM com.chenlb.mmseg4j.Dictionary loadDic
INFO: load all dic use time=1488ms
Nov 4, 2013 12:49:17 AM com.chenlb.mmseg4j.Dictionary loadUnit
INFO: unit loaded time=0ms, line=22, on file=file:/home/yanghua/apache-tomcat-8.0.0-RC1/webapps/solr/WEB-INF/lib/mmseg4j-core-1.9.1.jar!/data/units.dic
Nov 4, 2013 12:49:17 AM com.chenlb.mmseg4j.solr.MMSegTokenizerFactory inform
INFO: dic load... in=file:/home/yanghua/apache-tomcat-8.0.0-RC1/conf/solr-tomcat/solr/collection1/dic
Nov 4, 2013 12:49:17 AM com.chenlb.mmseg4j.Dictionary getInstance
INFO: try to load dir=/home/yanghua/apache-tomcat-8.0.0-RC1/conf/solr-tomcat/solr/collection1/dic
Nov 4, 2013 12:49:17 AM com.chenlb.mmseg4j.solr.MMSegTokenizerFactory inform
INFO: dic load... in=file:/home/yanghua/apache-tomcat-8.0.0-RC1/conf/solr-tomcat/solr/collection1/dic
Nov 4, 2013 12:49:17 AM com.chenlb.mmseg4j.Dictionary getInstance
INFO: try to load dir=/home/yanghua/apache-tomcat-8.0.0-RC1/conf/solr-tomcat/solr/data/words.dic
Nov 4, 2013 12:49:17 AM com.chenlb.mmseg4j.Dictionary loadDic
INFO: chars loaded time=16ms, line=12638, on file=file:/home/yanghua/apache-tomcat-8.0.0-RC1/webapps/solr/WEB-INF/lib/mmseg4j-core-1.9.1.jar!/data/chars.dic
Nov 4, 2013 12:49:17 AM com.chenlb.mmseg4j.Dictionary loadWord
INFO: words loaded time=768ms, line=149853, on file=file:/home/yanghua/apache-tomcat-8.0.0-RC1/webapps/solr/WEB-INF/lib/mmseg4j-core-1.9.1.jar!/data/words.dic
Nov 4, 2013 12:49:17 AM com.chenlb.mmseg4j.Dictionary loadDic
INFO: load all dic use time=786ms
Nov 4, 2013 12:49:17 AM com.chenlb.mmseg4j.Dictionary loadUnit
INFO: unit loaded time=1ms, line=22, on file=file:/home/yanghua/apache-tomcat-8.0.0-RC1/webapps/solr/WEB-INF/lib/mmseg4j-core-1.9.1.jar!/data/units.dic
Nov 4, 2013 12:49:17 AM com.chenlb.mmseg4j.solr.MMSegTokenizerFactory inform
INFO: dic load... in=file:/home/yanghua/apache-tomcat-8.0.0-RC1/conf/solr-tomcat/solr/data/words.dic
Nov 4, 2013 12:49:19 AM com.chenlb.mmseg4j.solr.MMSegTokenizerFactory newSeg
INFO: create new Seg ...
Nov 4, 2013 12:49:19 AM com.chenlb.mmseg4j.solr.MMSegTokenizerFactory newSeg
INFO: use max-word mode
Nov 4, 2013 12:49:20 AM org.apache.coyote.AbstractProtocol start
INFO: Starting ProtocolHandler ["http-bio-9999"]
Nov 4, 2013 12:49:20 AM org.apache.coyote.AbstractProtocol start
INFO: Starting ProtocolHandler ["ajp-bio-8009"]
Nov 4, 2013 12:49:20 AM org.apache.catalina.startup.Catalina start
INFO: Server startup in 10326 ms
Nov 4, 2013 12:54:49 AM org.apache.coyote.AbstractProtocol pause
INFO: Pausing ProtocolHandler ["http-bio-9999"]
Nov 4, 2013 12:54:49 AM org.apache.coyote.AbstractProtocol pause
INFO: Pausing ProtocolHandler ["ajp-bio-8009"]
Nov 4, 2013 12:54:49 AM org.apache.catalina.core.StandardService stopInternal
INFO: Stopping service Catalina
Nov 4, 2013 12:54:50 AM org.apache.catalina.loader.WebappClassLoader checkThreadLocalMapForLeaks
SEVERE: The web application [/solr] created a ThreadLocal with key of type [org.apache.solr.schema.DateField.ThreadLocalDateFormat] (value [org.apache.solr.schema.DateField$ThreadLocalDateFormat@2b115a61]) and a value of type [org.apache.solr.schema.DateField.ISO8601CanonicalDateFormat] (value [org.apache.solr.schema.DateField$ISO8601CanonicalDateFormat@6b2ed43a]) but failed to remove it when the web application was stopped. Threads are going to be renewed over time to try and avoid a probable memory leak.
Nov 4, 2013 12:54:50 AM org.apache.catalina.loader.WebappClassLoader checkThreadLocalMapForLeaks
SEVERE: The web application [/solr] created a ThreadLocal with key of type [org.apache.solr.schema.DateField.ThreadLocalDateFormat] (value [org.apache.solr.schema.DateField$ThreadLocalDateFormat@2b115a61]) and a value of type [org.apache.solr.schema.DateField.ISO8601CanonicalDateFormat] (value [org.apache.solr.schema.DateField$ISO8601CanonicalDateFormat@6b2ed43a]) but failed to remove it when the web application was stopped. Threads are going to be renewed over time to try and avoid a probable memory leak.
Nov 4, 2013 12:54:50 AM org.apache.coyote.AbstractProtocol stop
INFO: Stopping ProtocolHandler ["http-bio-9999"]
Nov 4, 2013 12:54:50 AM org.apache.coyote.AbstractProtocol stop
INFO: Stopping ProtocolHandler ["ajp-bio-8009"]
Nov 4, 2013 12:54:50 AM org.apache.coyote.AbstractProtocol destroy
INFO: Destroying ProtocolHandler ["http-bio-9999"]
Nov 4, 2013 12:54:50 AM org.apache.coyote.AbstractProtocol destroy
INFO: Destroying ProtocolHandler ["ajp-bio-8009"]
Nov 4, 2013 12:55:06 AM org.apache.catalina.core.AprLifecycleListener init
INFO: The APR based Apache Tomcat Native library which allows optimal performance in production environments was not found on the java.library.path: /usr/lib/jvm/java-1.6.0-openjdk-1.6.0.0.x86_64/jre/lib/amd64/server:/usr/lib/jvm/java-1.6.0-openjdk-1.6.0.0.x86_64/jre/lib/amd64:/usr/lib/jvm/java-1.6.0-openjdk-1.6.0.0.x86_64/jre/../lib/amd64:/usr/java/packages/lib/amd64:/usr/lib64:/lib64:/lib:/usr/lib
Nov 4, 2013 12:55:07 AM org.apache.coyote.AbstractProtocol init
INFO: Initializing ProtocolHandler ["http-bio-9999"]
Nov 4, 2013 12:55:07 AM org.apache.coyote.AbstractProtocol init
INFO: Initializing ProtocolHandler ["ajp-bio-8009"]
Nov 4, 2013 12:55:07 AM org.apache.catalina.startup.Catalina load
INFO: Initialization processed in 2114 ms
Nov 4, 2013 12:55:07 AM org.apache.catalina.core.StandardService startInternal
INFO: Starting service Catalina
Nov 4, 2013 12:55:07 AM org.apache.catalina.core.StandardEngine startInternal
INFO: Starting Servlet Engine: Apache Tomcat/7.0.40
Nov 4, 2013 12:55:07 AM org.apache.catalina.startup.HostConfig deployWAR
INFO: Deploying web application archive /home/yanghua/apache-tomcat-8.0.0-RC1/webapps/solr.war
Nov 4, 2013 12:55:09 AM org.apache.catalina.util.SessionIdGenerator createSecureRandom
INFO: Creation of SecureRandom instance for session ID generation using [SHA1PRNG] took [257] milliseconds.
Nov 4, 2013 12:55:14 AM com.chenlb.mmseg4j.Dictionary getInstance
INFO: try to load dir=/home/yanghua/apache-tomcat-8.0.0-RC1/conf/solr-tomcat/solr/collection1/dic
Nov 4, 2013 12:55:15 AM com.chenlb.mmseg4j.Dictionary loadDic
INFO: chars loaded time=562ms, line=12638, on file=file:/home/yanghua/apache-tomcat-8.0.0-RC1/webapps/solr/WEB-INF/lib/mmseg4j-core-1.9.1.jar!/data/chars.dic
Nov 4, 2013 12:55:16 AM com.chenlb.mmseg4j.Dictionary loadWord
INFO: words loaded time=816ms, line=149853, on file=file:/home/yanghua/apache-tomcat-8.0.0-RC1/webapps/solr/WEB-INF/lib/mmseg4j-core-1.9.1.jar!/data/words.dic
Nov 4, 2013 12:55:16 AM com.chenlb.mmseg4j.Dictionary loadDic
INFO: load all dic use time=1380ms
Nov 4, 2013 12:55:16 AM com.chenlb.mmseg4j.Dictionary loadUnit
INFO: unit loaded time=0ms, line=22, on file=file:/home/yanghua/apache-tomcat-8.0.0-RC1/webapps/solr/WEB-INF/lib/mmseg4j-core-1.9.1.jar!/data/units.dic
Nov 4, 2013 12:55:16 AM com.chenlb.mmseg4j.solr.MMSegTokenizerFactory inform
INFO: dic load... in=file:/home/yanghua/apache-tomcat-8.0.0-RC1/conf/solr-tomcat/solr/collection1/dic
Nov 4, 2013 12:55:16 AM com.chenlb.mmseg4j.Dictionary getInstance
INFO: try to load dir=/home/yanghua/apache-tomcat-8.0.0-RC1/conf/solr-tomcat/solr/collection1/dic
Nov 4, 2013 12:55:16 AM com.chenlb.mmseg4j.solr.MMSegTokenizerFactory inform
INFO: dic load... in=file:/home/yanghua/apache-tomcat-8.0.0-RC1/conf/solr-tomcat/solr/collection1/dic
Nov 4, 2013 12:55:16 AM com.chenlb.mmseg4j.Dictionary getInstance
INFO: try to load dir=/home/yanghua/apache-tomcat-8.0.0-RC1/conf/solr-tomcat/solr/data/words.dic
Nov 4, 2013 12:55:16 AM com.chenlb.mmseg4j.Dictionary loadDic
INFO: chars loaded time=148ms, line=12638, on file=file:/home/yanghua/apache-tomcat-8.0.0-RC1/webapps/solr/WEB-INF/lib/mmseg4j-core-1.9.1.jar!/data/chars.dic
Nov 4, 2013 12:55:16 AM com.chenlb.mmseg4j.Dictionary loadWord
INFO: words loaded time=549ms, line=149853, on file=file:/home/yanghua/apache-tomcat-8.0.0-RC1/webapps/solr/WEB-INF/lib/mmseg4j-core-1.9.1.jar!/data/words.dic
Nov 4, 2013 12:55:17 AM com.chenlb.mmseg4j.Dictionary loadDic
INFO: load all dic use time=798ms
Nov 4, 2013 12:55:17 AM com.chenlb.mmseg4j.Dictionary loadUnit
INFO: unit loaded time=0ms, line=22, on file=file:/home/yanghua/apache-tomcat-8.0.0-RC1/webapps/solr/WEB-INF/lib/mmseg4j-core-1.9.1.jar!/data/units.dic
Nov 4, 2013 12:55:17 AM com.chenlb.mmseg4j.solr.MMSegTokenizerFactory inform
INFO: dic load... in=file:/home/yanghua/apache-tomcat-8.0.0-RC1/conf/solr-tomcat/solr/data/words.dic
Nov 4, 2013 12:55:19 AM com.chenlb.mmseg4j.solr.MMSegTokenizerFactory newSeg
INFO: create new Seg ...
Nov 4, 2013 12:55:19 AM com.chenlb.mmseg4j.solr.MMSegTokenizerFactory newSeg
INFO: use max-word mode
Nov 4, 2013 12:55:19 AM org.apache.coyote.AbstractProtocol start
INFO: Starting ProtocolHandler ["http-bio-9999"]
Nov 4, 2013 12:55:19 AM org.apache.coyote.AbstractProtocol start
INFO: Starting ProtocolHandler ["ajp-bio-8009"]
Nov 4, 2013 12:55:19 AM org.apache.catalina.startup.Catalina start
INFO: Server startup in 11882 ms
Nov 4, 2013 1:43:44 AM org.apache.coyote.AbstractProtocol pause
INFO: Pausing ProtocolHandler ["http-bio-9999"]
Nov 4, 2013 1:43:44 AM org.apache.coyote.AbstractProtocol pause
INFO: Pausing ProtocolHandler ["ajp-bio-8009"]
Nov 4, 2013 1:43:44 AM org.apache.catalina.core.StandardService stopInternal
INFO: Stopping service Catalina
Nov 4, 2013 1:43:45 AM org.apache.coyote.AbstractProtocol stop
INFO: Stopping ProtocolHandler ["http-bio-9999"]
Nov 4, 2013 1:43:45 AM org.apache.coyote.AbstractProtocol stop
INFO: Stopping ProtocolHandler ["ajp-bio-8009"]
Nov 4, 2013 1:43:45 AM org.apache.coyote.AbstractProtocol destroy
INFO: Destroying ProtocolHandler ["http-bio-9999"]
Nov 4, 2013 1:43:45 AM org.apache.coyote.AbstractProtocol destroy
INFO: Destroying ProtocolHandler ["ajp-bio-8009"]
Nov 4, 2013 1:48:33 AM org.apache.catalina.core.AprLifecycleListener init
INFO: The APR based Apache Tomcat Native library which allows optimal performance in production environments was not found on the java.library.path: /usr/lib/jvm/java-1.6.0-openjdk-1.6.0.0.x86_64/jre/lib/amd64/server:/usr/lib/jvm/java-1.6.0-openjdk-1.6.0.0.x86_64/jre/lib/amd64:/usr/lib/jvm/java-1.6.0-openjdk-1.6.0.0.x86_64/jre/../lib/amd64:/usr/java/packages/lib/amd64:/usr/lib64:/lib64:/lib:/usr/lib
Nov 4, 2013 1:48:34 AM org.apache.coyote.AbstractProtocol init
INFO: Initializing ProtocolHandler ["http-bio-9999"]
Nov 4, 2013 1:48:34 AM org.apache.coyote.AbstractProtocol init
INFO: Initializing ProtocolHandler ["ajp-bio-8009"]
Nov 4, 2013 1:48:34 AM org.apache.catalina.startup.Catalina load
INFO: Initialization processed in 1520 ms
Nov 4, 2013 1:48:34 AM org.apache.catalina.core.StandardService startInternal
INFO: Starting service Catalina
Nov 4, 2013 1:48:34 AM org.apache.catalina.core.StandardEngine startInternal
INFO: Starting Servlet Engine: Apache Tomcat/7.0.40
Nov 4, 2013 1:48:34 AM org.apache.catalina.startup.HostConfig deployWAR
INFO: Deploying web application archive /home/yanghua/apache-tomcat-8.0.0-RC1/webapps/solr.war
Nov 4, 2013 1:48:36 AM org.apache.catalina.util.SessionIdGenerator createSecureRandom
INFO: Creation of SecureRandom instance for session ID generation using [SHA1PRNG] took [257] milliseconds.
Nov 4, 2013 1:48:40 AM com.chenlb.mmseg4j.Dictionary getInstance
INFO: try to load dir=/home/yanghua/apache-tomcat-8.0.0-RC1/conf/solr-tomcat/solr/collection1/dic
Nov 4, 2013 1:48:40 AM com.chenlb.mmseg4j.Dictionary loadDic
INFO: chars loaded time=454ms, line=12638, on file=file:/home/yanghua/apache-tomcat-8.0.0-RC1/webapps/solr/WEB-INF/lib/mmseg4j-core-1.9.1.jar!/data/chars.dic
Nov 4, 2013 1:48:41 AM com.chenlb.mmseg4j.Dictionary loadWord
INFO: words loaded time=1044ms, line=149853, on file=file:/home/yanghua/apache-tomcat-8.0.0-RC1/webapps/solr/WEB-INF/lib/mmseg4j-core-1.9.1.jar!/data/words.dic
Nov 4, 2013 1:48:41 AM com.chenlb.mmseg4j.Dictionary loadDic
INFO: load all dic use time=1499ms
Nov 4, 2013 1:48:41 AM com.chenlb.mmseg4j.Dictionary loadUnit
INFO: unit loaded time=0ms, line=22, on file=file:/home/yanghua/apache-tomcat-8.0.0-RC1/webapps/solr/WEB-INF/lib/mmseg4j-core-1.9.1.jar!/data/units.dic
Nov 4, 2013 1:48:41 AM com.chenlb.mmseg4j.solr.MMSegTokenizerFactory inform
INFO: dic load... in=file:/home/yanghua/apache-tomcat-8.0.0-RC1/conf/solr-tomcat/solr/collection1/dic
Nov 4, 2013 1:48:41 AM com.chenlb.mmseg4j.Dictionary getInstance
INFO: try to load dir=/home/yanghua/apache-tomcat-8.0.0-RC1/conf/solr-tomcat/solr/collection1/dic
Nov 4, 2013 1:48:41 AM com.chenlb.mmseg4j.solr.MMSegTokenizerFactory inform
INFO: dic load... in=file:/home/yanghua/apache-tomcat-8.0.0-RC1/conf/solr-tomcat/solr/collection1/dic
Nov 4, 2013 1:48:41 AM com.chenlb.mmseg4j.Dictionary getInstance
INFO: try to load dir=/home/yanghua/apache-tomcat-8.0.0-RC1/conf/solr-tomcat/solr/data/words.dic
Nov 4, 2013 1:48:41 AM com.chenlb.mmseg4j.Dictionary loadDic
INFO: chars loaded time=17ms, line=12638, on file=file:/home/yanghua/apache-tomcat-8.0.0-RC1/webapps/solr/WEB-INF/lib/mmseg4j-core-1.9.1.jar!/data/chars.dic
Nov 4, 2013 1:48:42 AM com.chenlb.mmseg4j.Dictionary loadWord
INFO: words loaded time=718ms, line=149853, on file=file:/home/yanghua/apache-tomcat-8.0.0-RC1/webapps/solr/WEB-INF/lib/mmseg4j-core-1.9.1.jar!/data/words.dic
Nov 4, 2013 1:48:42 AM com.chenlb.mmseg4j.Dictionary loadDic
INFO: load all dic use time=737ms
Nov 4, 2013 1:48:42 AM com.chenlb.mmseg4j.Dictionary loadUnit
INFO: unit loaded time=0ms, line=22, on file=file:/home/yanghua/apache-tomcat-8.0.0-RC1/webapps/solr/WEB-INF/lib/mmseg4j-core-1.9.1.jar!/data/units.dic
Nov 4, 2013 1:48:42 AM com.chenlb.mmseg4j.solr.MMSegTokenizerFactory inform
INFO: dic load... in=file:/home/yanghua/apache-tomcat-8.0.0-RC1/conf/solr-tomcat/solr/data/words.dic
Nov 4, 2013 1:48:44 AM com.chenlb.mmseg4j.solr.MMSegTokenizerFactory newSeg
INFO: create new Seg ...
Nov 4, 2013 1:48:44 AM com.chenlb.mmseg4j.solr.MMSegTokenizerFactory newSeg
INFO: use max-word mode
Nov 4, 2013 1:48:44 AM org.apache.coyote.AbstractProtocol start
INFO: Starting ProtocolHandler ["http-bio-9999"]
Nov 4, 2013 1:48:44 AM org.apache.coyote.AbstractProtocol start
INFO: Starting ProtocolHandler ["ajp-bio-8009"]
Nov 4, 2013 1:48:44 AM org.apache.catalina.startup.Catalina start
INFO: Server startup in 10378 ms
Nov 4, 2013 1:48:49 AM org.apache.coyote.AbstractProtocol pause
INFO: Pausing ProtocolHandler ["http-bio-9999"]
Nov 4, 2013 1:48:49 AM org.apache.coyote.AbstractProtocol pause
INFO: Pausing ProtocolHandler ["ajp-bio-8009"]
Nov 4, 2013 1:48:49 AM org.apache.catalina.core.StandardService stopInternal
INFO: Stopping service Catalina
Nov 4, 2013 1:48:49 AM org.apache.catalina.loader.WebappClassLoader checkThreadLocalMapForLeaks
SEVERE: The web application [/solr] created a ThreadLocal with key of type [org.apache.solr.schema.DateField.ThreadLocalDateFormat] (value [org.apache.solr.schema.DateField$ThreadLocalDateFormat@2d4c8822]) and a value of type [org.apache.solr.schema.DateField.ISO8601CanonicalDateFormat] (value [org.apache.solr.schema.DateField$ISO8601CanonicalDateFormat@6b2ed43a]) but failed to remove it when the web application was stopped. Threads are going to be renewed over time to try and avoid a probable memory leak.
Nov 4, 2013 1:48:49 AM org.apache.catalina.loader.WebappClassLoader checkThreadLocalMapForLeaks
SEVERE: The web application [/solr] created a ThreadLocal with key of type [org.apache.solr.schema.DateField.ThreadLocalDateFormat] (value [org.apache.solr.schema.DateField$ThreadLocalDateFormat@2d4c8822]) and a value of type [org.apache.solr.schema.DateField.ISO8601CanonicalDateFormat] (value [org.apache.solr.schema.DateField$ISO8601CanonicalDateFormat@6b2ed43a]) but failed to remove it when the web application was stopped. Threads are going to be renewed over time to try and avoid a probable memory leak.
Nov 4, 2013 1:48:49 AM org.apache.coyote.AbstractProtocol stop
INFO: Stopping ProtocolHandler ["http-bio-9999"]
Nov 4, 2013 1:48:49 AM org.apache.coyote.AbstractProtocol stop
INFO: Stopping ProtocolHandler ["ajp-bio-8009"]
Nov 4, 2013 1:48:49 AM org.apache.coyote.AbstractProtocol destroy
INFO: Destroying ProtocolHandler ["http-bio-9999"]
Nov 4, 2013 1:48:49 AM org.apache.coyote.AbstractProtocol destroy
INFO: Destroying ProtocolHandler ["ajp-bio-8009"]
Nov 4, 2013 1:49:55 AM org.apache.catalina.core.AprLifecycleListener init
INFO: The APR based Apache Tomcat Native library which allows optimal performance in production environments was not found on the java.library.path: /usr/lib/jvm/java-1.6.0-openjdk-1.6.0.0.x86_64/jre/lib/amd64/server:/usr/lib/jvm/java-1.6.0-openjdk-1.6.0.0.x86_64/jre/lib/amd64:/usr/lib/jvm/java-1.6.0-openjdk-1.6.0.0.x86_64/jre/../lib/amd64:/usr/java/packages/lib/amd64:/usr/lib64:/lib64:/lib:/usr/lib
Nov 4, 2013 1:49:56 AM org.apache.coyote.AbstractProtocol init
INFO: Initializing ProtocolHandler ["http-bio-9999"]
Nov 4, 2013 1:49:56 AM org.apache.coyote.AbstractProtocol init
INFO: Initializing ProtocolHandler ["ajp-bio-8009"]
Nov 4, 2013 1:49:56 AM org.apache.catalina.startup.Catalina load
INFO: Initialization processed in 1816 ms
Nov 4, 2013 1:49:56 AM org.apache.catalina.core.StandardService startInternal
INFO: Starting service Catalina
Nov 4, 2013 1:49:56 AM org.apache.catalina.core.StandardEngine startInternal
INFO: Starting Servlet Engine: Apache Tomcat/7.0.40
Nov 4, 2013 1:49:56 AM org.apache.catalina.startup.HostConfig deployWAR
INFO: Deploying web application archive /home/yanghua/apache-tomcat-8.0.0-RC1/webapps/solr.war
Nov 4, 2013 1:49:58 AM org.apache.catalina.util.SessionIdGenerator createSecureRandom
INFO: Creation of SecureRandom instance for session ID generation using [SHA1PRNG] took [254] milliseconds.
Nov 4, 2013 1:50:02 AM com.chenlb.mmseg4j.Dictionary getInstance
INFO: try to load dir=/home/yanghua/apache-tomcat-8.0.0-RC1/conf/solr-tomcat/solr/collection1/dic
Nov 4, 2013 1:50:02 AM com.chenlb.mmseg4j.Dictionary loadDic
INFO: chars loaded time=358ms, line=12638, on file=file:/home/yanghua/apache-tomcat-8.0.0-RC1/webapps/solr/WEB-INF/lib/mmseg4j-core-1.9.1.jar!/data/chars.dic
Nov 4, 2013 1:50:03 AM com.chenlb.mmseg4j.Dictionary loadWord
INFO: words loaded time=864ms, line=149853, on file=file:/home/yanghua/apache-tomcat-8.0.0-RC1/webapps/solr/WEB-INF/lib/mmseg4j-core-1.9.1.jar!/data/words.dic
Nov 4, 2013 1:50:03 AM com.chenlb.mmseg4j.Dictionary loadDic
INFO: load all dic use time=1224ms
Nov 4, 2013 1:50:03 AM com.chenlb.mmseg4j.Dictionary loadUnit
INFO: unit loaded time=1ms, line=22, on file=file:/home/yanghua/apache-tomcat-8.0.0-RC1/webapps/solr/WEB-INF/lib/mmseg4j-core-1.9.1.jar!/data/units.dic
Nov 4, 2013 1:50:03 AM com.chenlb.mmseg4j.solr.MMSegTokenizerFactory inform
INFO: dic load... in=file:/home/yanghua/apache-tomcat-8.0.0-RC1/conf/solr-tomcat/solr/collection1/dic
Nov 4, 2013 1:50:03 AM com.chenlb.mmseg4j.Dictionary getInstance
INFO: try to load dir=/home/yanghua/apache-tomcat-8.0.0-RC1/conf/solr-tomcat/solr/collection1/dic
Nov 4, 2013 1:50:03 AM com.chenlb.mmseg4j.solr.MMSegTokenizerFactory inform
INFO: dic load... in=file:/home/yanghua/apache-tomcat-8.0.0-RC1/conf/solr-tomcat/solr/collection1/dic
Nov 4, 2013 1:50:03 AM com.chenlb.mmseg4j.Dictionary getInstance
INFO: try to load dir=/home/yanghua/apache-tomcat-8.0.0-RC1/conf/solr-tomcat/solr/data/words.dic
Nov 4, 2013 1:50:03 AM com.chenlb.mmseg4j.Dictionary loadDic
INFO: chars loaded time=17ms, line=12638, on file=file:/home/yanghua/apache-tomcat-8.0.0-RC1/webapps/solr/WEB-INF/lib/mmseg4j-core-1.9.1.jar!/data/chars.dic
Nov 4, 2013 1:50:04 AM com.chenlb.mmseg4j.Dictionary loadWord
INFO: words loaded time=571ms, line=149853, on file=file:/home/yanghua/apache-tomcat-8.0.0-RC1/webapps/solr/WEB-INF/lib/mmseg4j-core-1.9.1.jar!/data/words.dic
Nov 4, 2013 1:50:04 AM com.chenlb.mmseg4j.Dictionary loadDic
INFO: load all dic use time=589ms
Nov 4, 2013 1:50:04 AM com.chenlb.mmseg4j.Dictionary loadUnit
INFO: unit loaded time=0ms, line=22, on file=file:/home/yanghua/apache-tomcat-8.0.0-RC1/webapps/solr/WEB-INF/lib/mmseg4j-core-1.9.1.jar!/data/units.dic
Nov 4, 2013 1:50:04 AM com.chenlb.mmseg4j.solr.MMSegTokenizerFactory inform
INFO: dic load... in=file:/home/yanghua/apache-tomcat-8.0.0-RC1/conf/solr-tomcat/solr/data/words.dic
Nov 4, 2013 1:50:05 AM com.chenlb.mmseg4j.solr.MMSegTokenizerFactory newSeg
INFO: create new Seg ...
Nov 4, 2013 1:50:05 AM com.chenlb.mmseg4j.solr.MMSegTokenizerFactory newSeg
INFO: use max-word mode
Nov 4, 2013 1:50:05 AM org.apache.coyote.AbstractProtocol start
INFO: Starting ProtocolHandler ["http-bio-9999"]
Nov 4, 2013 1:50:05 AM org.apache.coyote.AbstractProtocol start
INFO: Starting ProtocolHandler ["ajp-bio-8009"]
Nov 4, 2013 1:50:05 AM org.apache.catalina.startup.Catalina start
INFO: Server startup in 9568 ms
Nov 4, 2013 1:50:14 AM com.chenlb.mmseg4j.solr.MMSegTokenizerFactory newSeg
INFO: create new Seg ...
Nov 4, 2013 1:50:14 AM com.chenlb.mmseg4j.solr.MMSegTokenizerFactory newSeg
INFO: use max-word mode
Nov 4, 2013 11:20:32 PM org.apache.coyote.ajp.AjpMessage processHeader
SEVERE: Invalid message received with signature 18245
Nov 4, 2013 11:20:33 PM org.apache.coyote.ajp.AjpMessage processHeader
SEVERE: Invalid message received with signature 5635
Nov 4, 2013 11:20:33 PM org.apache.coyote.ajp.AjpMessage processHeader
SEVERE: Invalid message received with signature 32926
Nov 4, 2013 11:20:33 PM org.apache.coyote.ajp.AjpMessage processHeader
SEVERE: Invalid message received with signature 18245
