May 27, 2013 4:50:26 PM org.apache.catalina.core.AprLifecycleListener init
INFO: The APR based Apache Tomcat Native library which allows optimal performance in production environments was not found on the java.library.path: /usr/lib/jvm/java-1.6.0-openjdk-1.6.0.0.x86_64/jre/lib/amd64/server:/usr/lib/jvm/java-1.6.0-openjdk-1.6.0.0.x86_64/jre/lib/amd64:/usr/lib/jvm/java-1.6.0-openjdk-1.6.0.0.x86_64/jre/../lib/amd64:/usr/java/packages/lib/amd64:/usr/lib64:/lib64:/lib:/usr/lib
May 27, 2013 4:50:26 PM org.apache.coyote.AbstractProtocol init
INFO: Initializing ProtocolHandler ["http-bio-9999"]
May 27, 2013 4:50:26 PM org.apache.coyote.AbstractProtocol init
INFO: Initializing ProtocolHandler ["ajp-bio-8009"]
May 27, 2013 4:50:26 PM org.apache.catalina.startup.Catalina load
INFO: Initialization processed in 1430 ms
May 27, 2013 4:50:26 PM org.apache.catalina.core.StandardService startInternal
INFO: Starting service Catalina
May 27, 2013 4:50:26 PM org.apache.catalina.core.StandardEngine startInternal
INFO: Starting Servlet Engine: Apache Tomcat/7.0.40
May 27, 2013 4:50:26 PM org.apache.catalina.startup.HostConfig deployDirectory
INFO: Deploying web application directory /home/yanghua/apache-tomcat-7.0.40/webapps/examples
May 27, 2013 4:50:27 PM org.apache.catalina.util.SessionIdGenerator createSecureRandom
INFO: Creation of SecureRandom instance for session ID generation using [SHA1PRNG] took [137] milliseconds.
May 27, 2013 4:50:27 PM org.apache.catalina.startup.HostConfig deployDirectory
INFO: Deploying web application directory /home/yanghua/apache-tomcat-7.0.40/webapps/host-manager
May 27, 2013 4:50:27 PM org.apache.catalina.startup.HostConfig deployDirectory
INFO: Deploying web application directory /home/yanghua/apache-tomcat-7.0.40/webapps/manager
May 27, 2013 4:50:27 PM org.apache.catalina.startup.HostConfig deployDirectory
INFO: Deploying web application directory /home/yanghua/apache-tomcat-7.0.40/webapps/ROOT
May 27, 2013 4:50:27 PM org.apache.catalina.startup.HostConfig deployDirectory
INFO: Deploying web application directory /home/yanghua/apache-tomcat-7.0.40/webapps/docs
May 27, 2013 4:50:27 PM org.apache.coyote.AbstractProtocol start
INFO: Starting ProtocolHandler ["http-bio-9999"]
May 27, 2013 4:50:27 PM org.apache.coyote.AbstractProtocol start
INFO: Starting ProtocolHandler ["ajp-bio-8009"]
May 27, 2013 4:50:27 PM org.apache.catalina.startup.Catalina start
INFO: Server startup in 1082 ms
May 27, 2013 4:53:28 PM org.apache.catalina.startup.HostConfig checkResources
INFO: Reloading context []
May 27, 2013 4:53:28 PM org.apache.catalina.core.StandardContext reload
INFO: Reloading Context with name [] has started
May 27, 2013 4:53:28 PM org.apache.catalina.core.StandardContext reload
INFO: Reloading Context with name [] is completed
