Aug 24, 2013 10:34:59 AM org.apache.coyote.ajp.AjpMessage processHeader
SEVERE: Invalid message received with signature 18245
Aug 24, 2013 6:12:15 PM org.apache.catalina.realm.LockOutRealm authenticate
WARNING: An attempt was made to authenticate the locked user "tomcat"
Aug 24, 2013 6:12:15 PM org.apache.catalina.realm.LockOutRealm authenticate
WARNING: An attempt was made to authenticate the locked user "tomcat"
Aug 24, 2013 6:12:15 PM org.apache.catalina.realm.LockOutRealm authenticate
WARNING: An attempt was made to authenticate the locked user "tomcat"
Aug 24, 2013 6:12:16 PM org.apache.catalina.realm.LockOutRealm authenticate
WARNING: An attempt was made to authenticate the locked user "tomcat"
Aug 24, 2013 6:12:16 PM org.apache.catalina.realm.LockOutRealm authenticate
WARNING: An attempt was made to authenticate the locked user "tomcat"
Aug 24, 2013 6:12:16 PM org.apache.catalina.realm.LockOutRealm authenticate
WARNING: An attempt was made to authenticate the locked user "tomcat"
Aug 24, 2013 6:12:16 PM org.apache.catalina.realm.LockOutRealm authenticate
WARNING: An attempt was made to authenticate the locked user "tomcat"
Aug 24, 2013 6:12:16 PM org.apache.catalina.realm.LockOutRealm authenticate
WARNING: An attempt was made to authenticate the locked user "tomcat"
Aug 24, 2013 6:12:16 PM org.apache.catalina.realm.LockOutRealm authenticate
WARNING: An attempt was made to authenticate the locked user "tomcat"
Aug 24, 2013 6:12:16 PM org.apache.catalina.realm.LockOutRealm authenticate
WARNING: An attempt was made to authenticate the locked user "tomcat"
Aug 24, 2013 6:12:16 PM org.apache.catalina.realm.LockOutRealm authenticate
WARNING: An attempt was made to authenticate the locked user "tomcat"
Aug 24, 2013 6:12:16 PM org.apache.catalina.realm.LockOutRealm authenticate
WARNING: An attempt was made to authenticate the locked user "tomcat"
Aug 24, 2013 6:12:16 PM org.apache.catalina.realm.LockOutRealm authenticate
WARNING: An attempt was made to authenticate the locked user "tomcat"
Aug 24, 2013 6:12:16 PM org.apache.catalina.realm.LockOutRealm authenticate
WARNING: An attempt was made to authenticate the locked user "tomcat"
Aug 24, 2013 6:12:17 PM org.apache.catalina.realm.LockOutRealm authenticate
WARNING: An attempt was made to authenticate the locked user "tomcat"
Aug 24, 2013 6:12:17 PM org.apache.catalina.realm.LockOutRealm authenticate
WARNING: An attempt was made to authenticate the locked user "tomcat"
Aug 24, 2013 6:12:17 PM org.apache.catalina.realm.LockOutRealm authenticate
WARNING: An attempt was made to authenticate the locked user "tomcat"
Aug 24, 2013 6:12:17 PM org.apache.catalina.realm.LockOutRealm authenticate
WARNING: An attempt was made to authenticate the locked user "tomcat"
Aug 24, 2013 6:12:17 PM org.apache.catalina.realm.LockOutRealm authenticate
WARNING: An attempt was made to authenticate the locked user "tomcat"
Aug 24, 2013 6:12:17 PM org.apache.catalina.realm.LockOutRealm authenticate
WARNING: An attempt was made to authenticate the locked user "tomcat"
Aug 24, 2013 6:12:17 PM org.apache.catalina.realm.LockOutRealm authenticate
WARNING: An attempt was made to authenticate the locked user "tomcat"
Aug 24, 2013 6:12:17 PM org.apache.catalina.realm.LockOutRealm authenticate
WARNING: An attempt was made to authenticate the locked user "tomcat"
Aug 24, 2013 6:12:17 PM org.apache.catalina.realm.LockOutRealm authenticate
WARNING: An attempt was made to authenticate the locked user "tomcat"
Aug 24, 2013 6:12:17 PM org.apache.catalina.realm.LockOutRealm authenticate
WARNING: An attempt was made to authenticate the locked user "tomcat"
Aug 24, 2013 6:12:17 PM org.apache.catalina.realm.LockOutRealm authenticate
WARNING: An attempt was made to authenticate the locked user "tomcat"
Aug 24, 2013 6:12:17 PM org.apache.catalina.realm.LockOutRealm authenticate
WARNING: An attempt was made to authenticate the locked user "tomcat"
Aug 24, 2013 6:12:17 PM org.apache.catalina.realm.LockOutRealm authenticate
WARNING: An attempt was made to authenticate the locked user "tomcat"
Aug 24, 2013 6:12:17 PM org.apache.catalina.realm.LockOutRealm authenticate
WARNING: An attempt was made to authenticate the locked user "tomcat"
Aug 24, 2013 6:12:18 PM org.apache.catalina.realm.LockOutRealm authenticate
WARNING: An attempt was made to authenticate the locked user "tomcat"
Aug 24, 2013 6:12:18 PM org.apache.catalina.realm.LockOutRealm authenticate
WARNING: An attempt was made to authenticate the locked user "tomcat"
Aug 24, 2013 6:12:18 PM org.apache.catalina.realm.LockOutRealm authenticate
WARNING: An attempt was made to authenticate the locked user "tomcat"
Aug 24, 2013 6:12:18 PM org.apache.catalina.realm.LockOutRealm authenticate
WARNING: An attempt was made to authenticate the locked user "tomcat"
Aug 24, 2013 6:12:18 PM org.apache.catalina.realm.LockOutRealm authenticate
WARNING: An attempt was made to authenticate the locked user "tomcat"
Aug 24, 2013 6:12:18 PM org.apache.catalina.realm.LockOutRealm authenticate
WARNING: An attempt was made to authenticate the locked user "tomcat"
Aug 24, 2013 6:12:18 PM org.apache.catalina.realm.LockOutRealm authenticate
WARNING: An attempt was made to authenticate the locked user "tomcat"
Aug 24, 2013 6:12:18 PM org.apache.catalina.realm.LockOutRealm authenticate
WARNING: An attempt was made to authenticate the locked user "tomcat"
Aug 24, 2013 6:12:18 PM org.apache.catalina.realm.LockOutRealm authenticate
WARNING: An attempt was made to authenticate the locked user "tomcat"
Aug 24, 2013 6:12:18 PM org.apache.catalina.realm.LockOutRealm authenticate
WARNING: An attempt was made to authenticate the locked user "tomcat"
Aug 24, 2013 6:12:18 PM org.apache.catalina.realm.LockOutRealm authenticate
WARNING: An attempt was made to authenticate the locked user "tomcat"
Aug 24, 2013 6:12:18 PM org.apache.catalina.realm.LockOutRealm authenticate
WARNING: An attempt was made to authenticate the locked user "tomcat"
Aug 24, 2013 6:12:18 PM org.apache.catalina.realm.LockOutRealm authenticate
WARNING: An attempt was made to authenticate the locked user "tomcat"
Aug 24, 2013 6:12:18 PM org.apache.catalina.realm.LockOutRealm authenticate
WARNING: An attempt was made to authenticate the locked user "tomcat"
Aug 24, 2013 6:12:18 PM org.apache.catalina.realm.LockOutRealm authenticate
WARNING: An attempt was made to authenticate the locked user "tomcat"
Aug 24, 2013 6:12:18 PM org.apache.catalina.realm.LockOutRealm authenticate
WARNING: An attempt was made to authenticate the locked user "tomcat"
Aug 24, 2013 6:12:18 PM org.apache.catalina.realm.LockOutRealm authenticate
WARNING: An attempt was made to authenticate the locked user "tomcat"
Aug 24, 2013 6:12:18 PM org.apache.catalina.realm.LockOutRealm authenticate
WARNING: An attempt was made to authenticate the locked user "tomcat"
Aug 24, 2013 6:12:18 PM org.apache.catalina.realm.LockOutRealm authenticate
WARNING: An attempt was made to authenticate the locked user "tomcat"
Aug 24, 2013 6:12:18 PM org.apache.catalina.realm.LockOutRealm authenticate
WARNING: An attempt was made to authenticate the locked user "tomcat"
Aug 24, 2013 6:12:19 PM org.apache.catalina.realm.LockOutRealm authenticate
WARNING: An attempt was made to authenticate the locked user "tomcat"
Aug 24, 2013 6:12:19 PM org.apache.catalina.realm.LockOutRealm authenticate
WARNING: An attempt was made to authenticate the locked user "tomcat"
Aug 24, 2013 6:12:19 PM org.apache.catalina.realm.LockOutRealm authenticate
WARNING: An attempt was made to authenticate the locked user "tomcat"
Aug 24, 2013 6:12:19 PM org.apache.catalina.realm.LockOutRealm authenticate
WARNING: An attempt was made to authenticate the locked user "tomcat"
Aug 24, 2013 6:12:19 PM org.apache.catalina.realm.LockOutRealm authenticate
WARNING: An attempt was made to authenticate the locked user "tomcat"
Aug 24, 2013 6:12:19 PM org.apache.catalina.realm.LockOutRealm authenticate
WARNING: An attempt was made to authenticate the locked user "tomcat"
Aug 24, 2013 6:12:19 PM org.apache.catalina.realm.LockOutRealm authenticate
WARNING: An attempt was made to authenticate the locked user "tomcat"
Aug 24, 2013 6:12:19 PM org.apache.catalina.realm.LockOutRealm authenticate
WARNING: An attempt was made to authenticate the locked user "tomcat"
Aug 24, 2013 6:12:19 PM org.apache.catalina.realm.LockOutRealm authenticate
WARNING: An attempt was made to authenticate the locked user "tomcat"
Aug 24, 2013 6:12:19 PM org.apache.catalina.realm.LockOutRealm authenticate
WARNING: An attempt was made to authenticate the locked user "tomcat"
Aug 24, 2013 6:12:19 PM org.apache.catalina.realm.LockOutRealm authenticate
WARNING: An attempt was made to authenticate the locked user "tomcat"
Aug 24, 2013 6:12:19 PM org.apache.catalina.realm.LockOutRealm authenticate
WARNING: An attempt was made to authenticate the locked user "tomcat"
Aug 24, 2013 6:12:19 PM org.apache.catalina.realm.LockOutRealm authenticate
WARNING: An attempt was made to authenticate the locked user "tomcat"
Aug 24, 2013 6:12:19 PM org.apache.catalina.realm.LockOutRealm authenticate
WARNING: An attempt was made to authenticate the locked user "tomcat"
Aug 24, 2013 6:12:19 PM org.apache.catalina.realm.LockOutRealm authenticate
WARNING: An attempt was made to authenticate the locked user "tomcat"
Aug 24, 2013 6:12:19 PM org.apache.catalina.realm.LockOutRealm authenticate
WARNING: An attempt was made to authenticate the locked user "tomcat"
Aug 24, 2013 6:12:19 PM org.apache.catalina.realm.LockOutRealm authenticate
WARNING: An attempt was made to authenticate the locked user "tomcat"
Aug 24, 2013 6:12:19 PM org.apache.catalina.realm.LockOutRealm authenticate
WARNING: An attempt was made to authenticate the locked user "tomcat"
Aug 24, 2013 6:12:20 PM org.apache.catalina.realm.LockOutRealm authenticate
WARNING: An attempt was made to authenticate the locked user "tomcat"
Aug 24, 2013 6:12:20 PM org.apache.catalina.realm.LockOutRealm authenticate
WARNING: An attempt was made to authenticate the locked user "tomcat"
Aug 24, 2013 6:12:20 PM org.apache.catalina.realm.LockOutRealm authenticate
WARNING: An attempt was made to authenticate the locked user "admin"
Aug 24, 2013 6:12:20 PM org.apache.catalina.realm.LockOutRealm authenticate
WARNING: An attempt was made to authenticate the locked user "admin"
Aug 24, 2013 6:12:20 PM org.apache.catalina.realm.LockOutRealm authenticate
WARNING: An attempt was made to authenticate the locked user "admin"
Aug 24, 2013 6:12:20 PM org.apache.catalina.realm.LockOutRealm authenticate
WARNING: An attempt was made to authenticate the locked user "admin"
Aug 24, 2013 6:12:20 PM org.apache.catalina.realm.LockOutRealm authenticate
WARNING: An attempt was made to authenticate the locked user "admin"
Aug 24, 2013 6:12:20 PM org.apache.catalina.realm.LockOutRealm authenticate
WARNING: An attempt was made to authenticate the locked user "admin"
Aug 24, 2013 6:12:20 PM org.apache.catalina.realm.LockOutRealm authenticate
WARNING: An attempt was made to authenticate the locked user "admin"
Aug 24, 2013 6:12:20 PM org.apache.catalina.realm.LockOutRealm authenticate
WARNING: An attempt was made to authenticate the locked user "admin"
Aug 24, 2013 6:12:21 PM org.apache.catalina.realm.LockOutRealm authenticate
WARNING: An attempt was made to authenticate the locked user "admin"
Aug 24, 2013 6:12:21 PM org.apache.catalina.realm.LockOutRealm authenticate
WARNING: An attempt was made to authenticate the locked user "admin"
Aug 24, 2013 6:12:21 PM org.apache.catalina.realm.LockOutRealm authenticate
WARNING: An attempt was made to authenticate the locked user "admin"
Aug 24, 2013 6:12:21 PM org.apache.catalina.realm.LockOutRealm authenticate
WARNING: An attempt was made to authenticate the locked user "admin"
Aug 24, 2013 6:12:21 PM org.apache.catalina.realm.LockOutRealm authenticate
WARNING: An attempt was made to authenticate the locked user "admin"
Aug 24, 2013 6:12:21 PM org.apache.catalina.realm.LockOutRealm authenticate
WARNING: An attempt was made to authenticate the locked user "admin"
Aug 24, 2013 6:12:21 PM org.apache.catalina.realm.LockOutRealm authenticate
WARNING: An attempt was made to authenticate the locked user "admin"
Aug 24, 2013 6:12:21 PM org.apache.catalina.realm.LockOutRealm authenticate
WARNING: An attempt was made to authenticate the locked user "admin"
Aug 24, 2013 6:12:21 PM org.apache.catalina.realm.LockOutRealm authenticate
WARNING: An attempt was made to authenticate the locked user "admin"
Aug 24, 2013 6:12:21 PM org.apache.catalina.realm.LockOutRealm authenticate
WARNING: An attempt was made to authenticate the locked user "admin"
Aug 24, 2013 6:12:21 PM org.apache.catalina.realm.LockOutRealm authenticate
WARNING: An attempt was made to authenticate the locked user "admin"
Aug 24, 2013 6:12:21 PM org.apache.catalina.realm.LockOutRealm authenticate
WARNING: An attempt was made to authenticate the locked user "admin"
Aug 24, 2013 6:12:21 PM org.apache.catalina.realm.LockOutRealm authenticate
WARNING: An attempt was made to authenticate the locked user "admin"
Aug 24, 2013 6:12:22 PM org.apache.catalina.realm.LockOutRealm authenticate
WARNING: An attempt was made to authenticate the locked user "admin"
Aug 24, 2013 6:12:22 PM org.apache.catalina.realm.LockOutRealm authenticate
WARNING: An attempt was made to authenticate the locked user "admin"
Aug 24, 2013 6:12:22 PM org.apache.catalina.realm.LockOutRealm authenticate
WARNING: An attempt was made to authenticate the locked user "admin"
Aug 24, 2013 6:12:22 PM org.apache.catalina.realm.LockOutRealm authenticate
WARNING: An attempt was made to authenticate the locked user "admin"
Aug 24, 2013 6:12:22 PM org.apache.catalina.realm.LockOutRealm authenticate
WARNING: An attempt was made to authenticate the locked user "admin"
Aug 24, 2013 6:12:22 PM org.apache.catalina.realm.LockOutRealm authenticate
WARNING: An attempt was made to authenticate the locked user "admin"
Aug 24, 2013 6:12:22 PM org.apache.catalina.realm.LockOutRealm authenticate
WARNING: An attempt was made to authenticate the locked user "admin"
Aug 24, 2013 6:12:22 PM org.apache.catalina.realm.LockOutRealm authenticate
WARNING: An attempt was made to authenticate the locked user "admin"
Aug 24, 2013 6:12:22 PM org.apache.catalina.realm.LockOutRealm authenticate
WARNING: An attempt was made to authenticate the locked user "admin"
Aug 24, 2013 6:12:22 PM org.apache.catalina.realm.LockOutRealm authenticate
WARNING: An attempt was made to authenticate the locked user "admin"
Aug 24, 2013 6:12:22 PM org.apache.catalina.realm.LockOutRealm authenticate
WARNING: An attempt was made to authenticate the locked user "admin"
Aug 24, 2013 6:12:22 PM org.apache.catalina.realm.LockOutRealm authenticate
WARNING: An attempt was made to authenticate the locked user "admin"
Aug 24, 2013 6:12:22 PM org.apache.catalina.realm.LockOutRealm authenticate
WARNING: An attempt was made to authenticate the locked user "admin"
Aug 24, 2013 6:12:22 PM org.apache.catalina.realm.LockOutRealm authenticate
WARNING: An attempt was made to authenticate the locked user "admin"
Aug 24, 2013 6:12:22 PM org.apache.catalina.realm.LockOutRealm authenticate
WARNING: An attempt was made to authenticate the locked user "admin"
Aug 24, 2013 6:12:22 PM org.apache.catalina.realm.LockOutRealm authenticate
WARNING: An attempt was made to authenticate the locked user "admin"
Aug 24, 2013 6:12:22 PM org.apache.catalina.realm.LockOutRealm authenticate
WARNING: An attempt was made to authenticate the locked user "admin"
Aug 24, 2013 6:12:22 PM org.apache.catalina.realm.LockOutRealm authenticate
WARNING: An attempt was made to authenticate the locked user "admin"
Aug 24, 2013 6:12:22 PM org.apache.catalina.realm.LockOutRealm authenticate
WARNING: An attempt was made to authenticate the locked user "admin"
Aug 24, 2013 6:12:23 PM org.apache.catalina.realm.LockOutRealm authenticate
WARNING: An attempt was made to authenticate the locked user "admin"
Aug 24, 2013 6:12:23 PM org.apache.catalina.realm.LockOutRealm authenticate
WARNING: An attempt was made to authenticate the locked user "admin"
Aug 24, 2013 6:12:23 PM org.apache.catalina.realm.LockOutRealm authenticate
WARNING: An attempt was made to authenticate the locked user "admin"
Aug 24, 2013 6:12:23 PM org.apache.catalina.realm.LockOutRealm authenticate
WARNING: An attempt was made to authenticate the locked user "admin"
Aug 24, 2013 6:12:23 PM org.apache.catalina.realm.LockOutRealm authenticate
WARNING: An attempt was made to authenticate the locked user "admin"
Aug 24, 2013 6:12:23 PM org.apache.catalina.realm.LockOutRealm authenticate
WARNING: An attempt was made to authenticate the locked user "admin"
Aug 24, 2013 6:12:23 PM org.apache.catalina.realm.LockOutRealm authenticate
WARNING: An attempt was made to authenticate the locked user "admin"
Aug 24, 2013 6:12:23 PM org.apache.catalina.realm.LockOutRealm authenticate
WARNING: An attempt was made to authenticate the locked user "admin"
Aug 24, 2013 6:12:23 PM org.apache.catalina.realm.LockOutRealm authenticate
WARNING: An attempt was made to authenticate the locked user "admin"
Aug 24, 2013 6:12:23 PM org.apache.catalina.realm.LockOutRealm authenticate
WARNING: An attempt was made to authenticate the locked user "admin"
Aug 24, 2013 6:12:23 PM org.apache.catalina.realm.LockOutRealm authenticate
WARNING: An attempt was made to authenticate the locked user "admin"
Aug 24, 2013 6:12:23 PM org.apache.catalina.realm.LockOutRealm authenticate
WARNING: An attempt was made to authenticate the locked user "admin"
Aug 24, 2013 6:12:23 PM org.apache.catalina.realm.LockOutRealm authenticate
WARNING: An attempt was made to authenticate the locked user "admin"
Aug 24, 2013 6:12:23 PM org.apache.catalina.realm.LockOutRealm authenticate
WARNING: An attempt was made to authenticate the locked user "admin"
Aug 24, 2013 6:12:23 PM org.apache.catalina.realm.LockOutRealm authenticate
WARNING: An attempt was made to authenticate the locked user "admin"
Aug 24, 2013 6:12:23 PM org.apache.catalina.realm.LockOutRealm authenticate
WARNING: An attempt was made to authenticate the locked user "admin"
Aug 24, 2013 6:12:23 PM org.apache.catalina.realm.LockOutRealm authenticate
WARNING: An attempt was made to authenticate the locked user "admin"
Aug 24, 2013 6:12:24 PM org.apache.catalina.realm.LockOutRealm authenticate
WARNING: An attempt was made to authenticate the locked user "admin"
Aug 24, 2013 6:12:24 PM org.apache.catalina.realm.LockOutRealm authenticate
WARNING: An attempt was made to authenticate the locked user "admin"
Aug 24, 2013 6:12:24 PM org.apache.catalina.realm.LockOutRealm authenticate
WARNING: An attempt was made to authenticate the locked user "manager"
Aug 24, 2013 6:12:24 PM org.apache.catalina.realm.LockOutRealm authenticate
WARNING: An attempt was made to authenticate the locked user "manager"
Aug 24, 2013 6:12:24 PM org.apache.catalina.realm.LockOutRealm authenticate
WARNING: An attempt was made to authenticate the locked user "manager"
Aug 24, 2013 6:12:24 PM org.apache.catalina.realm.LockOutRealm authenticate
WARNING: An attempt was made to authenticate the locked user "manager"
Aug 24, 2013 6:12:24 PM org.apache.catalina.realm.LockOutRealm authenticate
WARNING: An attempt was made to authenticate the locked user "manager"
Aug 24, 2013 6:12:24 PM org.apache.catalina.realm.LockOutRealm authenticate
WARNING: An attempt was made to authenticate the locked user "manager"
Aug 24, 2013 6:12:24 PM org.apache.catalina.realm.LockOutRealm authenticate
WARNING: An attempt was made to authenticate the locked user "manager"
Aug 24, 2013 6:12:24 PM org.apache.catalina.realm.LockOutRealm authenticate
WARNING: An attempt was made to authenticate the locked user "manager"
Aug 24, 2013 6:12:24 PM org.apache.catalina.realm.LockOutRealm authenticate
WARNING: An attempt was made to authenticate the locked user "manager"
Aug 24, 2013 6:12:25 PM org.apache.catalina.realm.LockOutRealm authenticate
WARNING: An attempt was made to authenticate the locked user "manager"
Aug 24, 2013 6:12:25 PM org.apache.catalina.realm.LockOutRealm authenticate
WARNING: An attempt was made to authenticate the locked user "manager"
Aug 24, 2013 6:12:25 PM org.apache.catalina.realm.LockOutRealm authenticate
WARNING: An attempt was made to authenticate the locked user "manager"
Aug 24, 2013 6:12:25 PM org.apache.catalina.realm.LockOutRealm authenticate
WARNING: An attempt was made to authenticate the locked user "manager"
Aug 24, 2013 6:12:25 PM org.apache.catalina.realm.LockOutRealm authenticate
WARNING: An attempt was made to authenticate the locked user "manager"
Aug 24, 2013 6:12:25 PM org.apache.catalina.realm.LockOutRealm authenticate
WARNING: An attempt was made to authenticate the locked user "manager"
Aug 24, 2013 6:12:25 PM org.apache.catalina.realm.LockOutRealm authenticate
WARNING: An attempt was made to authenticate the locked user "manager"
Aug 24, 2013 6:12:25 PM org.apache.catalina.realm.LockOutRealm authenticate
WARNING: An attempt was made to authenticate the locked user "manager"
Aug 24, 2013 6:12:25 PM org.apache.catalina.realm.LockOutRealm authenticate
WARNING: An attempt was made to authenticate the locked user "manager"
Aug 24, 2013 6:12:25 PM org.apache.catalina.realm.LockOutRealm authenticate
WARNING: An attempt was made to authenticate the locked user "manager"
Aug 24, 2013 6:12:25 PM org.apache.catalina.realm.LockOutRealm authenticate
WARNING: An attempt was made to authenticate the locked user "manager"
Aug 24, 2013 6:12:26 PM org.apache.catalina.realm.LockOutRealm authenticate
WARNING: An attempt was made to authenticate the locked user "manager"
Aug 24, 2013 6:12:26 PM org.apache.catalina.realm.LockOutRealm authenticate
WARNING: An attempt was made to authenticate the locked user "manager"
Aug 24, 2013 6:12:26 PM org.apache.catalina.realm.LockOutRealm authenticate
WARNING: An attempt was made to authenticate the locked user "manager"
Aug 24, 2013 6:12:26 PM org.apache.catalina.realm.LockOutRealm authenticate
WARNING: An attempt was made to authenticate the locked user "manager"
Aug 24, 2013 6:12:26 PM org.apache.catalina.realm.LockOutRealm authenticate
WARNING: An attempt was made to authenticate the locked user "manager"
Aug 24, 2013 6:12:26 PM org.apache.catalina.realm.LockOutRealm authenticate
WARNING: An attempt was made to authenticate the locked user "manager"
Aug 24, 2013 6:12:26 PM org.apache.catalina.realm.LockOutRealm authenticate
WARNING: An attempt was made to authenticate the locked user "manager"
Aug 24, 2013 6:12:26 PM org.apache.catalina.realm.LockOutRealm authenticate
WARNING: An attempt was made to authenticate the locked user "manager"
Aug 24, 2013 6:12:26 PM org.apache.catalina.realm.LockOutRealm authenticate
WARNING: An attempt was made to authenticate the locked user "manager"
Aug 24, 2013 6:12:26 PM org.apache.catalina.realm.LockOutRealm authenticate
WARNING: An attempt was made to authenticate the locked user "manager"
Aug 24, 2013 6:12:26 PM org.apache.catalina.realm.LockOutRealm authenticate
WARNING: An attempt was made to authenticate the locked user "manager"
Aug 24, 2013 6:12:27 PM org.apache.catalina.realm.LockOutRealm authenticate
WARNING: An attempt was made to authenticate the locked user "manager"
Aug 24, 2013 6:12:27 PM org.apache.catalina.realm.LockOutRealm authenticate
WARNING: An attempt was made to authenticate the locked user "manager"
Aug 24, 2013 6:12:27 PM org.apache.catalina.realm.LockOutRealm authenticate
WARNING: An attempt was made to authenticate the locked user "manager"
Aug 24, 2013 6:12:27 PM org.apache.catalina.realm.LockOutRealm authenticate
WARNING: An attempt was made to authenticate the locked user "manager"
Aug 24, 2013 6:12:27 PM org.apache.catalina.realm.LockOutRealm authenticate
WARNING: An attempt was made to authenticate the locked user "manager"
Aug 24, 2013 6:12:27 PM org.apache.catalina.realm.LockOutRealm authenticate
WARNING: An attempt was made to authenticate the locked user "manager"
Aug 24, 2013 6:12:27 PM org.apache.catalina.realm.LockOutRealm authenticate
WARNING: An attempt was made to authenticate the locked user "manager"
Aug 24, 2013 6:12:27 PM org.apache.catalina.realm.LockOutRealm authenticate
WARNING: An attempt was made to authenticate the locked user "manager"
Aug 24, 2013 6:12:27 PM org.apache.catalina.realm.LockOutRealm authenticate
WARNING: An attempt was made to authenticate the locked user "manager"
Aug 24, 2013 6:12:27 PM org.apache.catalina.realm.LockOutRealm authenticate
WARNING: An attempt was made to authenticate the locked user "manager"
Aug 24, 2013 6:12:27 PM org.apache.catalina.realm.LockOutRealm authenticate
WARNING: An attempt was made to authenticate the locked user "manager"
Aug 24, 2013 6:12:27 PM org.apache.catalina.realm.LockOutRealm authenticate
WARNING: An attempt was made to authenticate the locked user "manager"
Aug 24, 2013 6:12:28 PM org.apache.catalina.realm.LockOutRealm authenticate
WARNING: An attempt was made to authenticate the locked user "manager"
Aug 24, 2013 6:12:28 PM org.apache.catalina.realm.LockOutRealm authenticate
WARNING: An attempt was made to authenticate the locked user "manager"
Aug 24, 2013 6:12:28 PM org.apache.catalina.realm.LockOutRealm authenticate
WARNING: An attempt was made to authenticate the locked user "manager"
Aug 24, 2013 6:12:28 PM org.apache.catalina.realm.LockOutRealm authenticate
WARNING: An attempt was made to authenticate the locked user "manager"
Aug 24, 2013 6:12:28 PM org.apache.catalina.realm.LockOutRealm authenticate
WARNING: An attempt was made to authenticate the locked user "manager"
Aug 24, 2013 6:12:28 PM org.apache.catalina.realm.LockOutRealm authenticate
WARNING: An attempt was made to authenticate the locked user "manager"
Aug 24, 2013 6:12:28 PM org.apache.catalina.realm.LockOutRealm authenticate
WARNING: An attempt was made to authenticate the locked user "manager"
Aug 24, 2013 6:12:28 PM org.apache.catalina.realm.LockOutRealm authenticate
WARNING: An attempt was made to authenticate the locked user "manager"
Aug 24, 2013 6:12:28 PM org.apache.catalina.realm.LockOutRealm authenticate
WARNING: An attempt was made to authenticate the locked user "manager"
Aug 24, 2013 6:12:28 PM org.apache.catalina.realm.LockOutRealm authenticate
WARNING: An attempt was made to authenticate the locked user "manager"
Aug 24, 2013 6:12:28 PM org.apache.catalina.realm.LockOutRealm authenticate
WARNING: An attempt was made to authenticate the locked user "manager"
Aug 24, 2013 6:12:28 PM org.apache.catalina.realm.LockOutRealm authenticate
WARNING: An attempt was made to authenticate the locked user "manager"
Aug 24, 2013 6:12:29 PM org.apache.catalina.realm.LockOutRealm authenticate
WARNING: An attempt was made to authenticate the locked user "manager"
Aug 24, 2013 6:12:29 PM org.apache.catalina.realm.LockOutRealm authenticate
WARNING: An attempt was made to authenticate the locked user "manager"
Aug 24, 2013 6:12:29 PM org.apache.catalina.realm.LockOutRealm authenticate
WARNING: An attempt was made to authenticate the locked user "manager"
Aug 24, 2013 6:12:29 PM org.apache.catalina.realm.LockOutRealm authenticate
WARNING: An attempt was made to authenticate the locked user "manager"
Aug 24, 2013 6:12:29 PM org.apache.catalina.realm.LockOutRealm authenticate
WARNING: An attempt was made to authenticate the locked user "manager"
Aug 24, 2013 6:12:29 PM org.apache.catalina.realm.LockOutRealm authenticate
WARNING: An attempt was made to authenticate the locked user "manager"
Aug 24, 2013 6:12:29 PM org.apache.catalina.realm.LockOutRealm authenticate
WARNING: An attempt was made to authenticate the locked user "manager"
Aug 24, 2013 6:12:29 PM org.apache.catalina.realm.LockOutRealm authenticate
WARNING: An attempt was made to authenticate the locked user "manager"
Aug 24, 2013 6:12:29 PM org.apache.catalina.realm.LockOutRealm authenticate
WARNING: An attempt was made to authenticate the locked user "manager"
Aug 24, 2013 6:12:29 PM org.apache.catalina.realm.LockOutRealm authenticate
WARNING: An attempt was made to authenticate the locked user "manager"
Aug 24, 2013 6:12:29 PM org.apache.catalina.realm.LockOutRealm authenticate
WARNING: An attempt was made to authenticate the locked user "manager"
Aug 24, 2013 6:12:30 PM org.apache.catalina.realm.LockOutRealm authenticate
WARNING: An attempt was made to authenticate the locked user "user"
Aug 24, 2013 6:12:31 PM org.apache.catalina.realm.LockOutRealm authenticate
WARNING: An attempt was made to authenticate the locked user "user"
Aug 24, 2013 6:12:31 PM org.apache.catalina.realm.LockOutRealm authenticate
WARNING: An attempt was made to authenticate the locked user "user"
Aug 24, 2013 6:12:31 PM org.apache.catalina.realm.LockOutRealm authenticate
WARNING: An attempt was made to authenticate the locked user "user"
Aug 24, 2013 6:12:31 PM org.apache.catalina.realm.LockOutRealm authenticate
WARNING: An attempt was made to authenticate the locked user "user"
Aug 24, 2013 6:12:31 PM org.apache.catalina.realm.LockOutRealm authenticate
WARNING: An attempt was made to authenticate the locked user "user"
Aug 24, 2013 6:12:31 PM org.apache.catalina.realm.LockOutRealm authenticate
WARNING: An attempt was made to authenticate the locked user "user"
Aug 24, 2013 6:12:31 PM org.apache.catalina.realm.LockOutRealm authenticate
WARNING: An attempt was made to authenticate the locked user "user"
Aug 24, 2013 6:12:31 PM org.apache.catalina.realm.LockOutRealm authenticate
WARNING: An attempt was made to authenticate the locked user "user"
Aug 24, 2013 6:12:32 PM org.apache.catalina.realm.LockOutRealm authenticate
WARNING: An attempt was made to authenticate the locked user "user"
Aug 24, 2013 6:12:32 PM org.apache.catalina.realm.LockOutRealm authenticate
WARNING: An attempt was made to authenticate the locked user "user"
Aug 24, 2013 6:12:32 PM org.apache.catalina.realm.LockOutRealm authenticate
WARNING: An attempt was made to authenticate the locked user "user"
Aug 24, 2013 6:12:32 PM org.apache.catalina.realm.LockOutRealm authenticate
WARNING: An attempt was made to authenticate the locked user "user"
Aug 24, 2013 6:12:32 PM org.apache.catalina.realm.LockOutRealm authenticate
WARNING: An attempt was made to authenticate the locked user "user"
Aug 24, 2013 6:12:32 PM org.apache.catalina.realm.LockOutRealm authenticate
WARNING: An attempt was made to authenticate the locked user "user"
Aug 24, 2013 6:12:32 PM org.apache.catalina.realm.LockOutRealm authenticate
WARNING: An attempt was made to authenticate the locked user "user"
Aug 24, 2013 6:12:32 PM org.apache.catalina.realm.LockOutRealm authenticate
WARNING: An attempt was made to authenticate the locked user "user"
Aug 24, 2013 6:12:32 PM org.apache.catalina.realm.LockOutRealm authenticate
WARNING: An attempt was made to authenticate the locked user "user"
Aug 24, 2013 6:12:32 PM org.apache.catalina.realm.LockOutRealm authenticate
WARNING: An attempt was made to authenticate the locked user "user"
Aug 24, 2013 6:12:32 PM org.apache.catalina.realm.LockOutRealm authenticate
WARNING: An attempt was made to authenticate the locked user "user"
Aug 24, 2013 6:12:32 PM org.apache.catalina.realm.LockOutRealm authenticate
WARNING: An attempt was made to authenticate the locked user "user"
Aug 24, 2013 6:12:33 PM org.apache.catalina.realm.LockOutRealm authenticate
WARNING: An attempt was made to authenticate the locked user "user"
Aug 24, 2013 6:12:33 PM org.apache.catalina.realm.LockOutRealm authenticate
WARNING: An attempt was made to authenticate the locked user "user"
Aug 24, 2013 6:12:33 PM org.apache.catalina.realm.LockOutRealm authenticate
WARNING: An attempt was made to authenticate the locked user "user"
Aug 24, 2013 6:12:33 PM org.apache.catalina.realm.LockOutRealm authenticate
WARNING: An attempt was made to authenticate the locked user "user"
Aug 24, 2013 6:12:33 PM org.apache.catalina.realm.LockOutRealm authenticate
WARNING: An attempt was made to authenticate the locked user "user"
Aug 24, 2013 6:12:33 PM org.apache.catalina.realm.LockOutRealm authenticate
WARNING: An attempt was made to authenticate the locked user "user"
Aug 24, 2013 6:12:33 PM org.apache.catalina.realm.LockOutRealm authenticate
WARNING: An attempt was made to authenticate the locked user "user"
Aug 24, 2013 6:12:33 PM org.apache.catalina.realm.LockOutRealm authenticate
WARNING: An attempt was made to authenticate the locked user "user"
Aug 24, 2013 6:12:33 PM org.apache.catalina.realm.LockOutRealm authenticate
WARNING: An attempt was made to authenticate the locked user "user"
Aug 24, 2013 6:12:33 PM org.apache.catalina.realm.LockOutRealm authenticate
WARNING: An attempt was made to authenticate the locked user "user"
Aug 24, 2013 6:12:33 PM org.apache.catalina.realm.LockOutRealm authenticate
WARNING: An attempt was made to authenticate the locked user "user"
Aug 24, 2013 6:12:33 PM org.apache.catalina.realm.LockOutRealm authenticate
WARNING: An attempt was made to authenticate the locked user "user"
Aug 24, 2013 6:12:34 PM org.apache.catalina.realm.LockOutRealm authenticate
WARNING: An attempt was made to authenticate the locked user "user"
Aug 24, 2013 6:12:34 PM org.apache.catalina.realm.LockOutRealm authenticate
WARNING: An attempt was made to authenticate the locked user "user"
Aug 24, 2013 6:12:34 PM org.apache.catalina.realm.LockOutRealm authenticate
WARNING: An attempt was made to authenticate the locked user "user"
Aug 24, 2013 6:12:34 PM org.apache.catalina.realm.LockOutRealm authenticate
WARNING: An attempt was made to authenticate the locked user "user"
Aug 24, 2013 6:12:34 PM org.apache.catalina.realm.LockOutRealm authenticate
WARNING: An attempt was made to authenticate the locked user "user"
Aug 24, 2013 6:12:34 PM org.apache.catalina.realm.LockOutRealm authenticate
WARNING: An attempt was made to authenticate the locked user "user"
Aug 24, 2013 6:12:34 PM org.apache.catalina.realm.LockOutRealm authenticate
WARNING: An attempt was made to authenticate the locked user "user"
Aug 24, 2013 6:12:34 PM org.apache.catalina.realm.LockOutRealm authenticate
WARNING: An attempt was made to authenticate the locked user "user"
Aug 24, 2013 6:12:34 PM org.apache.catalina.realm.LockOutRealm authenticate
WARNING: An attempt was made to authenticate the locked user "user"
Aug 24, 2013 6:12:34 PM org.apache.catalina.realm.LockOutRealm authenticate
WARNING: An attempt was made to authenticate the locked user "user"
Aug 24, 2013 6:12:35 PM org.apache.catalina.realm.LockOutRealm authenticate
WARNING: An attempt was made to authenticate the locked user "user"
Aug 24, 2013 6:12:35 PM org.apache.catalina.realm.LockOutRealm authenticate
WARNING: An attempt was made to authenticate the locked user "user"
Aug 24, 2013 6:12:35 PM org.apache.catalina.realm.LockOutRealm authenticate
WARNING: An attempt was made to authenticate the locked user "user"
Aug 24, 2013 6:12:35 PM org.apache.catalina.realm.LockOutRealm authenticate
WARNING: An attempt was made to authenticate the locked user "user"
Aug 24, 2013 6:12:35 PM org.apache.catalina.realm.LockOutRealm authenticate
WARNING: An attempt was made to authenticate the locked user "user"
Aug 24, 2013 6:12:35 PM org.apache.catalina.realm.LockOutRealm authenticate
WARNING: An attempt was made to authenticate the locked user "user"
Aug 24, 2013 6:12:35 PM org.apache.catalina.realm.LockOutRealm authenticate
WARNING: An attempt was made to authenticate the locked user "user"
Aug 24, 2013 6:12:35 PM org.apache.catalina.realm.LockOutRealm authenticate
WARNING: An attempt was made to authenticate the locked user "user"
Aug 24, 2013 6:12:35 PM org.apache.catalina.realm.LockOutRealm authenticate
WARNING: An attempt was made to authenticate the locked user "user"
Aug 24, 2013 6:12:36 PM org.apache.catalina.realm.LockOutRealm authenticate
WARNING: An attempt was made to authenticate the locked user "user"
Aug 24, 2013 6:12:36 PM org.apache.catalina.realm.LockOutRealm authenticate
WARNING: An attempt was made to authenticate the locked user "user"
Aug 24, 2013 6:12:36 PM org.apache.catalina.realm.LockOutRealm authenticate
WARNING: An attempt was made to authenticate the locked user "user"
Aug 24, 2013 6:12:36 PM org.apache.catalina.realm.LockOutRealm authenticate
WARNING: An attempt was made to authenticate the locked user "user"
Aug 24, 2013 6:12:36 PM org.apache.catalina.realm.LockOutRealm authenticate
WARNING: An attempt was made to authenticate the locked user "user"
Aug 24, 2013 6:12:37 PM org.apache.catalina.realm.LockOutRealm authenticate
WARNING: An attempt was made to authenticate the locked user "root"
Aug 24, 2013 6:12:37 PM org.apache.catalina.realm.LockOutRealm authenticate
WARNING: An attempt was made to authenticate the locked user "root"
Aug 24, 2013 6:12:37 PM org.apache.catalina.realm.LockOutRealm authenticate
WARNING: An attempt was made to authenticate the locked user "root"
Aug 24, 2013 6:12:37 PM org.apache.catalina.realm.LockOutRealm authenticate
WARNING: An attempt was made to authenticate the locked user "root"
Aug 24, 2013 6:12:37 PM org.apache.catalina.realm.LockOutRealm authenticate
WARNING: An attempt was made to authenticate the locked user "root"
Aug 24, 2013 6:12:37 PM org.apache.catalina.realm.LockOutRealm authenticate
WARNING: An attempt was made to authenticate the locked user "root"
Aug 24, 2013 6:12:37 PM org.apache.catalina.realm.LockOutRealm authenticate
WARNING: An attempt was made to authenticate the locked user "root"
Aug 24, 2013 6:12:37 PM org.apache.catalina.realm.LockOutRealm authenticate
WARNING: An attempt was made to authenticate the locked user "root"
Aug 24, 2013 6:12:37 PM org.apache.catalina.realm.LockOutRealm authenticate
WARNING: An attempt was made to authenticate the locked user "root"
Aug 24, 2013 6:12:38 PM org.apache.catalina.realm.LockOutRealm authenticate
WARNING: An attempt was made to authenticate the locked user "root"
Aug 24, 2013 6:12:38 PM org.apache.catalina.realm.LockOutRealm authenticate
WARNING: An attempt was made to authenticate the locked user "root"
Aug 24, 2013 6:12:38 PM org.apache.catalina.realm.LockOutRealm authenticate
WARNING: An attempt was made to authenticate the locked user "root"
Aug 24, 2013 6:12:38 PM org.apache.catalina.realm.LockOutRealm authenticate
WARNING: An attempt was made to authenticate the locked user "root"
Aug 24, 2013 6:12:38 PM org.apache.catalina.realm.LockOutRealm authenticate
WARNING: An attempt was made to authenticate the locked user "root"
Aug 24, 2013 6:12:38 PM org.apache.catalina.realm.LockOutRealm authenticate
WARNING: An attempt was made to authenticate the locked user "root"
Aug 24, 2013 6:12:38 PM org.apache.catalina.realm.LockOutRealm authenticate
WARNING: An attempt was made to authenticate the locked user "root"
Aug 24, 2013 6:12:38 PM org.apache.catalina.realm.LockOutRealm authenticate
WARNING: An attempt was made to authenticate the locked user "root"
Aug 24, 2013 6:12:38 PM org.apache.catalina.realm.LockOutRealm authenticate
WARNING: An attempt was made to authenticate the locked user "root"
Aug 24, 2013 6:12:38 PM org.apache.catalina.realm.LockOutRealm authenticate
WARNING: An attempt was made to authenticate the locked user "root"
Aug 24, 2013 6:12:39 PM org.apache.catalina.realm.LockOutRealm authenticate
WARNING: An attempt was made to authenticate the locked user "root"
Aug 24, 2013 6:12:39 PM org.apache.catalina.realm.LockOutRealm authenticate
WARNING: An attempt was made to authenticate the locked user "root"
Aug 24, 2013 6:12:39 PM org.apache.catalina.realm.LockOutRealm authenticate
WARNING: An attempt was made to authenticate the locked user "root"
Aug 24, 2013 6:12:39 PM org.apache.catalina.realm.LockOutRealm authenticate
WARNING: An attempt was made to authenticate the locked user "root"
Aug 24, 2013 6:12:39 PM org.apache.catalina.realm.LockOutRealm authenticate
WARNING: An attempt was made to authenticate the locked user "root"
Aug 24, 2013 6:12:39 PM org.apache.catalina.realm.LockOutRealm authenticate
WARNING: An attempt was made to authenticate the locked user "root"
Aug 24, 2013 6:12:39 PM org.apache.catalina.realm.LockOutRealm authenticate
WARNING: An attempt was made to authenticate the locked user "root"
Aug 24, 2013 6:12:39 PM org.apache.catalina.realm.LockOutRealm authenticate
WARNING: An attempt was made to authenticate the locked user "root"
Aug 24, 2013 6:12:40 PM org.apache.catalina.realm.LockOutRealm authenticate
WARNING: An attempt was made to authenticate the locked user "root"
Aug 24, 2013 6:12:40 PM org.apache.catalina.realm.LockOutRealm authenticate
WARNING: An attempt was made to authenticate the locked user "root"
Aug 24, 2013 6:12:40 PM org.apache.catalina.realm.LockOutRealm authenticate
WARNING: An attempt was made to authenticate the locked user "root"
Aug 24, 2013 6:12:40 PM org.apache.catalina.realm.LockOutRealm authenticate
WARNING: An attempt was made to authenticate the locked user "root"
Aug 24, 2013 6:12:40 PM org.apache.catalina.realm.LockOutRealm authenticate
WARNING: An attempt was made to authenticate the locked user "root"
Aug 24, 2013 6:12:40 PM org.apache.catalina.realm.LockOutRealm authenticate
WARNING: An attempt was made to authenticate the locked user "root"
Aug 24, 2013 6:12:40 PM org.apache.catalina.realm.LockOutRealm authenticate
WARNING: An attempt was made to authenticate the locked user "root"
Aug 24, 2013 6:12:40 PM org.apache.catalina.realm.LockOutRealm authenticate
WARNING: An attempt was made to authenticate the locked user "root"
Aug 24, 2013 6:12:41 PM org.apache.catalina.realm.LockOutRealm authenticate
WARNING: An attempt was made to authenticate the locked user "root"
Aug 24, 2013 6:12:41 PM org.apache.catalina.realm.LockOutRealm authenticate
WARNING: An attempt was made to authenticate the locked user "root"
Aug 24, 2013 6:12:41 PM org.apache.catalina.realm.LockOutRealm authenticate
WARNING: An attempt was made to authenticate the locked user "root"
Aug 24, 2013 6:12:41 PM org.apache.catalina.realm.LockOutRealm authenticate
WARNING: An attempt was made to authenticate the locked user "root"
Aug 24, 2013 6:12:41 PM org.apache.catalina.realm.LockOutRealm authenticate
WARNING: An attempt was made to authenticate the locked user "root"
Aug 24, 2013 6:12:41 PM org.apache.catalina.realm.LockOutRealm authenticate
WARNING: An attempt was made to authenticate the locked user "root"
Aug 24, 2013 6:12:41 PM org.apache.catalina.realm.LockOutRealm authenticate
WARNING: An attempt was made to authenticate the locked user "root"
Aug 24, 2013 6:12:42 PM org.apache.catalina.realm.LockOutRealm authenticate
WARNING: An attempt was made to authenticate the locked user "root"
Aug 24, 2013 6:12:42 PM org.apache.catalina.realm.LockOutRealm authenticate
WARNING: An attempt was made to authenticate the locked user "root"
Aug 24, 2013 6:12:42 PM org.apache.catalina.realm.LockOutRealm authenticate
WARNING: An attempt was made to authenticate the locked user "root"
Aug 24, 2013 6:12:42 PM org.apache.catalina.realm.LockOutRealm authenticate
WARNING: An attempt was made to authenticate the locked user "root"
Aug 24, 2013 6:12:42 PM org.apache.catalina.realm.LockOutRealm authenticate
WARNING: An attempt was made to authenticate the locked user "root"
Aug 24, 2013 6:12:42 PM org.apache.catalina.realm.LockOutRealm authenticate
WARNING: An attempt was made to authenticate the locked user "root"
Aug 24, 2013 6:12:42 PM org.apache.catalina.realm.LockOutRealm authenticate
WARNING: An attempt was made to authenticate the locked user "root"
Aug 24, 2013 6:12:44 PM org.apache.catalina.realm.LockOutRealm authenticate
WARNING: An attempt was made to authenticate the locked user "role1"
Aug 24, 2013 6:12:44 PM org.apache.catalina.realm.LockOutRealm authenticate
WARNING: An attempt was made to authenticate the locked user "role1"
Aug 24, 2013 6:12:44 PM org.apache.catalina.realm.LockOutRealm authenticate
WARNING: An attempt was made to authenticate the locked user "role1"
Aug 24, 2013 6:12:44 PM org.apache.catalina.realm.LockOutRealm authenticate
WARNING: An attempt was made to authenticate the locked user "role1"
Aug 24, 2013 6:12:44 PM org.apache.catalina.realm.LockOutRealm authenticate
WARNING: An attempt was made to authenticate the locked user "role1"
Aug 24, 2013 6:12:44 PM org.apache.catalina.realm.LockOutRealm authenticate
WARNING: An attempt was made to authenticate the locked user "role1"
Aug 24, 2013 6:12:44 PM org.apache.catalina.realm.LockOutRealm authenticate
WARNING: An attempt was made to authenticate the locked user "role1"
Aug 24, 2013 6:12:44 PM org.apache.catalina.realm.LockOutRealm authenticate
WARNING: An attempt was made to authenticate the locked user "role1"
Aug 24, 2013 6:12:44 PM org.apache.catalina.realm.LockOutRealm authenticate
WARNING: An attempt was made to authenticate the locked user "role1"
Aug 24, 2013 6:12:45 PM org.apache.catalina.realm.LockOutRealm authenticate
WARNING: An attempt was made to authenticate the locked user "role1"
Aug 24, 2013 6:12:45 PM org.apache.catalina.realm.LockOutRealm authenticate
WARNING: An attempt was made to authenticate the locked user "role1"
Aug 24, 2013 6:12:45 PM org.apache.catalina.realm.LockOutRealm authenticate
WARNING: An attempt was made to authenticate the locked user "role1"
Aug 24, 2013 6:12:45 PM org.apache.catalina.realm.LockOutRealm authenticate
WARNING: An attempt was made to authenticate the locked user "role1"
Aug 24, 2013 6:12:45 PM org.apache.catalina.realm.LockOutRealm authenticate
WARNING: An attempt was made to authenticate the locked user "role1"
Aug 24, 2013 6:12:45 PM org.apache.catalina.realm.LockOutRealm authenticate
WARNING: An attempt was made to authenticate the locked user "role1"
Aug 24, 2013 6:12:46 PM org.apache.catalina.realm.LockOutRealm authenticate
WARNING: An attempt was made to authenticate the locked user "role1"
Aug 24, 2013 6:12:46 PM org.apache.catalina.realm.LockOutRealm authenticate
WARNING: An attempt was made to authenticate the locked user "role1"
Aug 24, 2013 6:12:46 PM org.apache.catalina.realm.LockOutRealm authenticate
WARNING: An attempt was made to authenticate the locked user "role1"
Aug 24, 2013 6:12:46 PM org.apache.catalina.realm.LockOutRealm authenticate
WARNING: An attempt was made to authenticate the locked user "role1"
Aug 24, 2013 6:12:46 PM org.apache.catalina.realm.LockOutRealm authenticate
WARNING: An attempt was made to authenticate the locked user "role1"
Aug 24, 2013 6:12:46 PM org.apache.catalina.realm.LockOutRealm authenticate
WARNING: An attempt was made to authenticate the locked user "role1"
Aug 24, 2013 6:12:46 PM org.apache.catalina.realm.LockOutRealm authenticate
WARNING: An attempt was made to authenticate the locked user "role1"
Aug 24, 2013 6:12:46 PM org.apache.catalina.realm.LockOutRealm authenticate
WARNING: An attempt was made to authenticate the locked user "role1"
Aug 24, 2013 6:12:46 PM org.apache.catalina.realm.LockOutRealm authenticate
WARNING: An attempt was made to authenticate the locked user "role1"
Aug 24, 2013 6:12:47 PM org.apache.catalina.realm.LockOutRealm authenticate
WARNING: An attempt was made to authenticate the locked user "role1"
Aug 24, 2013 6:12:47 PM org.apache.catalina.realm.LockOutRealm authenticate
WARNING: An attempt was made to authenticate the locked user "role1"
Aug 24, 2013 6:12:47 PM org.apache.catalina.realm.LockOutRealm authenticate
WARNING: An attempt was made to authenticate the locked user "role1"
Aug 24, 2013 6:12:47 PM org.apache.catalina.realm.LockOutRealm authenticate
WARNING: An attempt was made to authenticate the locked user "role1"
Aug 24, 2013 6:12:47 PM org.apache.catalina.realm.LockOutRealm authenticate
WARNING: An attempt was made to authenticate the locked user "role1"
Aug 24, 2013 6:12:47 PM org.apache.catalina.realm.LockOutRealm authenticate
WARNING: An attempt was made to authenticate the locked user "role1"
Aug 24, 2013 6:12:47 PM org.apache.catalina.realm.LockOutRealm authenticate
WARNING: An attempt was made to authenticate the locked user "role1"
Aug 24, 2013 6:12:47 PM org.apache.catalina.realm.LockOutRealm authenticate
WARNING: An attempt was made to authenticate the locked user "role1"
Aug 24, 2013 6:12:47 PM org.apache.catalina.realm.LockOutRealm authenticate
WARNING: An attempt was made to authenticate the locked user "role1"
Aug 24, 2013 6:12:48 PM org.apache.catalina.realm.LockOutRealm authenticate
WARNING: An attempt was made to authenticate the locked user "role1"
Aug 24, 2013 6:12:48 PM org.apache.catalina.realm.LockOutRealm authenticate
WARNING: An attempt was made to authenticate the locked user "role1"
Aug 24, 2013 6:12:48 PM org.apache.catalina.realm.LockOutRealm authenticate
WARNING: An attempt was made to authenticate the locked user "role1"
Aug 24, 2013 6:12:48 PM org.apache.catalina.realm.LockOutRealm authenticate
WARNING: An attempt was made to authenticate the locked user "role1"
Aug 24, 2013 6:12:48 PM org.apache.catalina.realm.LockOutRealm authenticate
WARNING: An attempt was made to authenticate the locked user "role1"
Aug 24, 2013 6:12:48 PM org.apache.catalina.realm.LockOutRealm authenticate
WARNING: An attempt was made to authenticate the locked user "role1"
Aug 24, 2013 6:12:48 PM org.apache.catalina.realm.LockOutRealm authenticate
WARNING: An attempt was made to authenticate the locked user "role1"
Aug 24, 2013 6:12:48 PM org.apache.catalina.realm.LockOutRealm authenticate
WARNING: An attempt was made to authenticate the locked user "role1"
Aug 24, 2013 6:12:48 PM org.apache.catalina.realm.LockOutRealm authenticate
WARNING: An attempt was made to authenticate the locked user "role1"
Aug 24, 2013 6:12:48 PM org.apache.catalina.realm.LockOutRealm authenticate
WARNING: An attempt was made to authenticate the locked user "role1"
Aug 24, 2013 6:12:49 PM org.apache.catalina.realm.LockOutRealm authenticate
WARNING: An attempt was made to authenticate the locked user "role1"
Aug 24, 2013 6:12:49 PM org.apache.catalina.realm.LockOutRealm authenticate
WARNING: An attempt was made to authenticate the locked user "role1"
Aug 24, 2013 6:12:49 PM org.apache.catalina.realm.LockOutRealm authenticate
WARNING: An attempt was made to authenticate the locked user "role1"
Aug 24, 2013 6:12:49 PM org.apache.catalina.realm.LockOutRealm authenticate
WARNING: An attempt was made to authenticate the locked user "role1"
Aug 24, 2013 6:12:49 PM org.apache.catalina.realm.LockOutRealm authenticate
WARNING: An attempt was made to authenticate the locked user "role1"
Aug 24, 2013 6:12:50 PM org.apache.catalina.realm.LockOutRealm authenticate
WARNING: An attempt was made to authenticate the locked user "both"
Aug 24, 2013 6:12:50 PM org.apache.catalina.realm.LockOutRealm authenticate
WARNING: An attempt was made to authenticate the locked user "both"
Aug 24, 2013 6:12:50 PM org.apache.catalina.realm.LockOutRealm authenticate
WARNING: An attempt was made to authenticate the locked user "both"
Aug 24, 2013 6:12:50 PM org.apache.catalina.realm.LockOutRealm authenticate
WARNING: An attempt was made to authenticate the locked user "both"
Aug 24, 2013 6:12:50 PM org.apache.catalina.realm.LockOutRealm authenticate
WARNING: An attempt was made to authenticate the locked user "both"
Aug 24, 2013 6:12:50 PM org.apache.catalina.realm.LockOutRealm authenticate
WARNING: An attempt was made to authenticate the locked user "both"
Aug 24, 2013 6:12:50 PM org.apache.catalina.realm.LockOutRealm authenticate
WARNING: An attempt was made to authenticate the locked user "both"
Aug 24, 2013 6:12:50 PM org.apache.catalina.realm.LockOutRealm authenticate
WARNING: An attempt was made to authenticate the locked user "both"
Aug 24, 2013 6:12:50 PM org.apache.catalina.realm.LockOutRealm authenticate
WARNING: An attempt was made to authenticate the locked user "both"
Aug 24, 2013 6:12:50 PM org.apache.catalina.realm.LockOutRealm authenticate
WARNING: An attempt was made to authenticate the locked user "both"
Aug 24, 2013 6:12:51 PM org.apache.catalina.realm.LockOutRealm authenticate
WARNING: An attempt was made to authenticate the locked user "both"
Aug 24, 2013 6:12:51 PM org.apache.catalina.realm.LockOutRealm authenticate
WARNING: An attempt was made to authenticate the locked user "both"
Aug 24, 2013 6:12:51 PM org.apache.catalina.realm.LockOutRealm authenticate
WARNING: An attempt was made to authenticate the locked user "both"
Aug 24, 2013 6:12:51 PM org.apache.catalina.realm.LockOutRealm authenticate
WARNING: An attempt was made to authenticate the locked user "both"
Aug 24, 2013 6:12:51 PM org.apache.catalina.realm.LockOutRealm authenticate
WARNING: An attempt was made to authenticate the locked user "both"
Aug 24, 2013 6:12:51 PM org.apache.catalina.realm.LockOutRealm authenticate
WARNING: An attempt was made to authenticate the locked user "both"
Aug 24, 2013 6:12:51 PM org.apache.catalina.realm.LockOutRealm authenticate
WARNING: An attempt was made to authenticate the locked user "both"
Aug 24, 2013 6:12:51 PM org.apache.catalina.realm.LockOutRealm authenticate
WARNING: An attempt was made to authenticate the locked user "both"
Aug 24, 2013 6:12:51 PM org.apache.catalina.realm.LockOutRealm authenticate
WARNING: An attempt was made to authenticate the locked user "both"
Aug 24, 2013 6:12:51 PM org.apache.catalina.realm.LockOutRealm authenticate
WARNING: An attempt was made to authenticate the locked user "both"
Aug 24, 2013 6:12:52 PM org.apache.catalina.realm.LockOutRealm authenticate
WARNING: An attempt was made to authenticate the locked user "both"
Aug 24, 2013 6:12:52 PM org.apache.catalina.realm.LockOutRealm authenticate
WARNING: An attempt was made to authenticate the locked user "both"
Aug 24, 2013 6:12:52 PM org.apache.catalina.realm.LockOutRealm authenticate
WARNING: An attempt was made to authenticate the locked user "both"
Aug 24, 2013 6:12:52 PM org.apache.catalina.realm.LockOutRealm authenticate
WARNING: An attempt was made to authenticate the locked user "both"
Aug 24, 2013 6:12:52 PM org.apache.catalina.realm.LockOutRealm authenticate
WARNING: An attempt was made to authenticate the locked user "both"
Aug 24, 2013 6:12:52 PM org.apache.catalina.realm.LockOutRealm authenticate
WARNING: An attempt was made to authenticate the locked user "both"
Aug 24, 2013 6:12:52 PM org.apache.catalina.realm.LockOutRealm authenticate
WARNING: An attempt was made to authenticate the locked user "both"
Aug 24, 2013 6:12:52 PM org.apache.catalina.realm.LockOutRealm authenticate
WARNING: An attempt was made to authenticate the locked user "both"
Aug 24, 2013 6:12:52 PM org.apache.catalina.realm.LockOutRealm authenticate
WARNING: An attempt was made to authenticate the locked user "both"
Aug 24, 2013 6:12:53 PM org.apache.catalina.realm.LockOutRealm authenticate
WARNING: An attempt was made to authenticate the locked user "both"
Aug 24, 2013 6:12:53 PM org.apache.catalina.realm.LockOutRealm authenticate
WARNING: An attempt was made to authenticate the locked user "both"
Aug 24, 2013 6:12:53 PM org.apache.catalina.realm.LockOutRealm authenticate
WARNING: An attempt was made to authenticate the locked user "both"
Aug 24, 2013 6:12:53 PM org.apache.catalina.realm.LockOutRealm authenticate
WARNING: An attempt was made to authenticate the locked user "both"
Aug 24, 2013 6:12:53 PM org.apache.catalina.realm.LockOutRealm authenticate
WARNING: An attempt was made to authenticate the locked user "both"
Aug 24, 2013 6:12:53 PM org.apache.catalina.realm.LockOutRealm authenticate
WARNING: An attempt was made to authenticate the locked user "both"
Aug 24, 2013 6:12:53 PM org.apache.catalina.realm.LockOutRealm authenticate
WARNING: An attempt was made to authenticate the locked user "both"
Aug 24, 2013 6:12:53 PM org.apache.catalina.realm.LockOutRealm authenticate
WARNING: An attempt was made to authenticate the locked user "both"
Aug 24, 2013 6:12:53 PM org.apache.catalina.realm.LockOutRealm authenticate
WARNING: An attempt was made to authenticate the locked user "both"
Aug 24, 2013 6:12:54 PM org.apache.catalina.realm.LockOutRealm authenticate
WARNING: An attempt was made to authenticate the locked user "both"
Aug 24, 2013 6:12:54 PM org.apache.catalina.realm.LockOutRealm authenticate
WARNING: An attempt was made to authenticate the locked user "both"
Aug 24, 2013 6:12:54 PM org.apache.catalina.realm.LockOutRealm authenticate
WARNING: An attempt was made to authenticate the locked user "both"
Aug 24, 2013 6:12:54 PM org.apache.catalina.realm.LockOutRealm authenticate
WARNING: An attempt was made to authenticate the locked user "both"
Aug 24, 2013 6:12:54 PM org.apache.catalina.realm.LockOutRealm authenticate
WARNING: An attempt was made to authenticate the locked user "both"
Aug 24, 2013 6:12:54 PM org.apache.catalina.realm.LockOutRealm authenticate
WARNING: An attempt was made to authenticate the locked user "both"
Aug 24, 2013 6:12:54 PM org.apache.catalina.realm.LockOutRealm authenticate
WARNING: An attempt was made to authenticate the locked user "both"
Aug 24, 2013 6:12:54 PM org.apache.catalina.realm.LockOutRealm authenticate
WARNING: An attempt was made to authenticate the locked user "both"
Aug 24, 2013 6:12:54 PM org.apache.catalina.realm.LockOutRealm authenticate
WARNING: An attempt was made to authenticate the locked user "both"
Aug 24, 2013 6:12:54 PM org.apache.catalina.realm.LockOutRealm authenticate
WARNING: An attempt was made to authenticate the locked user "both"
Aug 24, 2013 6:12:54 PM org.apache.catalina.realm.LockOutRealm authenticate
WARNING: An attempt was made to authenticate the locked user "both"
Aug 24, 2013 6:12:55 PM org.apache.catalina.realm.LockOutRealm authenticate
WARNING: An attempt was made to authenticate the locked user "both"
Aug 24, 2013 6:12:55 PM org.apache.catalina.realm.LockOutRealm authenticate
WARNING: An attempt was made to authenticate the locked user "both"
Aug 24, 2013 6:12:55 PM org.apache.catalina.realm.LockOutRealm authenticate
WARNING: An attempt was made to authenticate the locked user "both"
Aug 24, 2013 6:12:55 PM org.apache.catalina.realm.LockOutRealm authenticate
WARNING: An attempt was made to authenticate the locked user "both"
Aug 24, 2013 10:12:45 PM org.apache.coyote.ajp.AjpMessage processHeader
SEVERE: Invalid message received with signature 18245
Aug 24, 2013 10:12:45 PM org.apache.coyote.ajp.AjpMessage processHeader
SEVERE: Invalid message received with signature 5635
Aug 24, 2013 10:12:45 PM org.apache.coyote.ajp.AjpMessage processHeader
SEVERE: Invalid message received with signature 32926
Aug 24, 2013 10:12:45 PM org.apache.coyote.ajp.AjpMessage processHeader
SEVERE: Invalid message received with signature 18245
