Aug 7, 2013 10:15:01 AM org.apache.catalina.realm.LockOutRealm authenticate
WARNING: An attempt was made to authenticate the locked user "tomcat"
Aug 7, 2013 10:15:01 AM org.apache.catalina.realm.LockOutRealm authenticate
WARNING: An attempt was made to authenticate the locked user "tomcat"
Aug 7, 2013 10:15:01 AM org.apache.catalina.realm.LockOutRealm authenticate
WARNING: An attempt was made to authenticate the locked user "tomcat"
Aug 7, 2013 10:15:01 AM org.apache.catalina.realm.LockOutRealm authenticate
WARNING: An attempt was made to authenticate the locked user "tomcat"
Aug 7, 2013 10:15:01 AM org.apache.catalina.realm.LockOutRealm authenticate
WARNING: An attempt was made to authenticate the locked user "tomcat"
Aug 7, 2013 10:15:02 AM org.apache.catalina.realm.LockOutRealm authenticate
WARNING: An attempt was made to authenticate the locked user "tomcat"
Aug 7, 2013 10:15:02 AM org.apache.catalina.realm.LockOutRealm authenticate
WARNING: An attempt was made to authenticate the locked user "tomcat"
Aug 7, 2013 10:15:02 AM org.apache.catalina.realm.LockOutRealm authenticate
WARNING: An attempt was made to authenticate the locked user "tomcat"
Aug 7, 2013 10:15:02 AM org.apache.catalina.realm.LockOutRealm authenticate
WARNING: An attempt was made to authenticate the locked user "tomcat"
Aug 7, 2013 10:15:02 AM org.apache.catalina.realm.LockOutRealm authenticate
WARNING: An attempt was made to authenticate the locked user "tomcat"
Aug 7, 2013 10:15:02 AM org.apache.catalina.realm.LockOutRealm authenticate
WARNING: An attempt was made to authenticate the locked user "tomcat"
Aug 7, 2013 10:15:02 AM org.apache.catalina.realm.LockOutRealm authenticate
WARNING: An attempt was made to authenticate the locked user "tomcat"
Aug 7, 2013 10:15:02 AM org.apache.catalina.realm.LockOutRealm authenticate
WARNING: An attempt was made to authenticate the locked user "tomcat"
Aug 7, 2013 10:15:02 AM org.apache.catalina.realm.LockOutRealm authenticate
WARNING: An attempt was made to authenticate the locked user "tomcat"
Aug 7, 2013 10:15:02 AM org.apache.catalina.realm.LockOutRealm authenticate
WARNING: An attempt was made to authenticate the locked user "tomcat"
Aug 7, 2013 10:15:02 AM org.apache.catalina.realm.LockOutRealm authenticate
WARNING: An attempt was made to authenticate the locked user "tomcat"
Aug 7, 2013 10:15:02 AM org.apache.catalina.realm.LockOutRealm authenticate
WARNING: An attempt was made to authenticate the locked user "tomcat"
Aug 7, 2013 10:15:02 AM org.apache.catalina.realm.LockOutRealm authenticate
WARNING: An attempt was made to authenticate the locked user "tomcat"
Aug 7, 2013 10:15:02 AM org.apache.catalina.realm.LockOutRealm authenticate
WARNING: An attempt was made to authenticate the locked user "tomcat"
Aug 7, 2013 10:15:02 AM org.apache.catalina.realm.LockOutRealm authenticate
WARNING: An attempt was made to authenticate the locked user "tomcat"
Aug 7, 2013 10:15:02 AM org.apache.catalina.realm.LockOutRealm authenticate
WARNING: An attempt was made to authenticate the locked user "tomcat"
Aug 7, 2013 10:15:02 AM org.apache.catalina.realm.LockOutRealm authenticate
WARNING: An attempt was made to authenticate the locked user "tomcat"
Aug 7, 2013 10:15:02 AM org.apache.catalina.realm.LockOutRealm authenticate
WARNING: An attempt was made to authenticate the locked user "tomcat"
Aug 7, 2013 10:15:02 AM org.apache.catalina.realm.LockOutRealm authenticate
WARNING: An attempt was made to authenticate the locked user "tomcat"
Aug 7, 2013 10:15:02 AM org.apache.catalina.realm.LockOutRealm authenticate
WARNING: An attempt was made to authenticate the locked user "tomcat"
Aug 7, 2013 10:15:02 AM org.apache.catalina.realm.LockOutRealm authenticate
WARNING: An attempt was made to authenticate the locked user "admin"
Aug 7, 2013 10:15:02 AM org.apache.catalina.realm.LockOutRealm authenticate
WARNING: An attempt was made to authenticate the locked user "admin"
Aug 7, 2013 10:15:02 AM org.apache.catalina.realm.LockOutRealm authenticate
WARNING: An attempt was made to authenticate the locked user "admin"
Aug 7, 2013 10:15:03 AM org.apache.catalina.realm.LockOutRealm authenticate
WARNING: An attempt was made to authenticate the locked user "admin"
Aug 7, 2013 10:15:03 AM org.apache.catalina.realm.LockOutRealm authenticate
WARNING: An attempt was made to authenticate the locked user "admin"
Aug 7, 2013 10:15:03 AM org.apache.catalina.realm.LockOutRealm authenticate
WARNING: An attempt was made to authenticate the locked user "admin"
Aug 7, 2013 10:15:03 AM org.apache.catalina.realm.LockOutRealm authenticate
WARNING: An attempt was made to authenticate the locked user "admin"
Aug 7, 2013 10:15:03 AM org.apache.catalina.realm.LockOutRealm authenticate
WARNING: An attempt was made to authenticate the locked user "admin"
Aug 7, 2013 10:15:03 AM org.apache.catalina.realm.LockOutRealm authenticate
WARNING: An attempt was made to authenticate the locked user "admin"
Aug 7, 2013 10:15:03 AM org.apache.catalina.realm.LockOutRealm authenticate
WARNING: An attempt was made to authenticate the locked user "admin"
Aug 7, 2013 10:15:03 AM org.apache.catalina.realm.LockOutRealm authenticate
WARNING: An attempt was made to authenticate the locked user "admin"
Aug 7, 2013 10:15:03 AM org.apache.catalina.realm.LockOutRealm authenticate
WARNING: An attempt was made to authenticate the locked user "admin"
Aug 7, 2013 10:15:03 AM org.apache.catalina.realm.LockOutRealm authenticate
WARNING: An attempt was made to authenticate the locked user "admin"
Aug 7, 2013 10:15:03 AM org.apache.catalina.realm.LockOutRealm authenticate
WARNING: An attempt was made to authenticate the locked user "admin"
Aug 7, 2013 10:15:03 AM org.apache.catalina.realm.LockOutRealm authenticate
WARNING: An attempt was made to authenticate the locked user "admin"
Aug 7, 2013 10:15:03 AM org.apache.catalina.realm.LockOutRealm authenticate
WARNING: An attempt was made to authenticate the locked user "admin"
Aug 7, 2013 10:15:03 AM org.apache.catalina.realm.LockOutRealm authenticate
WARNING: An attempt was made to authenticate the locked user "admin"
Aug 7, 2013 10:15:03 AM org.apache.catalina.realm.LockOutRealm authenticate
WARNING: An attempt was made to authenticate the locked user "admin"
Aug 7, 2013 10:15:03 AM org.apache.catalina.realm.LockOutRealm authenticate
WARNING: An attempt was made to authenticate the locked user "admin"
Aug 7, 2013 10:15:03 AM org.apache.catalina.realm.LockOutRealm authenticate
WARNING: An attempt was made to authenticate the locked user "admin"
Aug 7, 2013 10:15:03 AM org.apache.catalina.realm.LockOutRealm authenticate
WARNING: An attempt was made to authenticate the locked user "admin"
Aug 7, 2013 10:15:03 AM org.apache.catalina.realm.LockOutRealm authenticate
WARNING: An attempt was made to authenticate the locked user "admin"
Aug 7, 2013 10:15:03 AM org.apache.catalina.realm.LockOutRealm authenticate
WARNING: An attempt was made to authenticate the locked user "admin"
Aug 7, 2013 10:15:03 AM org.apache.catalina.realm.LockOutRealm authenticate
WARNING: An attempt was made to authenticate the locked user "admin"
Aug 7, 2013 10:15:03 AM org.apache.catalina.realm.LockOutRealm authenticate
WARNING: An attempt was made to authenticate the locked user "admin"
Aug 7, 2013 10:15:03 AM org.apache.catalina.realm.LockOutRealm authenticate
WARNING: An attempt was made to authenticate the locked user "manager"
Aug 7, 2013 10:15:03 AM org.apache.catalina.realm.LockOutRealm authenticate
WARNING: An attempt was made to authenticate the locked user "manager"
Aug 7, 2013 10:15:03 AM org.apache.catalina.realm.LockOutRealm authenticate
WARNING: An attempt was made to authenticate the locked user "manager"
Aug 7, 2013 10:15:03 AM org.apache.catalina.realm.LockOutRealm authenticate
WARNING: An attempt was made to authenticate the locked user "manager"
Aug 7, 2013 10:15:04 AM org.apache.catalina.realm.LockOutRealm authenticate
WARNING: An attempt was made to authenticate the locked user "manager"
Aug 7, 2013 10:15:04 AM org.apache.catalina.realm.LockOutRealm authenticate
WARNING: An attempt was made to authenticate the locked user "manager"
Aug 7, 2013 10:15:04 AM org.apache.catalina.realm.LockOutRealm authenticate
WARNING: An attempt was made to authenticate the locked user "manager"
Aug 7, 2013 10:15:04 AM org.apache.catalina.realm.LockOutRealm authenticate
WARNING: An attempt was made to authenticate the locked user "manager"
Aug 7, 2013 10:15:04 AM org.apache.catalina.realm.LockOutRealm authenticate
WARNING: An attempt was made to authenticate the locked user "manager"
Aug 7, 2013 10:15:04 AM org.apache.catalina.realm.LockOutRealm authenticate
WARNING: An attempt was made to authenticate the locked user "manager"
Aug 7, 2013 10:15:04 AM org.apache.catalina.realm.LockOutRealm authenticate
WARNING: An attempt was made to authenticate the locked user "manager"
Aug 7, 2013 10:15:04 AM org.apache.catalina.realm.LockOutRealm authenticate
WARNING: An attempt was made to authenticate the locked user "manager"
Aug 7, 2013 10:15:04 AM org.apache.catalina.realm.LockOutRealm authenticate
WARNING: An attempt was made to authenticate the locked user "manager"
Aug 7, 2013 10:15:04 AM org.apache.catalina.realm.LockOutRealm authenticate
WARNING: An attempt was made to authenticate the locked user "manager"
Aug 7, 2013 10:15:04 AM org.apache.catalina.realm.LockOutRealm authenticate
WARNING: An attempt was made to authenticate the locked user "manager"
Aug 7, 2013 10:15:04 AM org.apache.catalina.realm.LockOutRealm authenticate
WARNING: An attempt was made to authenticate the locked user "manager"
Aug 7, 2013 10:15:04 AM org.apache.catalina.realm.LockOutRealm authenticate
WARNING: An attempt was made to authenticate the locked user "manager"
Aug 7, 2013 10:15:04 AM org.apache.catalina.realm.LockOutRealm authenticate
WARNING: An attempt was made to authenticate the locked user "manager"
Aug 7, 2013 10:15:04 AM org.apache.catalina.realm.LockOutRealm authenticate
WARNING: An attempt was made to authenticate the locked user "manager"
Aug 7, 2013 10:15:04 AM org.apache.catalina.realm.LockOutRealm authenticate
WARNING: An attempt was made to authenticate the locked user "manager"
Aug 7, 2013 10:15:04 AM org.apache.catalina.realm.LockOutRealm authenticate
WARNING: An attempt was made to authenticate the locked user "manager"
Aug 7, 2013 10:15:04 AM org.apache.catalina.realm.LockOutRealm authenticate
WARNING: An attempt was made to authenticate the locked user "manager"
Aug 7, 2013 10:15:04 AM org.apache.catalina.realm.LockOutRealm authenticate
WARNING: An attempt was made to authenticate the locked user "manager"
Aug 7, 2013 10:15:04 AM org.apache.catalina.realm.LockOutRealm authenticate
WARNING: An attempt was made to authenticate the locked user "manager"
Aug 7, 2013 10:15:04 AM org.apache.catalina.realm.LockOutRealm authenticate
WARNING: An attempt was made to authenticate the locked user "manager"
Aug 7, 2013 10:15:04 AM org.apache.catalina.realm.LockOutRealm authenticate
WARNING: An attempt was made to authenticate the locked user "user"
Aug 7, 2013 10:15:04 AM org.apache.catalina.realm.LockOutRealm authenticate
WARNING: An attempt was made to authenticate the locked user "user"
Aug 7, 2013 10:15:04 AM org.apache.catalina.realm.LockOutRealm authenticate
WARNING: An attempt was made to authenticate the locked user "user"
Aug 7, 2013 10:15:04 AM org.apache.catalina.realm.LockOutRealm authenticate
WARNING: An attempt was made to authenticate the locked user "user"
Aug 7, 2013 10:15:04 AM org.apache.catalina.realm.LockOutRealm authenticate
WARNING: An attempt was made to authenticate the locked user "user"
Aug 7, 2013 10:15:04 AM org.apache.catalina.realm.LockOutRealm authenticate
WARNING: An attempt was made to authenticate the locked user "user"
Aug 7, 2013 10:15:04 AM org.apache.catalina.realm.LockOutRealm authenticate
WARNING: An attempt was made to authenticate the locked user "user"
Aug 7, 2013 10:15:05 AM org.apache.catalina.realm.LockOutRealm authenticate
WARNING: An attempt was made to authenticate the locked user "user"
Aug 7, 2013 10:15:05 AM org.apache.catalina.realm.LockOutRealm authenticate
WARNING: An attempt was made to authenticate the locked user "user"
Aug 7, 2013 10:15:05 AM org.apache.catalina.realm.LockOutRealm authenticate
WARNING: An attempt was made to authenticate the locked user "user"
Aug 7, 2013 10:15:05 AM org.apache.catalina.realm.LockOutRealm authenticate
WARNING: An attempt was made to authenticate the locked user "user"
Aug 7, 2013 10:15:05 AM org.apache.catalina.realm.LockOutRealm authenticate
WARNING: An attempt was made to authenticate the locked user "user"
Aug 7, 2013 10:15:05 AM org.apache.catalina.realm.LockOutRealm authenticate
WARNING: An attempt was made to authenticate the locked user "user"
Aug 7, 2013 10:15:05 AM org.apache.catalina.realm.LockOutRealm authenticate
WARNING: An attempt was made to authenticate the locked user "user"
Aug 7, 2013 10:15:05 AM org.apache.catalina.realm.LockOutRealm authenticate
WARNING: An attempt was made to authenticate the locked user "user"
Aug 7, 2013 10:15:05 AM org.apache.catalina.realm.LockOutRealm authenticate
WARNING: An attempt was made to authenticate the locked user "user"
Aug 7, 2013 10:15:05 AM org.apache.catalina.realm.LockOutRealm authenticate
WARNING: An attempt was made to authenticate the locked user "user"
Aug 7, 2013 10:15:05 AM org.apache.catalina.realm.LockOutRealm authenticate
WARNING: An attempt was made to authenticate the locked user "user"
Aug 7, 2013 10:15:05 AM org.apache.catalina.realm.LockOutRealm authenticate
WARNING: An attempt was made to authenticate the locked user "user"
Aug 7, 2013 10:15:05 AM org.apache.catalina.realm.LockOutRealm authenticate
WARNING: An attempt was made to authenticate the locked user "user"
Aug 7, 2013 10:15:05 AM org.apache.catalina.realm.LockOutRealm authenticate
WARNING: An attempt was made to authenticate the locked user "user"
Aug 7, 2013 10:15:05 AM org.apache.catalina.realm.LockOutRealm authenticate
WARNING: An attempt was made to authenticate the locked user "user"
Aug 7, 2013 10:15:05 AM org.apache.catalina.realm.LockOutRealm authenticate
WARNING: An attempt was made to authenticate the locked user "user"
Aug 7, 2013 10:15:05 AM org.apache.catalina.realm.LockOutRealm authenticate
WARNING: An attempt was made to authenticate the locked user "user"
Aug 7, 2013 10:15:05 AM org.apache.catalina.realm.LockOutRealm authenticate
WARNING: An attempt was made to authenticate the locked user "user"
Aug 7, 2013 10:15:05 AM org.apache.catalina.realm.LockOutRealm authenticate
WARNING: An attempt was made to authenticate the locked user "root"
Aug 7, 2013 10:15:05 AM org.apache.catalina.realm.LockOutRealm authenticate
WARNING: An attempt was made to authenticate the locked user "root"
Aug 7, 2013 10:15:05 AM org.apache.catalina.realm.LockOutRealm authenticate
WARNING: An attempt was made to authenticate the locked user "root"
Aug 7, 2013 10:15:05 AM org.apache.catalina.realm.LockOutRealm authenticate
WARNING: An attempt was made to authenticate the locked user "root"
Aug 7, 2013 10:15:05 AM org.apache.catalina.realm.LockOutRealm authenticate
WARNING: An attempt was made to authenticate the locked user "root"
Aug 7, 2013 10:15:05 AM org.apache.catalina.realm.LockOutRealm authenticate
WARNING: An attempt was made to authenticate the locked user "root"
Aug 7, 2013 10:15:05 AM org.apache.catalina.realm.LockOutRealm authenticate
WARNING: An attempt was made to authenticate the locked user "root"
Aug 7, 2013 10:15:05 AM org.apache.catalina.realm.LockOutRealm authenticate
WARNING: An attempt was made to authenticate the locked user "root"
Aug 7, 2013 10:15:05 AM org.apache.catalina.realm.LockOutRealm authenticate
WARNING: An attempt was made to authenticate the locked user "root"
Aug 7, 2013 10:15:05 AM org.apache.catalina.realm.LockOutRealm authenticate
WARNING: An attempt was made to authenticate the locked user "root"
Aug 7, 2013 10:15:06 AM org.apache.catalina.realm.LockOutRealm authenticate
WARNING: An attempt was made to authenticate the locked user "root"
Aug 7, 2013 10:15:06 AM org.apache.catalina.realm.LockOutRealm authenticate
WARNING: An attempt was made to authenticate the locked user "root"
Aug 7, 2013 10:15:06 AM org.apache.catalina.realm.LockOutRealm authenticate
WARNING: An attempt was made to authenticate the locked user "root"
Aug 7, 2013 10:15:06 AM org.apache.catalina.realm.LockOutRealm authenticate
WARNING: An attempt was made to authenticate the locked user "root"
Aug 7, 2013 10:15:06 AM org.apache.catalina.realm.LockOutRealm authenticate
WARNING: An attempt was made to authenticate the locked user "root"
Aug 7, 2013 10:15:06 AM org.apache.catalina.realm.LockOutRealm authenticate
WARNING: An attempt was made to authenticate the locked user "root"
Aug 7, 2013 10:15:06 AM org.apache.catalina.realm.LockOutRealm authenticate
WARNING: An attempt was made to authenticate the locked user "root"
Aug 7, 2013 10:15:06 AM org.apache.catalina.realm.LockOutRealm authenticate
WARNING: An attempt was made to authenticate the locked user "root"
Aug 7, 2013 10:15:06 AM org.apache.catalina.realm.LockOutRealm authenticate
WARNING: An attempt was made to authenticate the locked user "root"
Aug 7, 2013 10:15:06 AM org.apache.catalina.realm.LockOutRealm authenticate
WARNING: An attempt was made to authenticate the locked user "root"
Aug 7, 2013 10:15:06 AM org.apache.catalina.realm.LockOutRealm authenticate
WARNING: An attempt was made to authenticate the locked user "root"
Aug 7, 2013 10:15:06 AM org.apache.catalina.realm.LockOutRealm authenticate
WARNING: An attempt was made to authenticate the locked user "root"
Aug 7, 2013 10:15:06 AM org.apache.catalina.realm.LockOutRealm authenticate
WARNING: An attempt was made to authenticate the locked user "root"
Aug 7, 2013 10:15:06 AM org.apache.catalina.realm.LockOutRealm authenticate
WARNING: An attempt was made to authenticate the locked user "root"
Aug 7, 2013 10:15:06 AM org.apache.catalina.realm.LockOutRealm authenticate
WARNING: An attempt was made to authenticate the locked user "root"
Aug 7, 2013 10:15:06 AM org.apache.catalina.realm.LockOutRealm authenticate
WARNING: An attempt was made to authenticate the locked user "role1"
Aug 7, 2013 10:15:06 AM org.apache.catalina.realm.LockOutRealm authenticate
WARNING: An attempt was made to authenticate the locked user "role1"
Aug 7, 2013 10:15:06 AM org.apache.catalina.realm.LockOutRealm authenticate
WARNING: An attempt was made to authenticate the locked user "role1"
Aug 7, 2013 10:15:06 AM org.apache.catalina.realm.LockOutRealm authenticate
WARNING: An attempt was made to authenticate the locked user "role1"
Aug 7, 2013 10:15:06 AM org.apache.catalina.realm.LockOutRealm authenticate
WARNING: An attempt was made to authenticate the locked user "role1"
Aug 7, 2013 10:15:06 AM org.apache.catalina.realm.LockOutRealm authenticate
WARNING: An attempt was made to authenticate the locked user "role1"
Aug 7, 2013 10:15:07 AM org.apache.catalina.realm.LockOutRealm authenticate
WARNING: An attempt was made to authenticate the locked user "role1"
Aug 7, 2013 10:15:07 AM org.apache.catalina.realm.LockOutRealm authenticate
WARNING: An attempt was made to authenticate the locked user "role1"
Aug 7, 2013 10:15:07 AM org.apache.catalina.realm.LockOutRealm authenticate
WARNING: An attempt was made to authenticate the locked user "role1"
Aug 7, 2013 10:15:07 AM org.apache.catalina.realm.LockOutRealm authenticate
WARNING: An attempt was made to authenticate the locked user "role1"
Aug 7, 2013 10:15:07 AM org.apache.catalina.realm.LockOutRealm authenticate
WARNING: An attempt was made to authenticate the locked user "role1"
Aug 7, 2013 10:15:07 AM org.apache.catalina.realm.LockOutRealm authenticate
WARNING: An attempt was made to authenticate the locked user "role1"
Aug 7, 2013 10:15:07 AM org.apache.catalina.realm.LockOutRealm authenticate
WARNING: An attempt was made to authenticate the locked user "role1"
Aug 7, 2013 10:15:07 AM org.apache.catalina.realm.LockOutRealm authenticate
WARNING: An attempt was made to authenticate the locked user "role1"
Aug 7, 2013 10:15:07 AM org.apache.catalina.realm.LockOutRealm authenticate
WARNING: An attempt was made to authenticate the locked user "role1"
Aug 7, 2013 10:15:07 AM org.apache.catalina.realm.LockOutRealm authenticate
WARNING: An attempt was made to authenticate the locked user "role1"
Aug 7, 2013 10:15:07 AM org.apache.catalina.realm.LockOutRealm authenticate
WARNING: An attempt was made to authenticate the locked user "role1"
Aug 7, 2013 10:15:07 AM org.apache.catalina.realm.LockOutRealm authenticate
WARNING: An attempt was made to authenticate the locked user "role1"
Aug 7, 2013 10:15:07 AM org.apache.catalina.realm.LockOutRealm authenticate
WARNING: An attempt was made to authenticate the locked user "role1"
Aug 7, 2013 10:15:07 AM org.apache.catalina.realm.LockOutRealm authenticate
WARNING: An attempt was made to authenticate the locked user "role1"
Aug 7, 2013 10:15:07 AM org.apache.catalina.realm.LockOutRealm authenticate
WARNING: An attempt was made to authenticate the locked user "role1"
Aug 7, 2013 10:15:07 AM org.apache.catalina.realm.LockOutRealm authenticate
WARNING: An attempt was made to authenticate the locked user "role1"
Aug 7, 2013 10:15:07 AM org.apache.catalina.realm.LockOutRealm authenticate
WARNING: An attempt was made to authenticate the locked user "role1"
Aug 7, 2013 10:15:07 AM org.apache.catalina.realm.LockOutRealm authenticate
WARNING: An attempt was made to authenticate the locked user "role1"
Aug 7, 2013 10:15:07 AM org.apache.catalina.realm.LockOutRealm authenticate
WARNING: An attempt was made to authenticate the locked user "role1"
Aug 7, 2013 10:15:07 AM org.apache.catalina.realm.LockOutRealm authenticate
WARNING: An attempt was made to authenticate the locked user "both"
Aug 7, 2013 10:15:07 AM org.apache.catalina.realm.LockOutRealm authenticate
WARNING: An attempt was made to authenticate the locked user "both"
Aug 7, 2013 10:15:08 AM org.apache.catalina.realm.LockOutRealm authenticate
WARNING: An attempt was made to authenticate the locked user "both"
Aug 7, 2013 10:15:08 AM org.apache.catalina.realm.LockOutRealm authenticate
WARNING: An attempt was made to authenticate the locked user "both"
Aug 7, 2013 10:15:08 AM org.apache.catalina.realm.LockOutRealm authenticate
WARNING: An attempt was made to authenticate the locked user "both"
Aug 7, 2013 10:15:08 AM org.apache.catalina.realm.LockOutRealm authenticate
WARNING: An attempt was made to authenticate the locked user "both"
Aug 7, 2013 10:15:08 AM org.apache.catalina.realm.LockOutRealm authenticate
WARNING: An attempt was made to authenticate the locked user "both"
Aug 7, 2013 10:15:08 AM org.apache.catalina.realm.LockOutRealm authenticate
WARNING: An attempt was made to authenticate the locked user "both"
Aug 7, 2013 10:15:08 AM org.apache.catalina.realm.LockOutRealm authenticate
WARNING: An attempt was made to authenticate the locked user "both"
Aug 7, 2013 10:15:08 AM org.apache.catalina.realm.LockOutRealm authenticate
WARNING: An attempt was made to authenticate the locked user "both"
Aug 7, 2013 10:15:08 AM org.apache.catalina.realm.LockOutRealm authenticate
WARNING: An attempt was made to authenticate the locked user "both"
Aug 7, 2013 10:15:08 AM org.apache.catalina.realm.LockOutRealm authenticate
WARNING: An attempt was made to authenticate the locked user "both"
Aug 7, 2013 10:15:08 AM org.apache.catalina.realm.LockOutRealm authenticate
WARNING: An attempt was made to authenticate the locked user "both"
Aug 7, 2013 10:15:08 AM org.apache.catalina.realm.LockOutRealm authenticate
WARNING: An attempt was made to authenticate the locked user "both"
Aug 7, 2013 10:15:08 AM org.apache.catalina.realm.LockOutRealm authenticate
WARNING: An attempt was made to authenticate the locked user "both"
Aug 7, 2013 10:15:08 AM org.apache.catalina.realm.LockOutRealm authenticate
WARNING: An attempt was made to authenticate the locked user "both"
Aug 7, 2013 10:15:08 AM org.apache.catalina.realm.LockOutRealm authenticate
WARNING: An attempt was made to authenticate the locked user "both"
Aug 7, 2013 10:15:08 AM org.apache.catalina.realm.LockOutRealm authenticate
WARNING: An attempt was made to authenticate the locked user "both"
Aug 7, 2013 10:15:08 AM org.apache.catalina.realm.LockOutRealm authenticate
WARNING: An attempt was made to authenticate the locked user "both"
Aug 7, 2013 10:15:08 AM org.apache.catalina.realm.LockOutRealm authenticate
WARNING: An attempt was made to authenticate the locked user "both"
Aug 7, 2013 10:15:08 AM org.apache.catalina.realm.LockOutRealm authenticate
WARNING: An attempt was made to authenticate the locked user "both"
Aug 7, 2013 10:15:08 AM org.apache.catalina.realm.LockOutRealm authenticate
WARNING: An attempt was made to authenticate the locked user "both"
Aug 7, 2013 10:15:08 AM org.apache.catalina.realm.LockOutRealm authenticate
WARNING: An attempt was made to authenticate the locked user "both"
Aug 7, 2013 10:15:08 AM org.apache.catalina.realm.LockOutRealm authenticate
WARNING: An attempt was made to authenticate the locked user "both"
Aug 7, 2013 10:15:08 AM org.apache.catalina.realm.LockOutRealm authenticate
WARNING: An attempt was made to authenticate the locked user "both"
